#
# A fatal error has been detected by the Java Runtime Environment:
#
#  SIGSEGV (0xb) at pc=0x00007f05450eef72, pid=341210, tid=341799
#
# JRE version: OpenJDK Runtime Environment (15.0) (build 15-internal+0-adhoc.jenkins.loom)
# Java VM: OpenJDK 64-Bit Server VM (15-internal+0-adhoc.jenkins.loom, mixed mode, sharing, tiered, compressed oops, g1 gc, linux-amd64)
# Problematic frame:
# V  [libjvm.so+0x745f72]  frame::sender_for_interpreter_frame(RegisterMap*) const+0x32
#
# Core dump will be written. Default location: Core dumps may be processed with "/usr/lib/systemd/systemd-coredump %P %u %g %s %t %c %h" (or dumping to /home/rm/git/com.github/io7m/loom-20200607/core.341210)
#
# If you would like to submit a bug report, please visit:
#   https://bugreport.java.com/bugreport/crash.jsp
#

---------------  S U M M A R Y ------------

Command Line: -javaagent:/usr/share/idea/lib/idea_rt.jar=36587:/usr/share/idea/bin -Dfile.encoding=UTF-8 com.io7m.loom_20200607.Main

Host: AMD Ryzen 5 3600 6-Core Processor, 12 cores, 31G, Arch Linux
Time: Sun Jun  7 20:35:17 2020 GMT elapsed time: 19.067418 seconds (0d 0h 0m 19s)

---------------  T H R E A D  ---------------

Current thread (0x00007f04fc021a30):  GCTaskThread "GC Thread#2" [stack: 0x00007f04c6ff0000,0x00007f04c70f0000] [id=341799]

Stack: [0x00007f04c6ff0000,0x00007f04c70f0000],  sp=0x00007f04c70ed970,  free space=1014k
Thread 0x00007f04fc021a30 [341799]
Native frames: (J=compiled Java code, A=aot compiled Java code, j=interpreted, Vv=VM code, C=native code)
V  [libjvm.so+0x745f72]  frame::sender_for_interpreter_frame(RegisterMap*) const+0x32
V  [libjvm.so+0x746c78]  frame frame::frame_sender<CodeCache>(RegisterMap*) const+0x348
V  [libjvm.so+0x7468f1]  frame::sender(RegisterMap*) const+0x11
V  [libjvm.so+0xf47f1f]  JavaThread::nmethods_do(CodeBlobClosure*)+0xaf
V  [libjvm.so+0xf4d6a8]  Threads::possibly_parallel_threads_do(bool, ThreadClosure*)+0xa8
V  [libjvm.so+0xd6b51b]  ParallelSPCleanupTask::work(unsigned int)+0x2b
V  [libjvm.so+0xfec0bd]  GangWorker::loop()+0x4d
V  [libjvm.so+0xf4fccf]  Thread::call_run()+0xff
V  [libjvm.so+0xca8f07]  thread_native_entry(Thread*)+0xe7


siginfo: si_signo: 11 (SIGSEGV), si_code: 1 (SEGV_MAPERR), si_addr: 0xfffffffffffffff8

Register to memory mapping:

RAX=0x00007f0528a72a29 is at code_begin+3305 in an Interpreter codelet
invoke return entry points  [0x00007f0528a71d40, 0x00007f0528a72b60]  3616 bytes
RBX=0x00007f04c70eda60 points into unknown readable memory: 10 da ef c7 04 7f 00 00
RCX=0x00007f0528a8df00 points into unknown readable memory: 09 00 00 00 00 00 00 00
RDX=0x00007f04c70edad8 points into unknown readable memory: 18 dc ff c7 04 7f 00 00
RSP=0x00007f04c70ed970 points into unknown readable memory: d0 d9 0e c7 04 7f 00 00
RBP=0x00007f04c70ed9d0 points into unknown readable memory: 30 da 0e c7 04 7f 00 00
RSI=0x00007f04c70edaa0 points into unknown readable memory: 90 94 af c7 04 7f 00 00
RDI=0x00007f04c70eda60 points into unknown readable memory: 10 da ef c7 04 7f 00 00
R8 =0x00007f0528a5c000 points into unknown readable memory: 06 00 00 00 00 00 00 00
R9 =0x00007f0546437000 points into unknown readable memory: 00 01 02 03 04 05 00 01
R10=0x0 is NULL
R11=0x0000000000000800 is an unknown value
R12=0x00007f04c70edad8 points into unknown readable memory: 18 dc ff c7 04 7f 00 00
R13=0x0 is NULL
R14=0x00007f04c70eda60 points into unknown readable memory: 10 da ef c7 04 7f 00 00
R15=0x00007f04c70edaa0 points into unknown readable memory: 90 94 af c7 04 7f 00 00


Registers:
RAX=0x00007f0528a72a29, RBX=0x00007f04c70eda60, RCX=0x00007f0528a8df00, RDX=0x00007f04c70edad8
RSP=0x00007f04c70ed970, RBP=0x00007f04c70ed9d0, RSI=0x00007f04c70edaa0, RDI=0x00007f04c70eda60
R8 =0x00007f0528a5c000, R9 =0x00007f0546437000, R10=0x0000000000000000, R11=0x0000000000000800
R12=0x00007f04c70edad8, R13=0x0000000000000000, R14=0x00007f04c70eda60, R15=0x00007f04c70edaa0
RIP=0x00007f05450eef72, EFLAGS=0x0000000000010202, CSGSFS=0x002b000000000033, ERR=0x0000000000000005
  TRAPNO=0x000000000000000e

Top of Stack: (sp=0x00007f04c70ed970)
0x00007f04c70ed970:   00007f04c70ed9d0 00007f04c7efda48
0x00007f04c70ed980:   00007f054018f108 00000000000000c2
0x00007f04c70ed990:   00007f04c7efda48 00007f0528a5c949
0x00007f04c70ed9a0:   00007f04c70ed9c0 00007f04c70eda60 

Instructions: (pc=0x00007f05450eef72)
0x00007f05450eee72:   50 00 0f 84 a6 00 00 00 48 8b 80 88 00 00 00 49
0x00007f05450eee82:   39 c5 74 16 41 83 7c 24 08 03 74 72 4d 3b ac 24
0x00007f05450eee92:   90 00 00 00 0f 85 84 00 00 00 49 8b 04 24 48 8d
0x00007f05450eeea2:   15 59 cc e7 ff 48 8b 80 a8 01 00 00 48 39 d0 75
0x00007f05450eeeb2:   65 41 8b 84 24 40 01 00 00 48 98 49 8b 04 06 48
0x00007f05450eeec2:   85 c0 74 5a 48 89 43 08 c7 43 20 01 00 00 00 48
0x00007f05450eeed2:   89 d8 48 c7 43 18 00 00 00 00 5b 41 5c 41 5d 41
0x00007f05450eeee2:   5e 5d c3 0f 1f 00 49 8b 44 24 20 48 8b 40 f8 49
0x00007f05450eeef2:   89 44 24 28 e9 37 ff ff ff 0f 1f 44 00 00 48 83
0x00007f05450eef02:   c0 05 49 39 c5 74 93 4d 3b ac 24 90 00 00 00 74
0x00007f05450eef12:   89 eb 0b 0f 1f 00 4c 89 e7 ff d0 eb 9c 90 48 8d
0x00007f05450eef22:   05 b1 33 ee 00 4c 3b 20 0f 94 c0 0f b6 c0 89 43
0x00007f05450eef32:   20 eb 9c 90 66 2e 0f 1f 84 00 00 00 00 00 55 48
0x00007f05450eef42:   89 e5 41 57 41 56 41 55 41 54 49 89 f7 53 49 89
0x00007f05450eef52:   d4 48 89 fb 48 83 ec 38 f6 82 28 12 00 00 01 0f
0x00007f05450eef62:   85 d9 01 00 00 4c 8b 6e 28 80 ba 38 12 00 00 00
0x00007f05450eef72:   49 8b 45 f8 48 89 45 c0 4c 89 e8 4d 8b 75 00 0f
0x00007f05450eef82:   84 96 00 00 00 48 8d 05 3a d3 98 00 48 8d 15 63
0x00007f05450eef92:   d3 98 00 48 8b 00 48 3b 02 0f 84 ef 01 00 00 01
0x00007f05450eefa2:   c0 41 b9 01 00 00 00 48 98 4d 89 c8 48 8d 70 3f
0x00007f05450eefb2:   48 85 c0 48 89 c7 48 0f 49 f0 48 99 48 c1 ea 3a
0x00007f05450eefc2:   48 c1 fe 06 48 8d 0c 10 83 e1 3f 48 29 d1 48 8d
0x00007f05450eefd2:   50 40 49 d3 e0 48 83 c7 01 49 89 fa 48 0f 49 d7
0x00007f05450eefe2:   49 c1 fa 3f 48 c1 fa 06 49 c1 ea 3a 4a 8d 0c 17
0x00007f05450eeff2:   83 e1 3f 4c 29 d1 49 d3 e1 4d 89 2c c4 48 63 c6
0x00007f05450ef002:   4d 09 84 c4 c8 11 00 00 48 63 c2 4d 89 2c fc 4d
0x00007f05450ef012:   09 8c c4 c8 11 00 00 49 8b 47 28 48 8b 78 08 48
0x00007f05450ef022:   89 7d c8 e8 66 2d e6 ff 84 c0 74 22 41 80 bc 24
0x00007f05450ef032:   3a 12 00 00 00 0f 85 13 01 00 00 48 8d 4d c0 48
0x00007f05450ef042:   8d 55 c8 4c 89 fe 4c 89 e7 e8 50 2e e6 ff 4c 8b
0x00007f05450ef052:   7d c8 49 83 c5 10 c7 45 bc 00 00 00 00 48 8b 4d
0x00007f05450ef062:   c0 4c 89 2b 4c 89 73 28 41 81 3f 0f 1f 84 00 4c 


Stack slot to memory mapping:
stack at sp + 0 slots: 0x00007f04c70ed9d0 points into unknown readable memory: 30 da 0e c7 04 7f 00 00
stack at sp + 1 slots: 0x00007f04c7efda48 is pointing into the stack for thread: 0x00007f04cc034020
stack at sp + 2 slots: 0x00007f054018f108 points into unknown readable memory: fa 4c 00 f2 4c 02 ea 4c
stack at sp + 3 slots: 0x00000000000000c2 is an unknown value
stack at sp + 4 slots: 0x00007f04c7efda48 is pointing into the stack for thread: 0x00007f04cc034020
stack at sp + 5 slots: 0x00007f0528a5c949 is at begin+138 in a stub
StubRoutines::call_stub [0x00007f0528a5c8bf, 0x00007f0528a5c9ad] (238 bytes)
stack at sp + 6 slots: 0x00007f04c70ed9c0 points into unknown readable memory: 60 da 0e c7 04 7f 00 00
stack at sp + 7 slots: 0x00007f04c70eda60 points into unknown readable memory: 10 da ef c7 04 7f 00 00


---------------  P R O C E S S  ---------------

Threads class SMR info:
_java_thread_list=0x00007f04e02c4930, length=27, elements={
0x00007f0540029950, 0x00007f05401b2ad0, 0x00007f05401b4300, 0x00007f05401ba520,
0x00007f05401bbd20, 0x00007f05401bda30, 0x00007f05401bf350, 0x00007f05401c0b40,
0x00007f05401e5760, 0x00007f054029e6d0, 0x00007f05402a5ba0, 0x00007f05403461c0,
0x00007f04e8000e60, 0x00007f04cc032c50, 0x00007f04cc034020, 0x00007f04cc035460,
0x00007f04cc0368a0, 0x00007f04cc037c60, 0x00007f04cc039410, 0x00007f04cc03ac60,
0x00007f04cc03c0c0, 0x00007f04bc005330, 0x00007f04cc03d480, 0x00007f04bc006c20,
0x00007f04cc03ec40, 0x00007f04e02c3140, 0x00007f04e02c6780
}
_to_delete_list=0x00007f04cc0403b0, length=25, elements={
0x00007f0540029950, 0x00007f05401b2ad0, 0x00007f05401b4300, 0x00007f05401ba520,
0x00007f05401bbd20, 0x00007f05401bda30, 0x00007f05401bf350, 0x00007f05401c0b40,
0x00007f05401e5760, 0x00007f054029e6d0, 0x00007f05402a5ba0, 0x00007f05403461c0,
0x00007f04e8000e60, 0x00007f04cc032c50, 0x00007f04cc034020, 0x00007f04cc035460,
0x00007f04cc0368a0, 0x00007f04cc037c60, 0x00007f04cc039410, 0x00007f04cc03ac60,
0x00007f04cc03c0c0, 0x00007f04bc005330, 0x00007f04cc03d480, 0x00007f04bc006c20,
0x00007f04cc03ec40
}

Java Threads: ( => current thread )
  0x00007f0540029950 JavaThread "main" [_thread_blocked, id=341216, stack(0x00007f0544763000,0x00007f0544864000)]
  0x00007f05401b2ad0 JavaThread "Reference Handler" daemon [_thread_blocked, id=341235, stack(0x00007f0514288000,0x00007f0514389000)]
  0x00007f05401b4300 JavaThread "Finalizer" daemon [_thread_blocked, id=341236, stack(0x00007f0514187000,0x00007f0514288000)]
  0x00007f05401ba520 JavaThread "Signal Dispatcher" daemon [_thread_blocked, id=341237, stack(0x00007f0514086000,0x00007f0514187000)]
  0x00007f05401bbd20 JavaThread "Service Thread" daemon [_thread_blocked, id=341238, stack(0x00007f0505419000,0x00007f050551a000)]
  0x00007f05401bda30 JavaThread "C2 CompilerThread0" daemon [_thread_blocked, id=341239, stack(0x00007f0505318000,0x00007f0505419000)]
  0x00007f05401bf350 JavaThread "C1 CompilerThread0" daemon [_thread_blocked, id=341240, stack(0x00007f0505217000,0x00007f0505318000)]
  0x00007f05401c0b40 JavaThread "Sweeper thread" daemon [_thread_blocked, id=341241, stack(0x00007f0505116000,0x00007f0505217000)]
  0x00007f05401e5760 JavaThread "Common-Cleaner" daemon [_thread_blocked, id=341245, stack(0x00007f0505015000,0x00007f0505116000)]
  0x00007f054029e6d0 JavaThread "Monitor Ctrl-Break" daemon [_thread_in_native, id=341247, stack(0x00007f05046d5000,0x00007f05047d6000)]
  0x00007f05402a5ba0 JavaThread "Notification Thread" daemon [_thread_blocked, id=341248, stack(0x00007f05045d4000,0x00007f05046d5000)]
  0x00007f05403461c0 JavaThread "NanoHttpd Main Listener" daemon [_thread_blocked, id=341250, stack(0x00007f05041ce000,0x00007f05042cf000)]
  0x00007f04e8000e60 JavaThread "Attach Listener" daemon [_thread_blocked, id=341265, stack(0x00007f05040cd000,0x00007f05041ce000)]
  0x00007f04cc032c50 JavaThread "ForkJoinPool-1-worker-19" daemon [_thread_blocked, id=341784, stack(0x00007f04c7eff000,0x00007f04c8000000)] _threads_hazard_ptr=0x00007f04e02c4930
  0x00007f04cc034020 JavaThread "ForkJoinPool-1-worker-5" daemon [_thread_blocked, id=341785, stack(0x00007f04c7dfe000,0x00007f04c7eff000)] _threads_hazard_ptr=0x00007f04e02c4930
  0x00007f04cc035460 JavaThread "ForkJoinPool-1-worker-23" daemon [_thread_blocked, id=341786, stack(0x00007f04c7cfd000,0x00007f04c7dfe000)]
  0x00007f04cc0368a0 JavaThread "ForkJoinPool-1-worker-9" daemon [_thread_blocked, id=341787, stack(0x00007f04c7bfc000,0x00007f04c7cfd000)]
  0x00007f04cc037c60 JavaThread "ForkJoinPool-1-worker-27" daemon [_thread_blocked, id=341788, stack(0x00007f04c7afb000,0x00007f04c7bfc000)]
  0x00007f04cc039410 JavaThread "ForkJoinPool-1-worker-13" daemon [_thread_blocked, id=341789, stack(0x00007f04c79fa000,0x00007f04c7afb000)]
  0x00007f04cc03ac60 JavaThread "ForkJoinPool-1-worker-31" daemon [_thread_blocked, id=341790, stack(0x00007f04c78f9000,0x00007f04c79fa000)]
  0x00007f04cc03c0c0 JavaThread "ForkJoinPool-1-worker-17" daemon [_thread_blocked, id=341791, stack(0x00007f04c77f8000,0x00007f04c78f9000)] _threads_hazard_ptr=0x00007f04e02c4930
  0x00007f04bc005330 JavaThread "ForkJoinPool-1-worker-3" daemon [_thread_blocked, id=341792, stack(0x00007f04c76f7000,0x00007f04c77f8000)] _threads_hazard_ptr=0x00007f04e02c4930
  0x00007f04cc03d480 JavaThread "ForkJoinPool-1-worker-21" daemon [_thread_blocked, id=341793, stack(0x00007f04c75f6000,0x00007f04c76f7000)]
  0x00007f04bc006c20 JavaThread "ForkJoinPool-1-worker-7" daemon [_thread_blocked, id=341794, stack(0x00007f04c74f5000,0x00007f04c75f6000)]
  0x00007f04cc03ec40 JavaThread "ForkJoinPool-1-worker-25" daemon [_thread_blocked, id=341795, stack(0x00007f04c73f4000,0x00007f04c74f5000)]
  0x00007f04e02c3140 JavaThread "C2 CompilerThread1" daemon [_thread_blocked, id=341796, stack(0x00007f04c72f3000,0x00007f04c73f4000)]
  0x00007f04e02c6780 JavaThread "C2 CompilerThread2" daemon [_thread_blocked, id=341797, stack(0x00007f04c71f2000,0x00007f04c72f3000)]

Other Threads:
  0x00007f05401b0690 VMThread "VM Thread" [stack: 0x00007f051438b000,0x00007f051448b000] [id=341234]
  0x00007f054002b920 WatcherThread [stack: 0x00007f05044d4000,0x00007f05045d4000] [id=341249]
  0x00007f0540060110 GCTaskThread "GC Thread#0" [stack: 0x00007f05153bc000,0x00007f05154bc000] [id=341219]
  0x00007f04fc014140 GCTaskThread "GC Thread#1" [stack: 0x00007f04c70f2000,0x00007f04c71f2000] [id=341798]
=>0x00007f04fc021a30 GCTaskThread "GC Thread#2" [stack: 0x00007f04c6ff0000,0x00007f04c70f0000] [id=341799]
  0x00007f04fc1d7060 GCTaskThread "GC Thread#3" [stack: 0x00007f04c6eee000,0x00007f04c6fee000] [id=341800]
  0x00007f04fc0078e0 GCTaskThread "GC Thread#4" [stack: 0x00007f04c6dec000,0x00007f04c6eec000] [id=341801]
  0x00007f04fc00a0e0 GCTaskThread "GC Thread#5" [stack: 0x00007f04c6cea000,0x00007f04c6dea000] [id=341802]
  0x00007f04fc026f20 GCTaskThread "GC Thread#6" [stack: 0x00007f04c6be8000,0x00007f04c6ce8000] [id=341803]
  0x00007f04fc02dce0 GCTaskThread "GC Thread#7" [stack: 0x00007f04c6ae6000,0x00007f04c6be6000] [id=341804]
  0x00007f04fc00c060 GCTaskThread "GC Thread#8" [stack: 0x00007f04c69e4000,0x00007f04c6ae4000] [id=341805]
  0x00007f04fc02f510 GCTaskThread "GC Thread#9" [stack: 0x00007f04c68e2000,0x00007f04c69e2000] [id=341806]
  0x00007f0540071570 ConcurrentGCThread "G1 Main Marker" [stack: 0x00007f05152ba000,0x00007f05153ba000] [id=341220]
  0x00007f0540072800 ConcurrentGCThread "G1 Conc#0" [stack: 0x00007f05151b8000,0x00007f05152b8000] [id=341221]
  0x00007f0540132300 ConcurrentGCThread "G1 Refine#0" [stack: 0x00007f05146ac000,0x00007f05147ac000] [id=341223]
  0x00007f0540133510 ConcurrentGCThread "G1 Young RemSet Sampling" [stack: 0x00007f05145aa000,0x00007f05146aa000] [id=341224]

Threads with active compile tasks:

VM state:at safepoint (normal execution)

VM Mutex/Monitor currently owned by a thread:  ([mutex/lock_event])
[0x00007f0540025cd0] Threads_lock - owner thread: 0x00007f05401b0690

Heap address: 0x000000060a400000, size: 8028 MB, Compressed Oops mode: Zero based, Oop shift amount: 3
CDS archive(s) mapped at: [0x0000000800000000-0x0000000800b92000-0x0000000800b92000), size 12132352, SharedBaseAddress: 0x0000000800000000, ArchiveRelocationMode: 0.
Compressed class space mapped at: 0x0000000800b94000-0x0000000840b94000, size: 1073741824
Narrow klass base: 0x0000000800000000, Narrow klass shift: 3, Narrow klass range: 0x100000000

Heap:
 garbage-first heap   total 524288K, used 109361K [0x000000060a400000, 0x0000000800000000)
  region size 4096K, 27 young (110592K), 2 survivors (8192K)
 Metaspace       used 4480K, capacity 5496K, committed 5760K, reserved 1056768K
  class space    used 381K, capacity 570K, committed 640K, reserved 1048576K
Heap Regions: E=young(eden), S=young(survivor), O=old, HS=humongous(starts), HC=humongous(continues), CS=collection set, F=free, OA=open archive, CA=closed archive, TAMS=top-at-mark-start (previous, next)
|   0|0x000000060a400000, 0x000000060a751600, 0x000000060a800000| 82%| O|  |TAMS 0x000000060a400000, 0x000000060a400000| Untracked 
|   1|0x000000060a800000, 0x000000060a800000, 0x000000060ac00000|  0%| F|  |TAMS 0x000000060a800000, 0x000000060a800000| Untracked 
|   2|0x000000060ac00000, 0x000000060ac00000, 0x000000060b000000|  0%| F|  |TAMS 0x000000060ac00000, 0x000000060ac00000| Untracked 
|   3|0x000000060b000000, 0x000000060b000000, 0x000000060b400000|  0%| F|  |TAMS 0x000000060b000000, 0x000000060b000000| Untracked 
|   4|0x000000060b400000, 0x000000060b400000, 0x000000060b800000|  0%| F|  |TAMS 0x000000060b400000, 0x000000060b400000| Untracked 
|   5|0x000000060b800000, 0x000000060b800000, 0x000000060bc00000|  0%| F|  |TAMS 0x000000060b800000, 0x000000060b800000| Untracked 
|   6|0x000000060bc00000, 0x000000060bc00000, 0x000000060c000000|  0%| F|  |TAMS 0x000000060bc00000, 0x000000060bc00000| Untracked 
|   7|0x000000060c000000, 0x000000060c000000, 0x000000060c400000|  0%| F|  |TAMS 0x000000060c000000, 0x000000060c000000| Untracked 
|   8|0x000000060c400000, 0x000000060c400000, 0x000000060c800000|  0%| F|  |TAMS 0x000000060c400000, 0x000000060c400000| Untracked 
|   9|0x000000060c800000, 0x000000060c800000, 0x000000060cc00000|  0%| F|  |TAMS 0x000000060c800000, 0x000000060c800000| Untracked 
|  10|0x000000060cc00000, 0x000000060cc00000, 0x000000060d000000|  0%| F|  |TAMS 0x000000060cc00000, 0x000000060cc00000| Untracked 
|  11|0x000000060d000000, 0x000000060d000000, 0x000000060d400000|  0%| F|  |TAMS 0x000000060d000000, 0x000000060d000000| Untracked 
|  12|0x000000060d400000, 0x000000060d400000, 0x000000060d800000|  0%| F|  |TAMS 0x000000060d400000, 0x000000060d400000| Untracked 
|  13|0x000000060d800000, 0x000000060d800000, 0x000000060dc00000|  0%| F|  |TAMS 0x000000060d800000, 0x000000060d800000| Untracked 
|  14|0x000000060dc00000, 0x000000060dc00000, 0x000000060e000000|  0%| F|  |TAMS 0x000000060dc00000, 0x000000060dc00000| Untracked 
|  15|0x000000060e000000, 0x000000060e000000, 0x000000060e400000|  0%| F|  |TAMS 0x000000060e000000, 0x000000060e000000| Untracked 
|  16|0x000000060e400000, 0x000000060e400000, 0x000000060e800000|  0%| F|  |TAMS 0x000000060e400000, 0x000000060e400000| Untracked 
|  17|0x000000060e800000, 0x000000060e800000, 0x000000060ec00000|  0%| F|  |TAMS 0x000000060e800000, 0x000000060e800000| Untracked 
|  18|0x000000060ec00000, 0x000000060ec00000, 0x000000060f000000|  0%| F|  |TAMS 0x000000060ec00000, 0x000000060ec00000| Untracked 
|  19|0x000000060f000000, 0x000000060f000000, 0x000000060f400000|  0%| F|  |TAMS 0x000000060f000000, 0x000000060f000000| Untracked 
|  20|0x000000060f400000, 0x000000060f400000, 0x000000060f800000|  0%| F|  |TAMS 0x000000060f400000, 0x000000060f400000| Untracked 
|  21|0x000000060f800000, 0x000000060f800000, 0x000000060fc00000|  0%| F|  |TAMS 0x000000060f800000, 0x000000060f800000| Untracked 
|  22|0x000000060fc00000, 0x000000060fc00000, 0x0000000610000000|  0%| F|  |TAMS 0x000000060fc00000, 0x000000060fc00000| Untracked 
|  23|0x0000000610000000, 0x0000000610000000, 0x0000000610400000|  0%| F|  |TAMS 0x0000000610000000, 0x0000000610000000| Untracked 
|  24|0x0000000610400000, 0x0000000610400000, 0x0000000610800000|  0%| F|  |TAMS 0x0000000610400000, 0x0000000610400000| Untracked 
|  25|0x0000000610800000, 0x0000000610800000, 0x0000000610c00000|  0%| F|  |TAMS 0x0000000610800000, 0x0000000610800000| Untracked 
|  26|0x0000000610c00000, 0x0000000610c00000, 0x0000000611000000|  0%| F|  |TAMS 0x0000000610c00000, 0x0000000610c00000| Untracked 
|  27|0x0000000611000000, 0x0000000611000000, 0x0000000611400000|  0%| F|  |TAMS 0x0000000611000000, 0x0000000611000000| Untracked 
|  28|0x0000000611400000, 0x0000000611400000, 0x0000000611800000|  0%| F|  |TAMS 0x0000000611400000, 0x0000000611400000| Untracked 
|  29|0x0000000611800000, 0x0000000611800000, 0x0000000611c00000|  0%| F|  |TAMS 0x0000000611800000, 0x0000000611800000| Untracked 
|  30|0x0000000611c00000, 0x0000000611c00000, 0x0000000612000000|  0%| F|  |TAMS 0x0000000611c00000, 0x0000000611c00000| Untracked 
|  31|0x0000000612000000, 0x0000000612000000, 0x0000000612400000|  0%| F|  |TAMS 0x0000000612000000, 0x0000000612000000| Untracked 
|  32|0x0000000612400000, 0x0000000612400000, 0x0000000612800000|  0%| F|  |TAMS 0x0000000612400000, 0x0000000612400000| Untracked 
|  33|0x0000000612800000, 0x0000000612800000, 0x0000000612c00000|  0%| F|  |TAMS 0x0000000612800000, 0x0000000612800000| Untracked 
|  34|0x0000000612c00000, 0x0000000612c00000, 0x0000000613000000|  0%| F|  |TAMS 0x0000000612c00000, 0x0000000612c00000| Untracked 
|  35|0x0000000613000000, 0x0000000613000000, 0x0000000613400000|  0%| F|  |TAMS 0x0000000613000000, 0x0000000613000000| Untracked 
|  36|0x0000000613400000, 0x0000000613400000, 0x0000000613800000|  0%| F|  |TAMS 0x0000000613400000, 0x0000000613400000| Untracked 
|  37|0x0000000613800000, 0x0000000613800000, 0x0000000613c00000|  0%| F|  |TAMS 0x0000000613800000, 0x0000000613800000| Untracked 
|  38|0x0000000613c00000, 0x0000000613c00000, 0x0000000614000000|  0%| F|  |TAMS 0x0000000613c00000, 0x0000000613c00000| Untracked 
|  39|0x0000000614000000, 0x0000000614000000, 0x0000000614400000|  0%| F|  |TAMS 0x0000000614000000, 0x0000000614000000| Untracked 
|  40|0x0000000614400000, 0x0000000614400000, 0x0000000614800000|  0%| F|  |TAMS 0x0000000614400000, 0x0000000614400000| Untracked 
|  41|0x0000000614800000, 0x0000000614800000, 0x0000000614c00000|  0%| F|  |TAMS 0x0000000614800000, 0x0000000614800000| Untracked 
|  42|0x0000000614c00000, 0x0000000614c00000, 0x0000000615000000|  0%| F|  |TAMS 0x0000000614c00000, 0x0000000614c00000| Untracked 
|  43|0x0000000615000000, 0x0000000615000000, 0x0000000615400000|  0%| F|  |TAMS 0x0000000615000000, 0x0000000615000000| Untracked 
|  44|0x0000000615400000, 0x0000000615400000, 0x0000000615800000|  0%| F|  |TAMS 0x0000000615400000, 0x0000000615400000| Untracked 
|  45|0x0000000615800000, 0x0000000615800000, 0x0000000615c00000|  0%| F|  |TAMS 0x0000000615800000, 0x0000000615800000| Untracked 
|  46|0x0000000615c00000, 0x0000000615c00000, 0x0000000616000000|  0%| F|  |TAMS 0x0000000615c00000, 0x0000000615c00000| Untracked 
|  47|0x0000000616000000, 0x0000000616000000, 0x0000000616400000|  0%| F|  |TAMS 0x0000000616000000, 0x0000000616000000| Untracked 
|  48|0x0000000616400000, 0x0000000616400000, 0x0000000616800000|  0%| F|  |TAMS 0x0000000616400000, 0x0000000616400000| Untracked 
|  49|0x0000000616800000, 0x0000000616800000, 0x0000000616c00000|  0%| F|  |TAMS 0x0000000616800000, 0x0000000616800000| Untracked 
|  50|0x0000000616c00000, 0x0000000616c00000, 0x0000000617000000|  0%| F|  |TAMS 0x0000000616c00000, 0x0000000616c00000| Untracked 
|  51|0x0000000617000000, 0x0000000617000000, 0x0000000617400000|  0%| F|  |TAMS 0x0000000617000000, 0x0000000617000000| Untracked 
|  52|0x0000000617400000, 0x0000000617400000, 0x0000000617800000|  0%| F|  |TAMS 0x0000000617400000, 0x0000000617400000| Untracked 
|  53|0x0000000617800000, 0x0000000617800000, 0x0000000617c00000|  0%| F|  |TAMS 0x0000000617800000, 0x0000000617800000| Untracked 
|  54|0x0000000617c00000, 0x0000000617c00000, 0x0000000618000000|  0%| F|  |TAMS 0x0000000617c00000, 0x0000000617c00000| Untracked 
|  55|0x0000000618000000, 0x0000000618000000, 0x0000000618400000|  0%| F|  |TAMS 0x0000000618000000, 0x0000000618000000| Untracked 
|  56|0x0000000618400000, 0x0000000618400000, 0x0000000618800000|  0%| F|  |TAMS 0x0000000618400000, 0x0000000618400000| Untracked 
|  57|0x0000000618800000, 0x0000000618800000, 0x0000000618c00000|  0%| F|  |TAMS 0x0000000618800000, 0x0000000618800000| Untracked 
|  58|0x0000000618c00000, 0x0000000618c00000, 0x0000000619000000|  0%| F|  |TAMS 0x0000000618c00000, 0x0000000618c00000| Untracked 
|  59|0x0000000619000000, 0x0000000619000000, 0x0000000619400000|  0%| F|  |TAMS 0x0000000619000000, 0x0000000619000000| Untracked 
|  60|0x0000000619400000, 0x0000000619400000, 0x0000000619800000|  0%| F|  |TAMS 0x0000000619400000, 0x0000000619400000| Untracked 
|  61|0x0000000619800000, 0x0000000619800000, 0x0000000619c00000|  0%| F|  |TAMS 0x0000000619800000, 0x0000000619800000| Untracked 
|  62|0x0000000619c00000, 0x0000000619c00000, 0x000000061a000000|  0%| F|  |TAMS 0x0000000619c00000, 0x0000000619c00000| Untracked 
|  63|0x000000061a000000, 0x000000061a000000, 0x000000061a400000|  0%| F|  |TAMS 0x000000061a000000, 0x000000061a000000| Untracked 
|  64|0x000000061a400000, 0x000000061a400000, 0x000000061a800000|  0%| F|  |TAMS 0x000000061a400000, 0x000000061a400000| Untracked 
|  65|0x000000061a800000, 0x000000061a800000, 0x000000061ac00000|  0%| F|  |TAMS 0x000000061a800000, 0x000000061a800000| Untracked 
|  66|0x000000061ac00000, 0x000000061ac00000, 0x000000061b000000|  0%| F|  |TAMS 0x000000061ac00000, 0x000000061ac00000| Untracked 
|  67|0x000000061b000000, 0x000000061b000000, 0x000000061b400000|  0%| F|  |TAMS 0x000000061b000000, 0x000000061b000000| Untracked 
|  68|0x000000061b400000, 0x000000061b400000, 0x000000061b800000|  0%| F|  |TAMS 0x000000061b400000, 0x000000061b400000| Untracked 
|  69|0x000000061b800000, 0x000000061b800000, 0x000000061bc00000|  0%| F|  |TAMS 0x000000061b800000, 0x000000061b800000| Untracked 
|  70|0x000000061bc00000, 0x000000061bc00000, 0x000000061c000000|  0%| F|  |TAMS 0x000000061bc00000, 0x000000061bc00000| Untracked 
|  71|0x000000061c000000, 0x000000061c000000, 0x000000061c400000|  0%| F|  |TAMS 0x000000061c000000, 0x000000061c000000| Untracked 
|  72|0x000000061c400000, 0x000000061c400000, 0x000000061c800000|  0%| F|  |TAMS 0x000000061c400000, 0x000000061c400000| Untracked 
|  73|0x000000061c800000, 0x000000061c800000, 0x000000061cc00000|  0%| F|  |TAMS 0x000000061c800000, 0x000000061c800000| Untracked 
|  74|0x000000061cc00000, 0x000000061cc00000, 0x000000061d000000|  0%| F|  |TAMS 0x000000061cc00000, 0x000000061cc00000| Untracked 
|  75|0x000000061d000000, 0x000000061d000000, 0x000000061d400000|  0%| F|  |TAMS 0x000000061d000000, 0x000000061d000000| Untracked 
|  76|0x000000061d400000, 0x000000061d400000, 0x000000061d800000|  0%| F|  |TAMS 0x000000061d400000, 0x000000061d400000| Untracked 
|  77|0x000000061d800000, 0x000000061d800000, 0x000000061dc00000|  0%| F|  |TAMS 0x000000061d800000, 0x000000061d800000| Untracked 
|  78|0x000000061dc00000, 0x000000061dc00000, 0x000000061e000000|  0%| F|  |TAMS 0x000000061dc00000, 0x000000061dc00000| Untracked 
|  79|0x000000061e000000, 0x000000061e000000, 0x000000061e400000|  0%| F|  |TAMS 0x000000061e000000, 0x000000061e000000| Untracked 
|  80|0x000000061e400000, 0x000000061e400000, 0x000000061e800000|  0%| F|  |TAMS 0x000000061e400000, 0x000000061e400000| Untracked 
|  81|0x000000061e800000, 0x000000061e800000, 0x000000061ec00000|  0%| F|  |TAMS 0x000000061e800000, 0x000000061e800000| Untracked 
|  82|0x000000061ec00000, 0x000000061ec00000, 0x000000061f000000|  0%| F|  |TAMS 0x000000061ec00000, 0x000000061ec00000| Untracked 
|  83|0x000000061f000000, 0x000000061f000000, 0x000000061f400000|  0%| F|  |TAMS 0x000000061f000000, 0x000000061f000000| Untracked 
|  84|0x000000061f400000, 0x000000061f400000, 0x000000061f800000|  0%| F|  |TAMS 0x000000061f400000, 0x000000061f400000| Untracked 
|  85|0x000000061f800000, 0x000000061fbaa070, 0x000000061fc00000| 91%| S|CS|TAMS 0x000000061f800000, 0x000000061f800000| Complete 
|  86|0x000000061fc00000, 0x0000000620000000, 0x0000000620000000|100%| S|CS|TAMS 0x000000061fc00000, 0x000000061fc00000| Complete 
|  87|0x0000000620000000, 0x0000000620000000, 0x0000000620400000|  0%| F|  |TAMS 0x0000000620000000, 0x0000000620000000| Untracked 
|  88|0x0000000620400000, 0x0000000620400000, 0x0000000620800000|  0%| F|  |TAMS 0x0000000620400000, 0x0000000620400000| Untracked 
|  89|0x0000000620800000, 0x0000000620800000, 0x0000000620c00000|  0%| F|  |TAMS 0x0000000620800000, 0x0000000620800000| Untracked 
|  90|0x0000000620c00000, 0x0000000620c00000, 0x0000000621000000|  0%| F|  |TAMS 0x0000000620c00000, 0x0000000620c00000| Untracked 
|  91|0x0000000621000000, 0x0000000621000000, 0x0000000621400000|  0%| F|  |TAMS 0x0000000621000000, 0x0000000621000000| Untracked 
|  92|0x0000000621400000, 0x0000000621400000, 0x0000000621800000|  0%| F|  |TAMS 0x0000000621400000, 0x0000000621400000| Untracked 
|  93|0x0000000621800000, 0x0000000621800000, 0x0000000621c00000|  0%| F|  |TAMS 0x0000000621800000, 0x0000000621800000| Untracked 
|  94|0x0000000621c00000, 0x0000000621c00000, 0x0000000622000000|  0%| F|  |TAMS 0x0000000621c00000, 0x0000000621c00000| Untracked 
|  95|0x0000000622000000, 0x0000000622000000, 0x0000000622400000|  0%| F|  |TAMS 0x0000000622000000, 0x0000000622000000| Untracked 
|  96|0x0000000622400000, 0x0000000622400000, 0x0000000622800000|  0%| F|  |TAMS 0x0000000622400000, 0x0000000622400000| Untracked 
|  97|0x0000000622800000, 0x0000000622800000, 0x0000000622c00000|  0%| F|  |TAMS 0x0000000622800000, 0x0000000622800000| Untracked 
|  98|0x0000000622c00000, 0x0000000622c00000, 0x0000000623000000|  0%| F|  |TAMS 0x0000000622c00000, 0x0000000622c00000| Untracked 
|  99|0x0000000623000000, 0x0000000623000000, 0x0000000623400000|  0%| F|  |TAMS 0x0000000623000000, 0x0000000623000000| Untracked 
| 100|0x0000000623400000, 0x0000000623400000, 0x0000000623800000|  0%| F|  |TAMS 0x0000000623400000, 0x0000000623400000| Untracked 
| 101|0x0000000623800000, 0x0000000623b0d118, 0x0000000623c00000| 76%| E|  |TAMS 0x0000000623800000, 0x0000000623800000| Complete 
| 102|0x0000000623c00000, 0x0000000624000000, 0x0000000624000000|100%| E|CS|TAMS 0x0000000623c00000, 0x0000000623c00000| Complete 
| 103|0x0000000624000000, 0x0000000624400000, 0x0000000624400000|100%| E|CS|TAMS 0x0000000624000000, 0x0000000624000000| Complete 
| 104|0x0000000624400000, 0x0000000624800000, 0x0000000624800000|100%| E|CS|TAMS 0x0000000624400000, 0x0000000624400000| Complete 
| 105|0x0000000624800000, 0x0000000624c00000, 0x0000000624c00000|100%| E|CS|TAMS 0x0000000624800000, 0x0000000624800000| Complete 
| 106|0x0000000624c00000, 0x0000000625000000, 0x0000000625000000|100%| E|CS|TAMS 0x0000000624c00000, 0x0000000624c00000| Complete 
| 107|0x0000000625000000, 0x0000000625400000, 0x0000000625400000|100%| E|CS|TAMS 0x0000000625000000, 0x0000000625000000| Complete 
| 108|0x0000000625400000, 0x0000000625800000, 0x0000000625800000|100%| E|CS|TAMS 0x0000000625400000, 0x0000000625400000| Complete 
| 109|0x0000000625800000, 0x0000000625c00000, 0x0000000625c00000|100%| E|CS|TAMS 0x0000000625800000, 0x0000000625800000| Complete 
| 110|0x0000000625c00000, 0x0000000626000000, 0x0000000626000000|100%| E|CS|TAMS 0x0000000625c00000, 0x0000000625c00000| Complete 
| 111|0x0000000626000000, 0x0000000626400000, 0x0000000626400000|100%| E|CS|TAMS 0x0000000626000000, 0x0000000626000000| Complete 
| 112|0x0000000626400000, 0x0000000626800000, 0x0000000626800000|100%| E|CS|TAMS 0x0000000626400000, 0x0000000626400000| Complete 
| 113|0x0000000626800000, 0x0000000626c00000, 0x0000000626c00000|100%| E|CS|TAMS 0x0000000626800000, 0x0000000626800000| Complete 
| 114|0x0000000626c00000, 0x0000000627000000, 0x0000000627000000|100%| E|CS|TAMS 0x0000000626c00000, 0x0000000626c00000| Complete 
| 115|0x0000000627000000, 0x0000000627400000, 0x0000000627400000|100%| E|CS|TAMS 0x0000000627000000, 0x0000000627000000| Complete 
| 116|0x0000000627400000, 0x0000000627800000, 0x0000000627800000|100%| E|CS|TAMS 0x0000000627400000, 0x0000000627400000| Complete 
| 117|0x0000000627800000, 0x0000000627c00000, 0x0000000627c00000|100%| E|CS|TAMS 0x0000000627800000, 0x0000000627800000| Complete 
| 118|0x0000000627c00000, 0x0000000628000000, 0x0000000628000000|100%| E|CS|TAMS 0x0000000627c00000, 0x0000000627c00000| Complete 
| 119|0x0000000628000000, 0x0000000628400000, 0x0000000628400000|100%| E|CS|TAMS 0x0000000628000000, 0x0000000628000000| Complete 
| 120|0x0000000628400000, 0x0000000628800000, 0x0000000628800000|100%| E|CS|TAMS 0x0000000628400000, 0x0000000628400000| Complete 
| 121|0x0000000628800000, 0x0000000628c00000, 0x0000000628c00000|100%| E|CS|TAMS 0x0000000628800000, 0x0000000628800000| Complete 
| 122|0x0000000628c00000, 0x0000000629000000, 0x0000000629000000|100%| E|CS|TAMS 0x0000000628c00000, 0x0000000628c00000| Complete 
| 123|0x0000000629000000, 0x0000000629400000, 0x0000000629400000|100%| E|CS|TAMS 0x0000000629000000, 0x0000000629000000| Complete 
| 124|0x0000000629400000, 0x0000000629800000, 0x0000000629800000|100%| E|CS|TAMS 0x0000000629400000, 0x0000000629400000| Complete 
| 125|0x0000000629800000, 0x0000000629c00000, 0x0000000629c00000|100%| E|  |TAMS 0x0000000629800000, 0x0000000629800000| Complete 
|2005|0x00000007ff800000, 0x00000007ffb53000, 0x00000007ffc00000| 83%|OA|  |TAMS 0x00000007ff800000, 0x00000007ff800000| Untracked 
|2006|0x00000007ffc00000, 0x00000007ffc7e000, 0x0000000800000000| 12%|CA|  |TAMS 0x00000007ffc00000, 0x00000007ffc00000| Untracked 

Card table byte_map: [0x00007f0525fcc000,0x00007f0526f7a000] _byte_map_base: 0x00007f0522f7a000

Marking Bits (Prev, Next): (CMBitMap*) 0x00007f0540060eb0, (CMBitMap*) 0x00007f0540060ef0
 Prev Bits: [0x00007f051d2ae000, 0x00007f052501e000)
 Next Bits: [0x00007f051553e000, 0x00007f051d2ae000)

Polling page: 0x00007f054645f000

Metaspace:

Usage:
  Non-class:      4.81 MB capacity,     4.00 MB ( 83%) used,   816.06 KB ( 17%) free+waste,    11.06 KB ( <1%) overhead. 
      Class:    570.00 KB capacity,   381.91 KB ( 67%) used,   182.59 KB ( 32%) free+waste,     5.50 KB ( <1%) overhead. 
       Both:      5.37 MB capacity,     4.38 MB ( 82%) used,   998.65 KB ( 18%) free+waste,    16.56 KB ( <1%) overhead. 

Virtual space:
  Non-class space:        8.00 MB reserved,       5.00 MB ( 62%) committed 
      Class space:        1.00 GB reserved,     640.00 KB ( <1%) committed 
             Both:        1.01 GB reserved,       5.62 MB ( <1%) committed 

Chunk freelists:
   Non-Class:  2.00 KB
       Class:  0 bytes
        Both:  2.00 KB

MaxMetaspaceSize: 17179869184.00 GB
CompressedClassSpaceSize: 1.00 GB

CodeHeap 'non-profiled nmethods': size=120028Kb used=1098Kb max_used=1098Kb free=118930Kb
 bounds [0x00007f0530525000, 0x00007f0530795000, 0x00007f0537a5c000]
CodeHeap 'profiled nmethods': size=120028Kb used=3870Kb max_used=3870Kb free=116157Kb
 bounds [0x00007f0528fee000, 0x00007f05293be000, 0x00007f0530525000]
CodeHeap 'non-nmethods': size=5704Kb used=1306Kb max_used=1334Kb free=4397Kb
 bounds [0x00007f0528a5c000, 0x00007f0528ccc000, 0x00007f0528fee000]
 total_blobs=2491 nmethods=2061 adapters=324
 compilation: enabled
              stopped_count=0, restarted_count=0
 full_count=0

Compilation events (20 events):
Event: 19.013 Thread 0x00007f05401bf350 nmethod 2054 0x00007f05293b1d10 code [0x00007f05293b1f60, 0x00007f05293b2960]
Event: 19.013 Thread 0x00007f05401bf350 2021       3       java.lang.Thread::getAndClearInterrupt (19 bytes)
Event: 19.013 Thread 0x00007f05401bf350 nmethod 2021 0x00007f05293b2c90 code [0x00007f05293b2e40, 0x00007f05293b2fe0]
Event: 19.016 Thread 0x00007f04e02c3140 nmethod 2058 0x00007f0530633e90 code [0x00007f0530634040, 0x00007f0530634918]
Event: 19.018 Thread 0x00007f04e02c3140 2059       4       java.text.SimpleDateFormat::format (171 bytes)
Event: 19.024 Thread 0x00007f05401bf350 2060       3       jdk.internal.misc.VirtualThreads::unpark (10 bytes)
Event: 19.024 Thread 0x00007f05401bda30 2062       4       java.nio.ByteBuffer::<init> (47 bytes)
Event: 19.024 Thread 0x00007f05401bf350 nmethod 2060 0x00007f05293b3090 code [0x00007f05293b3260, 0x00007f05293b3500]
Event: 19.024 Thread 0x00007f05401bf350 2061       3       java.lang.System$2::unparkVirtualThread (9 bytes)
Event: 19.025 Thread 0x00007f05401bf350 nmethod 2061 0x00007f05293b3610 code [0x00007f05293b37e0, 0x00007f05293b3a20]
Event: 19.026 Thread 0x00007f05401bda30 nmethod 2062 0x00007f0530634c90 code [0x00007f0530634e40, 0x00007f0530635178]
Event: 19.031 Thread 0x00007f05401bf350 2063       3       java.util.concurrent.locks.AbstractQueuedSynchronizer$Node::setPrevRelaxed (12 bytes)
Event: 19.031 Thread 0x00007f05401bf350 nmethod 2063 0x00007f05293b3b10 code [0x00007f05293b3cc0, 0x00007f05293b3e30]
Event: 19.034 Thread 0x00007f05401bf350 2064       3       java.lang.VirtualThread::getAndSetParkPermit (19 bytes)
Event: 19.036 Thread 0x00007f05401bf350 nmethod 2064 0x00007f05293b3e90 code [0x00007f05293b4100, 0x00007f05293b4ae0]
Event: 19.039 Thread 0x00007f04e02c6780 2065   !   4       java.util.regex.Pattern::closure (276 bytes)
Event: 19.042 Thread 0x00007f05401bf350 2066       3       java.lang.invoke.VarHandleLongs$FieldInstanceReadWrite::weakCompareAndSet (33 bytes)
Event: 19.042 Thread 0x00007f04e02c3140 nmethod 2059 0x00007f0530635310 code [0x00007f0530635540, 0x00007f0530636688]
Event: 19.042 Thread 0x00007f05401bf350 nmethod 2066 0x00007f05293b4e10 code [0x00007f05293b5020, 0x00007f05293b5650]
Event: 19.042 Thread 0x00007f04e02c6780 nmethod 2065 0x00007f0530637090 code [0x00007f0530637240, 0x00007f0530637538]

GC Heap History (6 events):
Event: 18.357 GC heap before
{Heap before GC invocations=0 (full 0):
 garbage-first heap   total 524288K, used 28484K [0x000000060a400000, 0x0000000800000000)
  region size 4096K, 6 young (24576K), 0 survivors (0K)
 Metaspace       used 3647K, capacity 5368K, committed 5504K, reserved 1056768K
  class space    used 380K, capacity 570K, committed 640K, reserved 1048576K
}
Event: 18.361 GC heap after
{Heap after GC invocations=1 (full 0):
 garbage-first heap   total 524288K, used 8310K [0x000000060a400000, 0x0000000800000000)
  region size 4096K, 1 young (4096K), 1 survivors (4096K)
 Metaspace       used 3647K, capacity 5368K, committed 5504K, reserved 1056768K
  class space    used 380K, capacity 570K, committed 640K, reserved 1048576K
}
Event: 18.469 GC heap before
{Heap before GC invocations=1 (full 0):
 garbage-first heap   total 524288K, used 32886K [0x000000060a400000, 0x0000000800000000)
  region size 4096K, 8 young (32768K), 1 survivors (4096K)
 Metaspace       used 3836K, capacity 5432K, committed 5504K, reserved 1056768K
  class space    used 380K, capacity 570K, committed 640K, reserved 1048576K
}
Event: 18.470 GC heap after
{Heap after GC invocations=2 (full 0):
 garbage-first heap   total 524288K, used 11401K [0x000000060a400000, 0x0000000800000000)
  region size 4096K, 1 young (4096K), 1 survivors (4096K)
 Metaspace       used 3836K, capacity 5432K, committed 5504K, reserved 1056768K
  class space    used 380K, capacity 570K, committed 640K, reserved 1048576K
}
Event: 18.864 GC heap before
{Heap before GC invocations=2 (full 0):
 garbage-first heap   total 524288K, used 167049K [0x000000060a400000, 0x0000000800000000)
  region size 4096K, 39 young (159744K), 1 survivors (4096K)
 Metaspace       used 4398K, capacity 5496K, committed 5760K, reserved 1056768K
  class space    used 381K, capacity 570K, committed 640K, reserved 1048576K
}
Event: 18.865 GC heap after
{Heap after GC invocations=3 (full 0):
 garbage-first heap   total 524288K, used 15153K [0x000000060a400000, 0x0000000800000000)
  region size 4096K, 2 young (8192K), 2 survivors (8192K)
 Metaspace       used 4398K, capacity 5496K, committed 5760K, reserved 1056768K
  class space    used 381K, capacity 570K, committed 640K, reserved 1048576K
}

Deoptimization events (20 events):
Event: 18.710 Thread 0x00007f04cc03ec40 Uncommon trap: trap_request=0xffffffbe fr.pc=0x00007f05305ec954 relative=0x0000000000000854
Event: 18.710 Thread 0x00007f04cc03ec40 Uncommon trap: reason=profile_predicate action=maybe_recompile pc=0x00007f05305ec954 method=java.util.regex.Pattern$SliceI.match(Ljava/util/regex/Matcher;ILjava/lang/CharSequence;)Z @ 18 c2
Event: 18.710 Thread 0x00007f04cc03ec40 DEOPT PACKING pc=0x00007f05305ec954 sp=0x00007f04c74f2f00
Event: 18.710 Thread 0x00007f04cc03ec40 DEOPT UNPACKING pc=0x00007f0528ab5b3b sp=0x00007f04c74f2ea8 mode 2
Event: 18.710 Thread 0x00007f04cc03ec40 Uncommon trap: trap_request=0xffffffbe fr.pc=0x00007f05305ec954 relative=0x0000000000000854
Event: 18.710 Thread 0x00007f04cc03ec40 Uncommon trap: reason=profile_predicate action=maybe_recompile pc=0x00007f05305ec954 method=java.util.regex.Pattern$SliceI.match(Ljava/util/regex/Matcher;ILjava/lang/CharSequence;)Z @ 18 c2
Event: 18.710 Thread 0x00007f04cc03ec40 DEOPT PACKING pc=0x00007f05305ec954 sp=0x00007f04c74f2f00
Event: 18.710 Thread 0x00007f04cc03ec40 DEOPT UNPACKING pc=0x00007f0528ab5b3b sp=0x00007f04c74f2ea8 mode 2
Event: 18.710 Thread 0x00007f04cc03ec40 Uncommon trap: trap_request=0xffffffbe fr.pc=0x00007f05305ec954 relative=0x0000000000000854
Event: 18.710 Thread 0x00007f04cc03ec40 Uncommon trap: reason=profile_predicate action=maybe_recompile pc=0x00007f05305ec954 method=java.util.regex.Pattern$SliceI.match(Ljava/util/regex/Matcher;ILjava/lang/CharSequence;)Z @ 18 c2
Event: 18.710 Thread 0x00007f04cc03ec40 DEOPT PACKING pc=0x00007f05305ec954 sp=0x00007f04c74f2f00
Event: 18.710 Thread 0x00007f04cc03ec40 DEOPT UNPACKING pc=0x00007f0528ab5b3b sp=0x00007f04c74f2ea8 mode 2
Event: 18.710 Thread 0x00007f04cc03ec40 Uncommon trap: trap_request=0xffffffbe fr.pc=0x00007f05305ec954 relative=0x0000000000000854
Event: 18.710 Thread 0x00007f04cc03ec40 Uncommon trap: reason=profile_predicate action=maybe_recompile pc=0x00007f05305ec954 method=java.util.regex.Pattern$SliceI.match(Ljava/util/regex/Matcher;ILjava/lang/CharSequence;)Z @ 18 c2
Event: 18.710 Thread 0x00007f04cc03ec40 DEOPT PACKING pc=0x00007f05305ec954 sp=0x00007f04c74f2f00
Event: 18.710 Thread 0x00007f04cc03ec40 DEOPT UNPACKING pc=0x00007f0528ab5b3b sp=0x00007f04c74f2ea8 mode 2
Event: 18.751 Thread 0x00007f04cc037c60 DEOPT PACKING pc=0x00007f05292244e3 sp=0x00007f04c7bf9e90
Event: 18.751 Thread 0x00007f04cc037c60 DEOPT UNPACKING pc=0x00007f0528ab5921 sp=0x00007f04c7bf9378 mode 0
Event: 18.793 Thread 0x00007f04cc039410 DEOPT PACKING pc=0x00007f05292244e3 sp=0x00007f04c7af8a60
Event: 18.793 Thread 0x00007f04cc039410 DEOPT UNPACKING pc=0x00007f0528ab5921 sp=0x00007f04c7af7f20 mode 0

Classes unloaded (0 events):
No events

Classes redefined (0 events):
No events

Internal exceptions (20 events):
Event: 18.270 Thread 0x00007f04cc035460 Exception <a 'java/lang/NoSuchMethodError'{0x0000000629026c80}: 'java.lang.Object java.lang.invoke.Invokers$Holder.invokeExact_MT(java.lang.Object, java.lang.Object, java.lang.Object, java.lang.Object)'> (0x0000000629026c80) 
thrown [./src/hotspot/share/interpreter/linkResolver.cpp, line 792]
Event: 18.270 Thread 0x00007f04cc03c0c0 Exception <a 'java/lang/NoSuchMethodError'{0x00000006292ad568}: 'java.lang.Object java.lang.invoke.Invokers$Holder.invokeExact_MT(java.lang.Object, java.lang.Object, java.lang.Object, java.lang.Object)'> (0x00000006292ad568) 
thrown [./src/hotspot/share/interpreter/linkResolver.cpp, line 792]
Event: 18.270 Thread 0x00007f04cc03d480 Exception <a 'java/lang/NoSuchMethodError'{0x00000006293bd018}: 'java.lang.Object java.lang.invoke.Invokers$Holder.invokeExact_MT(java.lang.Object, java.lang.Object, java.lang.Object, java.lang.Object)'> (0x00000006293bd018) 
thrown [./src/hotspot/share/interpreter/linkResolver.cpp, line 792]
Event: 18.270 Thread 0x00007f04cc0368a0 Exception <a 'java/lang/NoSuchMethodError'{0x00000006290c1fd0}: 'java.lang.Object java.lang.invoke.Invokers$Holder.invokeExact_MT(java.lang.Object, java.lang.Object, java.lang.Object, java.lang.Object)'> (0x00000006290c1fd0) 
thrown [./src/hotspot/share/interpreter/linkResolver.cpp, line 792]
Event: 18.270 Thread 0x00007f04bc006c20 Exception <a 'java/lang/NoSuchMethodError'{0x0000000628c297a0}: 'java.lang.Object java.lang.invoke.Invokers$Holder.invokeExact_MT(java.lang.Object, java.lang.Object, java.lang.Object, java.lang.Object)'> (0x0000000628c297a0) 
thrown [./src/hotspot/share/interpreter/linkResolver.cpp, line 792]
Event: 18.270 Thread 0x00007f04cc039410 Exception <a 'java/lang/NoSuchMethodError'{0x00000006291aed18}: 'java.lang.Object java.lang.invoke.Invokers$Holder.invokeExact_MT(java.lang.Object, java.lang.Object, java.lang.Object, java.lang.Object)'> (0x00000006291aed18) 
thrown [./src/hotspot/share/interpreter/linkResolver.cpp, line 792]
Event: 18.270 Thread 0x00007f04bc005330 Exception <a 'java/lang/NoSuchMethodError'{0x000000062933b208}: 'java.lang.Object java.lang.invoke.Invokers$Holder.invokeExact_MT(java.lang.Object, java.lang.Object, java.lang.Object, java.lang.Object)'> (0x000000062933b208) 
thrown [./src/hotspot/share/interpreter/linkResolver.cpp, line 792]
Event: 18.270 Thread 0x00007f04cc032c50 Exception <a 'java/lang/NoSuchMethodError'{0x00000006297b0f48}: 'java.lang.Object java.lang.invoke.Invokers$Holder.invokeExact_MT(java.lang.Object, java.lang.Object, java.lang.Object, java.lang.Object)'> (0x00000006297b0f48) 
thrown [./src/hotspot/share/interpreter/linkResolver.cpp, line 792]
Event: 18.270 Thread 0x00007f04cc03ac60 Exception <a 'java/lang/NoSuchMethodError'{0x0000000629234740}: 'java.lang.Object java.lang.invoke.Invokers$Holder.invokeExact_MT(java.lang.Object, java.lang.Object, java.lang.Object, java.lang.Object)'> (0x0000000629234740) 
thrown [./src/hotspot/share/interpreter/linkResolver.cpp, line 792]
Event: 18.270 Thread 0x00007f04cc034020 Exception <a 'java/lang/NoSuchMethodError'{0x0000000628d0f8a8}: 'java.lang.Object java.lang.invoke.Invokers$Holder.invokeExact_MT(java.lang.Object, java.lang.Object, java.lang.Object, java.lang.Object)'> (0x0000000628d0f8a8) 
thrown [./src/hotspot/share/interpreter/linkResolver.cpp, line 792]
Event: 18.270 Thread 0x00007f04cc037c60 Exception <a 'java/lang/NoSuchMethodError'{0x000000062912c8e8}: 'java.lang.Object java.lang.invoke.Invokers$Holder.invokeExact_MT(java.lang.Object, java.lang.Object, java.lang.Object, java.lang.Object)'> (0x000000062912c8e8) 
thrown [./src/hotspot/share/interpreter/linkResolver.cpp, line 792]
Event: 18.274 Thread 0x00007f04cc035460 Exception <a 'java/lang/NoSuchMethodError'{0x0000000629036680}: 'long java.lang.invoke.DirectMethodHandle$Holder.invokeVirtual(java.lang.Object, java.lang.Object)'> (0x0000000629036680) 
thrown [./src/hotspot/share/interpreter/linkResolver.cpp, line 792]
Event: 18.275 Thread 0x00007f04cc03ac60 Exception <a 'java/lang/NoSuchMethodError'{0x0000000629240d80}: 'long java.lang.invoke.DirectMethodHandle$Holder.invokeVirtual(java.lang.Object, java.lang.Object)'> (0x0000000629240d80) 
thrown [./src/hotspot/share/interpreter/linkResolver.cpp, line 792]
Event: 18.275 Thread 0x00007f04bc005330 Exception <a 'java/lang/NoSuchMethodError'{0x0000000629346090}: 'long java.lang.invoke.DirectMethodHandle$Holder.invokeVirtual(java.lang.Object, java.lang.Object)'> (0x0000000629346090) 
thrown [./src/hotspot/share/interpreter/linkResolver.cpp, line 792]
Event: 18.275 Thread 0x00007f04cc037c60 Exception <a 'java/lang/NoSuchMethodError'{0x000000062913f070}: 'long java.lang.invoke.DirectMethodHandle$Holder.invokeVirtual(java.lang.Object, java.lang.Object)'> (0x000000062913f070) 
thrown [./src/hotspot/share/interpreter/linkResolver.cpp, line 792]
Event: 18.275 Thread 0x00007f04cc035460 Exception <a 'java/lang/NoSuchMethodError'{0x0000000629040de0}: 'java.lang.Object java.lang.invoke.Invokers$Holder.invokeExact_MT(java.lang.Object, java.lang.Object, java.lang.Object, java.lang.Object, java.lang.Object, java.lang.Object)'> (0x0000000629040de0) 
thrown [./src/hotspot/share/interpreter/linkResolver.cpp, line 792]
Event: 18.275 Thread 0x00007f04cc03d480 Exception <a 'java/lang/NoSuchMethodError'{0x00000006293c9980}: 'java.lang.Object java.lang.invoke.Invokers$Holder.invokeExact_MT(java.lang.Object, java.lang.Object, java.lang.Object, java.lang.Object, java.lang.Object, java.lang.Object)'> (0x00000006293c9980) 
thrown [./src/hotspot/share/interpreter/linkResolver.cpp, line 792]
Event: 18.275 Thread 0x00007f04cc037c60 Exception <a 'java/lang/NoSuchMethodError'{0x0000000629147eb0}: 'java.lang.Object java.lang.invoke.Invokers$Holder.invokeExact_MT(java.lang.Object, java.lang.Object, java.lang.Object, java.lang.Object, java.lang.Object, java.lang.Object)'> (0x0000000629147eb0) 
thrown [./src/hotspot/share/interpreter/linkResolver.cpp, line 792]
Event: 18.275 Thread 0x00007f04cc03ac60 Exception <a 'java/lang/NoSuchMethodError'{0x0000000629246630}: 'java.lang.Object java.lang.invoke.Invokers$Holder.invokeExact_MT(java.lang.Object, java.lang.Object, java.lang.Object, java.lang.Object, java.lang.Object, java.lang.Object)'> (0x0000000629246630) 
thrown [./src/hotspot/share/interpreter/linkResolver.cpp, line 792]
Event: 18.276 Thread 0x00007f04bc006c20 Exception <a 'java/lang/NoSuchMethodError'{0x0000000628c33d38}: 'java.lang.Object java.lang.invoke.Invokers$Holder.invokeExact_MT(java.lang.Object, java.lang.Object, java.lang.Object, java.lang.Object, java.lang.Object, java.lang.Object)'> (0x0000000628c33d38) 
thrown [./src/hotspot/share/interpreter/linkResolver.cpp, line 792]

Events (20 events):
Event: 19.049 Executing coalesced safepoint VM operation: ThreadDump
Event: 19.049 Executing coalesced safepoint VM operation: ThreadDump done
Event: 19.049 Executing coalesced safepoint VM operation: ThreadDump
Event: 19.049 Executing coalesced safepoint VM operation: ThreadDump done
Event: 19.049 Executing coalesced safepoint VM operation: ThreadDump
Event: 19.049 Executing coalesced safepoint VM operation: ThreadDump done
Event: 19.049 Executing coalesced safepoint VM operation: ThreadDump
Event: 19.049 Executing coalesced safepoint VM operation: ThreadDump done
Event: 19.049 Executing coalesced safepoint VM operation: ThreadDump
Event: 19.049 Executing coalesced safepoint VM operation: ThreadDump done
Event: 19.049 Executing coalesced safepoint VM operation: ThreadDump
Event: 19.050 Executing coalesced safepoint VM operation: ThreadDump done
Event: 19.050 Executing coalesced safepoint VM operation: ThreadDump
Event: 19.050 Executing coalesced safepoint VM operation: ThreadDump done
Event: 19.050 Executing coalesced safepoint VM operation: ThreadDump
Event: 19.050 Executing coalesced safepoint VM operation: ThreadDump done
Event: 19.050 Executing coalesced safepoint VM operation: ThreadDump
Event: 19.050 Executing coalesced safepoint VM operation: ThreadDump done
Event: 19.050 Executing VM operation: ThreadDump done
Event: 19.050 Executing VM operation: ThreadDump


Dynamic libraries:
60a400000-629c00000 rw-p 00000000 00:00 0 
629c00000-7ff800000 ---p 00000000 00:00 0 
7ff800000-7ffb00000 rw-p 00000000 00:00 0 
7ffb00000-7ffb53000 rw-p 00c46000 08:02 53742112                         /home/rm/var/tmp/jdk-loom/lib/server/classes.jsa
7ffb53000-7ffc00000 rw-p 00000000 00:00 0 
7ffc00000-7ffc7e000 rw-p 00bc8000 08:02 53742112                         /home/rm/var/tmp/jdk-loom/lib/server/classes.jsa
7ffc7e000-800000000 rw-p 00000000 00:00 0 
800000000-800003000 rwxp 00001000 08:02 53742112                         /home/rm/var/tmp/jdk-loom/lib/server/classes.jsa
800003000-800422000 rw-p 00004000 08:02 53742112                         /home/rm/var/tmp/jdk-loom/lib/server/classes.jsa
800422000-800b92000 r--p 00423000 08:02 53742112                         /home/rm/var/tmp/jdk-loom/lib/server/classes.jsa
800b92000-800b94000 ---p 00000000 00:00 0 
800b94000-800c34000 rw-p 00000000 00:00 0 
800c34000-840b94000 ---p 00000000 00:00 0 
5610d472a000-5610d472b000 r-xp 00000000 08:02 53085981                   /home/rm/var/tmp/jdk-loom/bin/java
5610d492b000-5610d492c000 r--p 00001000 08:02 53085981                   /home/rm/var/tmp/jdk-loom/bin/java
5610d492c000-5610d492d000 rw-p 00002000 08:02 53085981                   /home/rm/var/tmp/jdk-loom/bin/java
5610d4ea7000-5610d4ec8000 rw-p 00000000 00:00 0                          [heap]
7f0464000000-7f0464021000 rw-p 00000000 00:00 0 
7f0464021000-7f0468000000 ---p 00000000 00:00 0 
7f0468000000-7f0468021000 rw-p 00000000 00:00 0 
7f0468021000-7f046c000000 ---p 00000000 00:00 0 
7f046c000000-7f046c021000 rw-p 00000000 00:00 0 
7f046c021000-7f0470000000 ---p 00000000 00:00 0 
7f0470000000-7f0470021000 rw-p 00000000 00:00 0 
7f0470021000-7f0474000000 ---p 00000000 00:00 0 
7f0474000000-7f0474021000 rw-p 00000000 00:00 0 
7f0474021000-7f0478000000 ---p 00000000 00:00 0 
7f0478000000-7f0478021000 rw-p 00000000 00:00 0 
7f0478021000-7f047c000000 ---p 00000000 00:00 0 
7f047c000000-7f047c021000 rw-p 00000000 00:00 0 
7f047c021000-7f0480000000 ---p 00000000 00:00 0 
7f0480000000-7f0480021000 rw-p 00000000 00:00 0 
7f0480021000-7f0484000000 ---p 00000000 00:00 0 
7f0484000000-7f04844ca000 rw-p 00000000 00:00 0 
7f04844ca000-7f0488000000 ---p 00000000 00:00 0 
7f0488000000-7f0488021000 rw-p 00000000 00:00 0 
7f0488021000-7f048c000000 ---p 00000000 00:00 0 
7f048c000000-7f048d278000 rw-p 00000000 00:00 0 
7f048d278000-7f0490000000 ---p 00000000 00:00 0 
7f0490000000-7f049064c000 rw-p 00000000 00:00 0 
7f049064c000-7f0494000000 ---p 00000000 00:00 0 
7f0494000000-7f04952fd000 rw-p 00000000 00:00 0 
7f04952fd000-7f0498000000 ---p 00000000 00:00 0 
7f0498000000-7f04993be000 rw-p 00000000 00:00 0 
7f04993be000-7f049c000000 ---p 00000000 00:00 0 
7f049c000000-7f049d3bf000 rw-p 00000000 00:00 0 
7f049d3bf000-7f04a0000000 ---p 00000000 00:00 0 
7f04a0000000-7f04a13c1000 rw-p 00000000 00:00 0 
7f04a13c1000-7f04a4000000 ---p 00000000 00:00 0 
7f04a4000000-7f04a5305000 rw-p 00000000 00:00 0 
7f04a5305000-7f04a8000000 ---p 00000000 00:00 0 
7f04a8000000-7f04a9342000 rw-p 00000000 00:00 0 
7f04a9342000-7f04ac000000 ---p 00000000 00:00 0 
7f04ac000000-7f04ad1fe000 rw-p 00000000 00:00 0 
7f04ad1fe000-7f04b0000000 ---p 00000000 00:00 0 
7f04b0000000-7f04b1450000 rw-p 00000000 00:00 0 
7f04b1450000-7f04b4000000 ---p 00000000 00:00 0 
7f04b4000000-7f04b5549000 rw-p 00000000 00:00 0 
7f04b5549000-7f04b8000000 ---p 00000000 00:00 0 
7f04b8000000-7f04b93cc000 rw-p 00000000 00:00 0 
7f04b93cc000-7f04bc000000 ---p 00000000 00:00 0 
7f04bc000000-7f04bd44c000 rw-p 00000000 00:00 0 
7f04bd44c000-7f04c0000000 ---p 00000000 00:00 0 
7f04c0000000-7f04c0025000 rw-p 00000000 00:00 0 
7f04c0025000-7f04c4000000 ---p 00000000 00:00 0 
7f04c6504000-7f04c68e0000 rw-p 00000000 00:00 0 
7f04c68e0000-7f04c68e1000 ---p 00000000 00:00 0 
7f04c68e1000-7f04c69e2000 rw-p 00000000 00:00 0 
7f04c69e2000-7f04c69e3000 ---p 00000000 00:00 0 
7f04c69e3000-7f04c6ae4000 rw-p 00000000 00:00 0 
7f04c6ae4000-7f04c6ae5000 ---p 00000000 00:00 0 
7f04c6ae5000-7f04c6be6000 rw-p 00000000 00:00 0 
7f04c6be6000-7f04c6be7000 ---p 00000000 00:00 0 
7f04c6be7000-7f04c6ce8000 rw-p 00000000 00:00 0 
7f04c6ce8000-7f04c6ce9000 ---p 00000000 00:00 0 
7f04c6ce9000-7f04c6dea000 rw-p 00000000 00:00 0 
7f04c6dea000-7f04c6deb000 ---p 00000000 00:00 0 
7f04c6deb000-7f04c6eec000 rw-p 00000000 00:00 0 
7f04c6eec000-7f04c6eed000 ---p 00000000 00:00 0 
7f04c6eed000-7f04c6fee000 rw-p 00000000 00:00 0 
7f04c6fee000-7f04c6fef000 ---p 00000000 00:00 0 
7f04c6fef000-7f04c70f0000 rw-p 00000000 00:00 0 
7f04c70f0000-7f04c70f1000 ---p 00000000 00:00 0 
7f04c70f1000-7f04c71f2000 rw-p 00000000 00:00 0 
7f04c71f2000-7f04c71f6000 ---p 00000000 00:00 0 
7f04c71f6000-7f04c72f3000 rw-p 00000000 00:00 0 
7f04c72f3000-7f04c72f7000 ---p 00000000 00:00 0 
7f04c72f7000-7f04c73f4000 rw-p 00000000 00:00 0 
7f04c73f4000-7f04c73f8000 ---p 00000000 00:00 0 
7f04c73f8000-7f04c74f5000 rw-p 00000000 00:00 0 
7f04c74f5000-7f04c74f9000 ---p 00000000 00:00 0 
7f04c74f9000-7f04c75f6000 rw-p 00000000 00:00 0 
7f04c75f6000-7f04c75fa000 ---p 00000000 00:00 0 
7f04c75fa000-7f04c76f7000 rw-p 00000000 00:00 0 
7f04c76f7000-7f04c76fb000 ---p 00000000 00:00 0 
7f04c76fb000-7f04c77f8000 rw-p 00000000 00:00 0 
7f04c77f8000-7f04c77fc000 ---p 00000000 00:00 0 
7f04c77fc000-7f04c78f9000 rw-p 00000000 00:00 0 
7f04c78f9000-7f04c78fd000 ---p 00000000 00:00 0 
7f04c78fd000-7f04c79fa000 rw-p 00000000 00:00 0 
7f04c79fa000-7f04c79fe000 ---p 00000000 00:00 0 
7f04c79fe000-7f04c7afb000 rw-p 00000000 00:00 0 
7f04c7afb000-7f04c7aff000 ---p 00000000 00:00 0 
7f04c7aff000-7f04c7bfc000 rw-p 00000000 00:00 0 
7f04c7bfc000-7f04c7c00000 ---p 00000000 00:00 0 
7f04c7c00000-7f04c7cfd000 rw-p 00000000 00:00 0 
7f04c7cfd000-7f04c7d01000 ---p 00000000 00:00 0 
7f04c7d01000-7f04c7dfe000 rw-p 00000000 00:00 0 
7f04c7dfe000-7f04c7e02000 ---p 00000000 00:00 0 
7f04c7e02000-7f04c7eff000 rw-p 00000000 00:00 0 
7f04c7eff000-7f04c7f03000 ---p 00000000 00:00 0 
7f04c7f03000-7f04c8000000 rw-p 00000000 00:00 0 
7f04c8000000-7f04c8021000 rw-p 00000000 00:00 0 
7f04c8021000-7f04cc000000 ---p 00000000 00:00 0 
7f04cc000000-7f04cc043000 rw-p 00000000 00:00 0 
7f04cc043000-7f04d0000000 ---p 00000000 00:00 0 
7f04d0000000-7f04d0021000 rw-p 00000000 00:00 0 
7f04d0021000-7f04d4000000 ---p 00000000 00:00 0 
7f04d4000000-7f04d4021000 rw-p 00000000 00:00 0 
7f04d4021000-7f04d8000000 ---p 00000000 00:00 0 
7f04d8000000-7f04d8021000 rw-p 00000000 00:00 0 
7f04d8021000-7f04dc000000 ---p 00000000 00:00 0 
7f04dc000000-7f04dc021000 rw-p 00000000 00:00 0 
7f04dc021000-7f04e0000000 ---p 00000000 00:00 0 
7f04e0000000-7f04e0522000 rw-p 00000000 00:00 0 
7f04e0522000-7f04e4000000 ---p 00000000 00:00 0 
7f04e4000000-7f04e432d000 rw-p 00000000 00:00 0 
7f04e432d000-7f04e8000000 ---p 00000000 00:00 0 
7f04e8000000-7f04e8021000 rw-p 00000000 00:00 0 
7f04e8021000-7f04ec000000 ---p 00000000 00:00 0 
7f04ec000000-7f04ec021000 rw-p 00000000 00:00 0 
7f04ec021000-7f04f0000000 ---p 00000000 00:00 0 
7f04f0000000-7f04f0021000 rw-p 00000000 00:00 0 
7f04f0021000-7f04f4000000 ---p 00000000 00:00 0 
7f04f4000000-7f04f4021000 rw-p 00000000 00:00 0 
7f04f4021000-7f04f8000000 ---p 00000000 00:00 0 
7f04f8000000-7f04f8021000 rw-p 00000000 00:00 0 
7f04f8021000-7f04fc000000 ---p 00000000 00:00 0 
7f04fc000000-7f04fc69b000 rw-p 00000000 00:00 0 
7f04fc69b000-7f0500000000 ---p 00000000 00:00 0 
7f0500000000-7f0500021000 rw-p 00000000 00:00 0 
7f0500021000-7f0504000000 ---p 00000000 00:00 0 
7f05040cd000-7f05040d1000 ---p 00000000 00:00 0 
7f05040d1000-7f05041ce000 rw-p 00000000 00:00 0 
7f05041ce000-7f05041d2000 ---p 00000000 00:00 0 
7f05041d2000-7f05042cf000 rw-p 00000000 00:00 0 
7f05042cf000-7f05042d1000 r-xp 00000000 08:02 53742138                   /home/rm/var/tmp/jdk-loom/lib/libextnet.so
7f05042d1000-7f05044d0000 ---p 00002000 08:02 53742138                   /home/rm/var/tmp/jdk-loom/lib/libextnet.so
7f05044d0000-7f05044d1000 r--p 00001000 08:02 53742138                   /home/rm/var/tmp/jdk-loom/lib/libextnet.so
7f05044d1000-7f05044d2000 rw-p 00002000 08:02 53742138                   /home/rm/var/tmp/jdk-loom/lib/libextnet.so
7f05044d2000-7f05044d3000 ---p 00000000 00:00 0 
7f05044d3000-7f05045d4000 rw-p 00000000 00:00 0 
7f05045d4000-7f05045d8000 ---p 00000000 00:00 0 
7f05045d8000-7f05046d5000 rw-p 00000000 00:00 0 
7f05046d5000-7f05046d9000 ---p 00000000 00:00 0 
7f05046d9000-7f05047d6000 rw-p 00000000 00:00 0 
7f05047d6000-7f05047e3000 r-xp 00000000 08:02 53742092                   /home/rm/var/tmp/jdk-loom/lib/libverify.so
7f05047e3000-7f05049e2000 ---p 0000d000 08:02 53742092                   /home/rm/var/tmp/jdk-loom/lib/libverify.so
7f05049e2000-7f05049e4000 r--p 0000c000 08:02 53742092                   /home/rm/var/tmp/jdk-loom/lib/libverify.so
7f05049e4000-7f05049e5000 rw-p 0000e000 08:02 53742092                   /home/rm/var/tmp/jdk-loom/lib/libverify.so
7f05049e5000-7f05049f9000 r-xp 00000000 08:02 53742149                   /home/rm/var/tmp/jdk-loom/lib/libnet.so
7f05049f9000-7f0504bf9000 ---p 00014000 08:02 53742149                   /home/rm/var/tmp/jdk-loom/lib/libnet.so
7f0504bf9000-7f0504bfa000 r--p 00014000 08:02 53742149                   /home/rm/var/tmp/jdk-loom/lib/libnet.so
7f0504bfa000-7f0504bfb000 rw-p 00015000 08:02 53742149                   /home/rm/var/tmp/jdk-loom/lib/libnet.so
7f0504bfb000-7f0504c0c000 r-xp 00000000 08:02 53742159                   /home/rm/var/tmp/jdk-loom/lib/libnio.so
7f0504c0c000-7f0504e0b000 ---p 00011000 08:02 53742159                   /home/rm/var/tmp/jdk-loom/lib/libnio.so
7f0504e0b000-7f0504e0c000 r--p 00010000 08:02 53742159                   /home/rm/var/tmp/jdk-loom/lib/libnio.so
7f0504e0c000-7f0504e0d000 rw-p 00011000 08:02 53742159                   /home/rm/var/tmp/jdk-loom/lib/libnio.so
7f0504e0d000-7f0504e14000 r-xp 00000000 08:02 53742069                   /home/rm/var/tmp/jdk-loom/lib/libzip.so
7f0504e14000-7f0505013000 ---p 00007000 08:02 53742069                   /home/rm/var/tmp/jdk-loom/lib/libzip.so
7f0505013000-7f0505014000 r--p 00006000 08:02 53742069                   /home/rm/var/tmp/jdk-loom/lib/libzip.so
7f0505014000-7f0505015000 rw-p 00007000 08:02 53742069                   /home/rm/var/tmp/jdk-loom/lib/libzip.so
7f0505015000-7f0505019000 ---p 00000000 00:00 0 
7f0505019000-7f0505116000 rw-p 00000000 00:00 0 
7f0505116000-7f050511a000 ---p 00000000 00:00 0 
7f050511a000-7f0505217000 rw-p 00000000 00:00 0 
7f0505217000-7f050521b000 ---p 00000000 00:00 0 
7f050521b000-7f0505318000 rw-p 00000000 00:00 0 
7f0505318000-7f050531c000 ---p 00000000 00:00 0 
7f050531c000-7f0505419000 rw-p 00000000 00:00 0 
7f0505419000-7f050541d000 ---p 00000000 00:00 0 
7f050541d000-7f050551a000 rw-p 00000000 00:00 0 
7f050551a000-7f0505800000 r--p 00000000 08:02 37268289                   /usr/lib/locale/locale-archive
7f0505800000-7f0505d00000 rw-p 00000000 00:00 0 
7f0505d00000-7f0506000000 ---p 00000000 00:00 0 
7f0506000000-7f0508000000 rw-p 00000000 00:00 0 
7f0508000000-7f0508021000 rw-p 00000000 00:00 0 
7f0508021000-7f050c000000 ---p 00000000 00:00 0 
7f050c000000-7f050c021000 rw-p 00000000 00:00 0 
7f050c021000-7f0510000000 ---p 00000000 00:00 0 
7f0510000000-7f0510021000 rw-p 00000000 00:00 0 
7f0510021000-7f0514000000 ---p 00000000 00:00 0 
7f0514086000-7f051408a000 ---p 00000000 00:00 0 
7f051408a000-7f0514187000 rw-p 00000000 00:00 0 
7f0514187000-7f051418b000 ---p 00000000 00:00 0 
7f051418b000-7f0514288000 rw-p 00000000 00:00 0 
7f0514288000-7f051428c000 ---p 00000000 00:00 0 
7f051428c000-7f0514389000 rw-p 00000000 00:00 0 
7f0514389000-7f051438a000 ---p 00000000 00:00 0 
7f051438a000-7f05145a8000 rw-p 00000000 00:00 0 
7f05145a8000-7f05145a9000 ---p 00000000 00:00 0 
7f05145a9000-7f05146aa000 rw-p 00000000 00:00 0 
7f05146aa000-7f05146ab000 ---p 00000000 00:00 0 
7f05146ab000-7f05151b6000 rw-p 00000000 00:00 0 
7f05151b6000-7f05151b7000 ---p 00000000 00:00 0 
7f05151b7000-7f05152b8000 rw-p 00000000 00:00 0 
7f05152b8000-7f05152b9000 ---p 00000000 00:00 0 
7f05152b9000-7f05153ba000 rw-p 00000000 00:00 0 
7f05153ba000-7f05153bb000 ---p 00000000 00:00 0 
7f05153bb000-7f0515d1e000 rw-p 00000000 00:00 0 
7f0515d1e000-7f051d28e000 ---p 00000000 00:00 0 
7f051d28e000-7f051da8e000 rw-p 00000000 00:00 0 
7f051da8e000-7f0524ffe000 ---p 00000000 00:00 0 
7f0524ffe000-7f052511a000 rw-p 00000000 00:00 0 
7f052511a000-7f0525fc8000 ---p 00000000 00:00 0 
7f0525fc8000-7f05260c8000 rw-p 00000000 00:00 0 
7f05260c8000-7f0526f76000 ---p 00000000 00:00 0 
7f0526f76000-7f0527076000 rw-p 00000000 00:00 0 
7f0527076000-7f0527f24000 ---p 00000000 00:00 0 
7f0527f24000-7f0528976000 rw-p 00000000 00:00 0 
7f0528976000-7f0528a5c000 ---p 00000000 00:00 0 
7f0528a5c000-7f0528ccc000 rwxp 00000000 00:00 0 
7f0528ccc000-7f0528fee000 ---p 00000000 00:00 0 
7f0528fee000-7f05293be000 rwxp 00000000 00:00 0 
7f05293be000-7f0530525000 ---p 00000000 00:00 0 
7f0530525000-7f0530795000 rwxp 00000000 00:00 0 
7f0530795000-7f0537a5c000 ---p 00000000 00:00 0 
7f0537a5c000-7f0540000000 r--s 00000000 08:02 53742174                   /home/rm/var/tmp/jdk-loom/lib/modules
7f0540000000-7f054034a000 rw-p 00000000 00:00 0 
7f054034a000-7f0544000000 ---p 00000000 00:00 0 
7f054401f000-7f0544027000 rw-p 00000000 00:00 0 
7f0544027000-7f054410a000 ---p 00000000 00:00 0 
7f054410a000-7f054412e000 r-xp 00000000 08:02 53742078                   /home/rm/var/tmp/jdk-loom/lib/libjava.so
7f054412e000-7f054432d000 ---p 00024000 08:02 53742078                   /home/rm/var/tmp/jdk-loom/lib/libjava.so
7f054432d000-7f054432e000 r--p 00023000 08:02 53742078                   /home/rm/var/tmp/jdk-loom/lib/libjava.so
7f054432e000-7f054432f000 rw-p 00024000 08:02 53742078                   /home/rm/var/tmp/jdk-loom/lib/libjava.so
7f054432f000-7f0544330000 rw-p 00000000 00:00 0 
7f0544330000-7f054433a000 r-xp 00000000 08:02 53742179                   /home/rm/var/tmp/jdk-loom/lib/libinstrument.so
7f054433a000-7f0544539000 ---p 0000a000 08:02 53742179                   /home/rm/var/tmp/jdk-loom/lib/libinstrument.so
7f0544539000-7f054453a000 r--p 00009000 08:02 53742179                   /home/rm/var/tmp/jdk-loom/lib/libinstrument.so
7f054453a000-7f054453b000 rw-p 0000a000 08:02 53742179                   /home/rm/var/tmp/jdk-loom/lib/libinstrument.so
7f054453b000-7f0544556000 r-xp 00000000 08:02 53742053                   /home/rm/var/tmp/jdk-loom/lib/libjimage.so
7f0544556000-7f0544755000 ---p 0001b000 08:02 53742053                   /home/rm/var/tmp/jdk-loom/lib/libjimage.so
7f0544755000-7f0544757000 r--p 0001a000 08:02 53742053                   /home/rm/var/tmp/jdk-loom/lib/libjimage.so
7f0544757000-7f0544758000 rw-p 0001c000 08:02 53742053                   /home/rm/var/tmp/jdk-loom/lib/libjimage.so
7f0544758000-7f054475b000 r--p 00000000 08:02 37227983                   /usr/lib/librt-2.31.so
7f054475b000-7f054475f000 r-xp 00003000 08:02 37227983                   /usr/lib/librt-2.31.so
7f054475f000-7f0544760000 r--p 00007000 08:02 37227983                   /usr/lib/librt-2.31.so
7f0544760000-7f0544761000 ---p 00008000 08:02 37227983                   /usr/lib/librt-2.31.so
7f0544761000-7f0544762000 r--p 00008000 08:02 37227983                   /usr/lib/librt-2.31.so
7f0544762000-7f0544763000 rw-p 00009000 08:02 37227983                   /usr/lib/librt-2.31.so
7f0544763000-7f0544767000 ---p 00000000 00:00 0 
7f0544767000-7f0544864000 rw-p 00000000 00:00 0 
7f0544864000-7f0544873000 r--p 00000000 08:02 37227930                   /usr/lib/libm-2.31.so
7f0544873000-7f054490e000 r-xp 0000f000 08:02 37227930                   /usr/lib/libm-2.31.so
7f054490e000-7f05449a7000 r--p 000aa000 08:02 37227930                   /usr/lib/libm-2.31.so
7f05449a7000-7f05449a8000 r--p 00142000 08:02 37227930                   /usr/lib/libm-2.31.so
7f05449a8000-7f05449a9000 rw-p 00143000 08:02 37227930                   /usr/lib/libm-2.31.so
7f05449a9000-7f0545ca7000 r-xp 00000000 08:02 53742108                   /home/rm/var/tmp/jdk-loom/lib/server/libjvm.so
7f0545ca7000-7f0545ea7000 ---p 012fe000 08:02 53742108                   /home/rm/var/tmp/jdk-loom/lib/server/libjvm.so
7f0545ea7000-7f0545f45000 r--p 012fe000 08:02 53742108                   /home/rm/var/tmp/jdk-loom/lib/server/libjvm.so
7f0545f45000-7f0545f7e000 rw-p 0139c000 08:02 53742108                   /home/rm/var/tmp/jdk-loom/lib/server/libjvm.so
7f0545f7e000-7f054600a000 rw-p 00000000 00:00 0 
7f054600a000-7f054602f000 r--p 00000000 08:02 37227897                   /usr/lib/libc-2.31.so
7f054602f000-7f054617c000 r-xp 00025000 08:02 37227897                   /usr/lib/libc-2.31.so
7f054617c000-7f05461c6000 r--p 00172000 08:02 37227897                   /usr/lib/libc-2.31.so
7f05461c6000-7f05461c7000 ---p 001bc000 08:02 37227897                   /usr/lib/libc-2.31.so
7f05461c7000-7f05461ca000 r--p 001bc000 08:02 37227897                   /usr/lib/libc-2.31.so
7f05461ca000-7f05461cd000 rw-p 001bf000 08:02 37227897                   /usr/lib/libc-2.31.so
7f05461cd000-7f05461d1000 rw-p 00000000 00:00 0 
7f05461d1000-7f05461d2000 r--p 00000000 08:02 37227916                   /usr/lib/libdl-2.31.so
7f05461d2000-7f05461d4000 r-xp 00001000 08:02 37227916                   /usr/lib/libdl-2.31.so
7f05461d4000-7f05461d5000 r--p 00003000 08:02 37227916                   /usr/lib/libdl-2.31.so
7f05461d5000-7f05461d6000 r--p 00003000 08:02 37227916                   /usr/lib/libdl-2.31.so
7f05461d6000-7f05461d7000 rw-p 00004000 08:02 37227916                   /usr/lib/libdl-2.31.so
7f05461d7000-7f05461de000 r--p 00000000 08:02 37227974                   /usr/lib/libpthread-2.31.so
7f05461de000-7f05461ee000 r-xp 00007000 08:02 37227974                   /usr/lib/libpthread-2.31.so
7f05461ee000-7f05461f3000 r--p 00017000 08:02 37227974                   /usr/lib/libpthread-2.31.so
7f05461f3000-7f05461f4000 r--p 0001b000 08:02 37227974                   /usr/lib/libpthread-2.31.so
7f05461f4000-7f05461f5000 rw-p 0001c000 08:02 37227974                   /usr/lib/libpthread-2.31.so
7f05461f5000-7f05461f9000 rw-p 00000000 00:00 0 
7f05461f9000-7f0546208000 r-xp 00000000 08:02 53742037                   /home/rm/var/tmp/jdk-loom/lib/libjli.so
7f0546208000-7f0546408000 ---p 0000f000 08:02 53742037                   /home/rm/var/tmp/jdk-loom/lib/libjli.so
7f0546408000-7f0546409000 r--p 0000f000 08:02 53742037                   /home/rm/var/tmp/jdk-loom/lib/libjli.so
7f0546409000-7f054640a000 rw-p 00010000 08:02 53742037                   /home/rm/var/tmp/jdk-loom/lib/libjli.so
7f054640a000-7f054640d000 r--p 00000000 08:02 37237552                   /usr/lib/libz.so.1.2.11
7f054640d000-7f054641b000 r-xp 00003000 08:02 37237552                   /usr/lib/libz.so.1.2.11
7f054641b000-7f0546421000 r--p 00011000 08:02 37237552                   /usr/lib/libz.so.1.2.11
7f0546421000-7f0546422000 ---p 00017000 08:02 37237552                   /usr/lib/libz.so.1.2.11
7f0546422000-7f0546423000 r--p 00017000 08:02 37237552                   /usr/lib/libz.so.1.2.11
7f0546423000-7f0546424000 rw-p 00018000 08:02 37237552                   /usr/lib/libz.so.1.2.11
7f0546424000-7f0546426000 rw-p 00000000 00:00 0 
7f0546436000-7f0546437000 r--p 00000000 08:02 37268235                   /usr/share/locale/en_GB/LC_MESSAGES/libc.mo
7f0546437000-7f054643c000 rw-p 00000000 00:00 0 
7f054643c000-7f0546443000 ---p 00000000 00:00 0 
7f0546443000-7f054644b000 rw-s 00000000 00:2f 5332716                    /tmp/hsperfdata_rm/341210
7f054644b000-7f054644e000 r--p 00000000 08:02 37227964                   /usr/lib/libnss_files-2.31.so
7f054644e000-7f0546455000 r-xp 00003000 08:02 37227964                   /usr/lib/libnss_files-2.31.so
7f0546455000-7f0546457000 r--p 0000a000 08:02 37227964                   /usr/lib/libnss_files-2.31.so
7f0546457000-7f0546458000 r--p 0000b000 08:02 37227964                   /usr/lib/libnss_files-2.31.so
7f0546458000-7f0546459000 rw-p 0000c000 08:02 37227964                   /usr/lib/libnss_files-2.31.so
7f0546459000-7f054645f000 rw-p 00000000 00:00 0 
7f054645f000-7f0546460000 ---p 00000000 00:00 0 
7f0546460000-7f0546461000 r--p 00000000 00:00 0 
7f0546461000-7f0546463000 r--p 00000000 08:02 37227873                   /usr/lib/ld-2.31.so
7f0546463000-7f0546483000 r-xp 00002000 08:02 37227873                   /usr/lib/ld-2.31.so
7f0546483000-7f054648b000 r--p 00022000 08:02 37227873                   /usr/lib/ld-2.31.so
7f054648b000-7f054648c000 ---p 00000000 00:00 0 
7f054648c000-7f054648d000 r--p 0002a000 08:02 37227873                   /usr/lib/ld-2.31.so
7f054648d000-7f054648e000 rw-p 0002b000 08:02 37227873                   /usr/lib/ld-2.31.so
7f054648e000-7f054648f000 rw-p 00000000 00:00 0 
7ffe23e3b000-7ffe23e5c000 rw-p 00000000 00:00 0                          [stack]
7ffe23f06000-7ffe23f0a000 r--p 00000000 00:00 0                          [vvar]
7ffe23f0a000-7ffe23f0c000 r-xp 00000000 00:00 0                          [vdso]
ffffffffff600000-ffffffffff601000 --xp 00000000 00:00 0                  [vsyscall]


VM Arguments:
jvm_args: -javaagent:/usr/share/idea/lib/idea_rt.jar=36587:/usr/share/idea/bin -Dfile.encoding=UTF-8 
java_command: com.io7m.loom_20200607.Main
java_class_path (initial): /home/rm/git/com.github/io7m/loom-20200607/target/classes:/home/rm/.m2/repository/org/nanohttpd/nanohttpd/2.3.1/nanohttpd-2.3.1.jar:/home/rm/.m2/repository/ch/qos/logback/logback-classic/1.3.0-alpha4/logback-classic-1.3.0-alpha4.jar:/home/rm/.m2/repository/ch/qos/logback/logback-core/1.3.0-alpha4/logback-core-1.3.0-alpha4.jar:/home/rm/.m2/repository/org/slf4j/slf4j-api/1.8.0-beta1/slf4j-api-1.8.0-beta1.jar:/home/rm/.m2/repository/com/sun/mail/javax.mail/1.6.0/javax.mail-1.6.0.jar:/home/rm/.m2/repository/javax/activation/activation/1.1/activation-1.1.jar
Launcher Type: SUN_STANDARD

[Global flags]
     intx CICompilerCount                          = 4                                         {product} {ergonomic}
     uint ConcGCThreads                            = 3                                         {product} {ergonomic}
     uint G1ConcRefinementThreads                  = 10                                        {product} {ergonomic}
   size_t G1HeapRegionSize                         = 4194304                                   {product} {ergonomic}
    uintx GCDrainStackTargetSize                   = 64                                        {product} {ergonomic}
   size_t InitialHeapSize                          = 528482304                                 {product} {ergonomic}
   size_t MarkStackSize                            = 4194304                                   {product} {ergonomic}
   size_t MaxHeapSize                              = 8417968128                                {product} {ergonomic}
   size_t MaxNewSize                               = 5049942016                                {product} {ergonomic}
   size_t MinHeapDeltaBytes                        = 4194304                                   {product} {ergonomic}
   size_t MinHeapSize                              = 8388608                                   {product} {ergonomic}
    uintx NonNMethodCodeHeapSize                   = 5839372                                {pd product} {ergonomic}
    uintx NonProfiledCodeHeapSize                  = 122909434                              {pd product} {ergonomic}
    uintx ProfiledCodeHeapSize                     = 122909434                              {pd product} {ergonomic}
    uintx ReservedCodeCacheSize                    = 251658240                              {pd product} {ergonomic}
     bool SegmentedCodeCache                       = true                                      {product} {ergonomic}
   size_t SoftMaxHeapSize                          = 8417968128                             {manageable} {ergonomic}
     bool UseCompressedClassPointers               = true                                 {lp64_product} {ergonomic}
     bool UseCompressedOops                        = true                                 {lp64_product} {ergonomic}
     bool UseG1GC                                  = true                                      {product} {ergonomic}

Logging:
Log output configuration:
 #0: stdout all=warning uptime,level,tags
 #1: stderr all=off uptime,level,tags

Environment Variables:
PATH=/usr/local/sbin:/usr/local/bin:/usr/bin:/usr/bin/site_perl:/usr/bin/vendor_perl:/usr/bin/core_perl:/home/rm/bin:/home/rm/opt/apache-maven-3.6.2/bin:/home/rm/opt/git-flow/bin:/home/rm/git/com.github/fabioz/mu-repo
SHELL=/bin/bash
DISPLAY=:0
LANG=en_GB.UTF-8

Signal Handlers:
SIGSEGV: [libjvm.so+0xfbfef0], sa_mask[0]=11111111011111111101111111111110, sa_flags=SA_RESTART|SA_SIGINFO
SIGBUS: [libjvm.so+0xfbfef0], sa_mask[0]=11111111011111111101111111111110, sa_flags=SA_RESTART|SA_SIGINFO
SIGFPE: [libjvm.so+0xfbfef0], sa_mask[0]=11111111011111111101111111111110, sa_flags=SA_RESTART|SA_SIGINFO
SIGPIPE: [libjvm.so+0xc9e1e0], sa_mask[0]=11111111011111111101111111111110, sa_flags=SA_RESTART|SA_SIGINFO
SIGXFSZ: [libjvm.so+0xc9e1e0], sa_mask[0]=11111111011111111101111111111110, sa_flags=SA_RESTART|SA_SIGINFO
SIGILL: [libjvm.so+0xfbfef0], sa_mask[0]=11111111011111111101111111111110, sa_flags=SA_RESTART|SA_SIGINFO
SIGUSR2: [libjvm.so+0xc9e080], sa_mask[0]=00100000000000000000000000000000, sa_flags=SA_RESTART|SA_SIGINFO
SIGHUP: [libjvm.so+0xc9e7a0], sa_mask[0]=11111111011111111101111111111110, sa_flags=SA_RESTART|SA_SIGINFO
SIGINT: [libjvm.so+0xc9e7a0], sa_mask[0]=11111111011111111101111111111110, sa_flags=SA_RESTART|SA_SIGINFO
SIGTERM: [libjvm.so+0xc9e7a0], sa_mask[0]=11111111011111111101111111111110, sa_flags=SA_RESTART|SA_SIGINFO
SIGQUIT: [libjvm.so+0xc9e7a0], sa_mask[0]=11111111011111111101111111111110, sa_flags=SA_RESTART|SA_SIGINFO


---------------  S Y S T E M  ---------------

OS:NAME="Arch Linux"
PRETTY_NAME="Arch Linux"
ID=arch
BUILD_ID=rolling
ANSI_COLOR="38;2;23;147;209"
HOME_URL="https://www.archlinux.org/"
DOCUMENTATION_URL="https://wiki.archlinux.org/"
SUPPORT_URL="https://bbs.archlinux.org/"
BUG_REPORT_URL="https://bugs.archlinux.org/"
LOGO=archlinux
uname:Linux 5.6.13-arch1-1 #1 SMP PREEMPT Thu, 14 May 2020 06:52:53 +0000 x86_64
OS uptime: 10 days 10:10 hours
libc:glibc 2.31 NPTL 2.31 
rlimit (soft/hard): STACK 8192k/infinity , CORE infinity/infinity , NPROC 128014/128014 , NOFILE 524288/524288 , AS infinity/infinity , CPU infinity/infinity , DATA infinity/infinity , FSIZE infinity/infinity , MEMLOCK infinity/infinity
load average:0.75 0.92 1.01

/proc/meminfo:
MemTotal:       32868408 kB
MemFree:         2454708 kB
MemAvailable:   25359060 kB
Buffers:         1244652 kB
Cached:         22090856 kB
SwapCached:            0 kB
Active:         10991828 kB
Inactive:       17260432 kB
Active(anon):    6082352 kB
Inactive(anon):   426728 kB
Active(file):    4909476 kB
Inactive(file): 16833704 kB
Unevictable:       80424 kB
Mlocked:           80424 kB
SwapTotal:             0 kB
SwapFree:              0 kB
Dirty:             15128 kB
Writeback:             0 kB
AnonPages:       4997616 kB
Mapped:           891576 kB
Shmem:           1594872 kB
KReclaimable:    1625224 kB
Slab:            1871304 kB
SReclaimable:    1625224 kB
SUnreclaim:       246080 kB
KernelStack:       30224 kB
PageTables:        35892 kB
NFS_Unstable:          0 kB
Bounce:                0 kB
WritebackTmp:          0 kB
CommitLimit:    16434204 kB
Committed_AS:   16110372 kB
VmallocTotal:   34359738367 kB
VmallocUsed:       50240 kB
VmallocChunk:          0 kB
Percpu:            28160 kB
HardwareCorrupted:     0 kB
AnonHugePages:         0 kB
ShmemHugePages:        0 kB
ShmemPmdMapped:        0 kB
FileHugePages:         0 kB
FilePmdMapped:         0 kB
HugePages_Total:       0
HugePages_Free:        0
HugePages_Rsvd:        0
HugePages_Surp:        0
Hugepagesize:       2048 kB
Hugetlb:               0 kB
DirectMap4k:     2018300 kB
DirectMap2M:    31455232 kB
DirectMap1G:     1048576 kB

/sys/kernel/mm/transparent_hugepage/enabled:
always [madvise] never
/sys/kernel/mm/transparent_hugepage/defrag (defrag/compaction efforts parameter):
always defer defer+madvise [madvise] never

/proc/sys/kernel/threads-max (system-wide limit on the number of threads):
256028
/proc/sys/vm/max_map_count (maximum number of memory map areas a process may have):
65530
/proc/sys/kernel/pid_max (system-wide limit on number of process identifiers):
4194304

container (cgroup) information:
container_type: cgroupv1
cpu_cpuset_cpus: 0-11
cpu_memory_nodes: 0
active_processor_count: 12
cpu_quota: no quota
cpu_period: 100000
cpu_shares: no shares
memory_limit_in_bytes: unlimited
memory_and_swap_limit_in_bytes: unlimited
memory_soft_limit_in_bytes: unlimited
memory_usage_in_bytes: 26792452096
memory_max_usage_in_bytes: 31452356608

Steal ticks since vm start: 0
Steal ticks percentage since vm start:  0.000

CPU:total 12 (initial active 12) (12 cores per cpu, 2 threads per core) family 23 model 113 stepping 0, cmov, cx8, fxsr, mmx, sse, sse2, sse3, ssse3, sse4.1, sse4.2, popcnt, vzeroupper, avx, avx2, aes, clmul, 3dnowpref, lzcnt, sse4a, ht, tsc, tscinvbit, tscinv, bmi1, bmi2, adx, sha, fma, clflush, clflushopt
CPU Model and flags from /proc/cpuinfo:
model name	: AMD Ryzen 5 3600 6-Core Processor
flags		: fpu vme de pse tsc msr pae mce cx8 apic sep mtrr pge mca cmov pat pse36 clflush mmx fxsr sse sse2 ht syscall nx mmxext fxsr_opt pdpe1gb rdtscp lm constant_tsc rep_good nopl nonstop_tsc cpuid extd_apicid aperfmperf pni pclmulqdq monitor ssse3 fma cx16 sse4_1 sse4_2 movbe popcnt aes xsave avx f16c rdrand lahf_lm cmp_legacy svm extapic cr8_legacy abm sse4a misalignsse 3dnowprefetch osvw ibs skinit wdt tce topoext perfctr_core perfctr_nb bpext perfctr_llc mwaitx cpb cat_l3 cdp_l3 hw_pstate sme ssbd mba sev ibpb stibp vmmcall fsgsbase bmi1 avx2 smep bmi2 cqm rdt_a rdseed adx smap clflushopt clwb sha_ni xsaveopt xsavec xgetbv1 xsaves cqm_llc cqm_occup_llc cqm_mbm_total cqm_mbm_local clzero irperf xsaveerptr rdpru wbnoinvd arat npt lbrv svm_lock nrip_save tsc_scale vmcb_clean flushbyasid decodeassists pausefilter pfthreshold avic v_vmsave_vmload vgif umip rdpid overflow_recov succor smca
Online cpus:
0-11
Offline cpus:
12-31
BIOS frequency limitation:
3600000
Frequency switch latency (ns):
0
Available cpu frequencies:
3600000 2800000 2200000 
Current governor:
schedutil
Core performance/turbo boost:
1

Memory: 4k page, physical 32868408k(2454708k free), swap 0k(0k free)

vm_info: OpenJDK 64-Bit Server VM (15-internal+0-adhoc.jenkins.loom) for linux-amd64 JRE (15-internal+0-adhoc.jenkins.loom), built on Jun  7 2020 12:06:16 by "jenkins" with gcc 7.5.0

END.
