#
# A fatal error has been detected by the Java Runtime Environment:
#
#  SIGSEGV (0xb) at pc=0x00007f77568baf72, pid=340507, tid=341090
#
# JRE version: OpenJDK Runtime Environment (15.0) (build 15-internal+0-adhoc.jenkins.loom)
# Java VM: OpenJDK 64-Bit Server VM (15-internal+0-adhoc.jenkins.loom, mixed mode, sharing, tiered, compressed oops, g1 gc, linux-amd64)
# Problematic frame:
# V  [libjvm.so+0x745f72]  frame::sender_for_interpreter_frame(RegisterMap*) const+0x32
#
# Core dump will be written. Default location: Core dumps may be processed with "/usr/lib/systemd/systemd-coredump %P %u %g %s %t %c %h" (or dumping to /home/rm/git/com.github/io7m/loom-20200607/core.340507)
#
# If you would like to submit a bug report, please visit:
#   https://bugreport.java.com/bugreport/crash.jsp
#

---------------  S U M M A R Y ------------

Command Line: -javaagent:/usr/share/idea/lib/idea_rt.jar=39219:/usr/share/idea/bin -Dfile.encoding=UTF-8 com.io7m.loom_20200607.Main

Host: AMD Ryzen 5 3600 6-Core Processor, 12 cores, 31G, Arch Linux
Time: Sun Jun  7 20:30:29 2020 GMT elapsed time: 3.550661 seconds (0d 0h 0m 3s)

---------------  T H R E A D  ---------------

Current thread (0x00007f770c387b40):  GCTaskThread "GC Thread#2" [stack: 0x00007f77148d4000,0x00007f77149d4000] [id=341090]

Stack: [0x00007f77148d4000,0x00007f77149d4000],  sp=0x00007f77149d1970,  free space=1014k
Thread 0x00007f770c387b40 [341090]
Native frames: (J=compiled Java code, A=aot compiled Java code, j=interpreted, Vv=VM code, C=native code)
V  [libjvm.so+0x745f72]  frame::sender_for_interpreter_frame(RegisterMap*) const+0x32
V  [libjvm.so+0x746c78]  frame frame::frame_sender<CodeCache>(RegisterMap*) const+0x348
V  [libjvm.so+0x7468f1]  frame::sender(RegisterMap*) const+0x11
V  [libjvm.so+0xf47f1f]  JavaThread::nmethods_do(CodeBlobClosure*)+0xaf
V  [libjvm.so+0xf4d6a8]  Threads::possibly_parallel_threads_do(bool, ThreadClosure*)+0xa8
V  [libjvm.so+0xd6b51b]  ParallelSPCleanupTask::work(unsigned int)+0x2b
V  [libjvm.so+0xfec0bd]  GangWorker::loop()+0x4d
V  [libjvm.so+0xf4fccf]  Thread::call_run()+0xff
V  [libjvm.so+0xca8f07]  thread_native_entry(Thread*)+0xe7


siginfo: si_signo: 11 (SIGSEGV), si_code: 1 (SEGV_MAPERR), si_addr: 0xfffffffffffffff9

Register to memory mapping:

RAX=0x00007f7738a72a29 is at code_begin+3305 in an Interpreter codelet
invoke return entry points  [0x00007f7738a71d40, 0x00007f7738a72b60]  3616 bytes
RBX=0x00007f77149d1a60 points into unknown readable memory: 10 1a 7e 15 77 7f 00 00
RCX=0x00007f7738a8df00 points into unknown readable memory: 09 00 00 00 00 00 00 00
RDX=0x00007f77149d1ad8 points into unknown readable memory: e8 be 2d 15 77 7f 00 00
RSP=0x00007f77149d1970 points into unknown readable memory: d0 19 9d 14 77 7f 00 00
RBP=0x00007f77149d19d0 points into unknown readable memory: 30 1a 9d 14 77 7f 00 00
RSI=0x00007f77149d1aa0 points into unknown readable memory: 90 b4 1d 15 77 7f 00 00
RDI=0x00007f77149d1a60 points into unknown readable memory: 10 1a 7e 15 77 7f 00 00
R8 =0x00007f7738a5c000 points into unknown readable memory: 06 00 00 00 00 00 00 00
R9 =0x00007f7757c03000 points into unknown readable memory: 00 01 02 03 04 05 00 01
R10=0x0 is NULL
R11=0x0000000000000800 is an unknown value
R12=0x00007f77149d1ad8 points into unknown readable memory: e8 be 2d 15 77 7f 00 00
R13=0x0000000000000001 is an unknown value
R14=0x00007f77149d1a60 points into unknown readable memory: 10 1a 7e 15 77 7f 00 00
R15=0x00007f77149d1aa0 points into unknown readable memory: 90 b4 1d 15 77 7f 00 00


Registers:
RAX=0x00007f7738a72a29, RBX=0x00007f77149d1a60, RCX=0x00007f7738a8df00, RDX=0x00007f77149d1ad8
RSP=0x00007f77149d1970, RBP=0x00007f77149d19d0, RSI=0x00007f77149d1aa0, RDI=0x00007f77149d1a60
R8 =0x00007f7738a5c000, R9 =0x00007f7757c03000, R10=0x0000000000000000, R11=0x0000000000000800
R12=0x00007f77149d1ad8, R13=0x0000000000000001, R14=0x00007f77149d1a60, R15=0x00007f77149d1aa0
RIP=0x00007f77568baf72, EFLAGS=0x0000000000010202, CSGSFS=0x002b000000000033, ERR=0x0000000000000005
  TRAPNO=0x000000000000000e

Top of Stack: (sp=0x00007f77149d1970)
0x00007f77149d1970:   00007f77149d19d0 00007f77157e1a48
0x00007f77149d1980:   00007f775018f108 00000000000000c2
0x00007f77149d1990:   00007f77157e1a48 00007f7738a5c949
0x00007f77149d19a0:   00007f77149d19c0 00007f77149d1a60 

Instructions: (pc=0x00007f77568baf72)
0x00007f77568bae72:   50 00 0f 84 a6 00 00 00 48 8b 80 88 00 00 00 49
0x00007f77568bae82:   39 c5 74 16 41 83 7c 24 08 03 74 72 4d 3b ac 24
0x00007f77568bae92:   90 00 00 00 0f 85 84 00 00 00 49 8b 04 24 48 8d
0x00007f77568baea2:   15 59 cc e7 ff 48 8b 80 a8 01 00 00 48 39 d0 75
0x00007f77568baeb2:   65 41 8b 84 24 40 01 00 00 48 98 49 8b 04 06 48
0x00007f77568baec2:   85 c0 74 5a 48 89 43 08 c7 43 20 01 00 00 00 48
0x00007f77568baed2:   89 d8 48 c7 43 18 00 00 00 00 5b 41 5c 41 5d 41
0x00007f77568baee2:   5e 5d c3 0f 1f 00 49 8b 44 24 20 48 8b 40 f8 49
0x00007f77568baef2:   89 44 24 28 e9 37 ff ff ff 0f 1f 44 00 00 48 83
0x00007f77568baf02:   c0 05 49 39 c5 74 93 4d 3b ac 24 90 00 00 00 74
0x00007f77568baf12:   89 eb 0b 0f 1f 00 4c 89 e7 ff d0 eb 9c 90 48 8d
0x00007f77568baf22:   05 b1 33 ee 00 4c 3b 20 0f 94 c0 0f b6 c0 89 43
0x00007f77568baf32:   20 eb 9c 90 66 2e 0f 1f 84 00 00 00 00 00 55 48
0x00007f77568baf42:   89 e5 41 57 41 56 41 55 41 54 49 89 f7 53 49 89
0x00007f77568baf52:   d4 48 89 fb 48 83 ec 38 f6 82 28 12 00 00 01 0f
0x00007f77568baf62:   85 d9 01 00 00 4c 8b 6e 28 80 ba 38 12 00 00 00
0x00007f77568baf72:   49 8b 45 f8 48 89 45 c0 4c 89 e8 4d 8b 75 00 0f
0x00007f77568baf82:   84 96 00 00 00 48 8d 05 3a d3 98 00 48 8d 15 63
0x00007f77568baf92:   d3 98 00 48 8b 00 48 3b 02 0f 84 ef 01 00 00 01
0x00007f77568bafa2:   c0 41 b9 01 00 00 00 48 98 4d 89 c8 48 8d 70 3f
0x00007f77568bafb2:   48 85 c0 48 89 c7 48 0f 49 f0 48 99 48 c1 ea 3a
0x00007f77568bafc2:   48 c1 fe 06 48 8d 0c 10 83 e1 3f 48 29 d1 48 8d
0x00007f77568bafd2:   50 40 49 d3 e0 48 83 c7 01 49 89 fa 48 0f 49 d7
0x00007f77568bafe2:   49 c1 fa 3f 48 c1 fa 06 49 c1 ea 3a 4a 8d 0c 17
0x00007f77568baff2:   83 e1 3f 4c 29 d1 49 d3 e1 4d 89 2c c4 48 63 c6
0x00007f77568bb002:   4d 09 84 c4 c8 11 00 00 48 63 c2 4d 89 2c fc 4d
0x00007f77568bb012:   09 8c c4 c8 11 00 00 49 8b 47 28 48 8b 78 08 48
0x00007f77568bb022:   89 7d c8 e8 66 2d e6 ff 84 c0 74 22 41 80 bc 24
0x00007f77568bb032:   3a 12 00 00 00 0f 85 13 01 00 00 48 8d 4d c0 48
0x00007f77568bb042:   8d 55 c8 4c 89 fe 4c 89 e7 e8 50 2e e6 ff 4c 8b
0x00007f77568bb052:   7d c8 49 83 c5 10 c7 45 bc 00 00 00 00 48 8b 4d
0x00007f77568bb062:   c0 4c 89 2b 4c 89 73 28 41 81 3f 0f 1f 84 00 4c 


Stack slot to memory mapping:
stack at sp + 0 slots: 0x00007f77149d19d0 points into unknown readable memory: 30 1a 9d 14 77 7f 00 00
stack at sp + 1 slots: 0x00007f77157e1a48 is pointing into the stack for thread: 0x00007f76dc00c070
stack at sp + 2 slots: 0x00007f775018f108 points into unknown readable memory: fa 4c 00 f2 4c 02 ea 4c
stack at sp + 3 slots: 0x00000000000000c2 is an unknown value
stack at sp + 4 slots: 0x00007f77157e1a48 is pointing into the stack for thread: 0x00007f76dc00c070
stack at sp + 5 slots: 0x00007f7738a5c949 is at begin+138 in a stub
StubRoutines::call_stub [0x00007f7738a5c8bf, 0x00007f7738a5c9ad] (238 bytes)
stack at sp + 6 slots: 0x00007f77149d19c0 points into unknown readable memory: 60 1a 9d 14 77 7f 00 00
stack at sp + 7 slots: 0x00007f77149d1a60 points into unknown readable memory: 10 1a 7e 15 77 7f 00 00


---------------  P R O C E S S  ---------------

Threads class SMR info:
_java_thread_list=0x00007f76f41b5810, length=27, elements={
0x00007f7750029950, 0x00007f77501b2ad0, 0x00007f77501b4300, 0x00007f77501ba520,
0x00007f77501bbd20, 0x00007f77501bda30, 0x00007f77501bf350, 0x00007f77501c0b40,
0x00007f77501f5780, 0x00007f77502b1f50, 0x00007f77502b9420, 0x00007f7750316460,
0x00007f76f8000e60, 0x00007f76dc00aca0, 0x00007f76dc00c070, 0x00007f76dc00d4b0,
0x00007f76dc00e8f0, 0x00007f76dc00fcb0, 0x00007f76dc011070, 0x00007f76dc0128c0,
0x00007f76dc014110, 0x00007f76dc0154d0, 0x00007f76b0000eb0, 0x00007f76dc016c80,
0x00007f76dc0184f0, 0x00007f76f41158f0, 0x00007f76f41b4460
}
_to_delete_list=0x00007f76f4116ce0, length=26, elements={
0x00007f7750029950, 0x00007f77501b2ad0, 0x00007f77501b4300, 0x00007f77501ba520,
0x00007f77501bbd20, 0x00007f77501bda30, 0x00007f77501bf350, 0x00007f77501c0b40,
0x00007f77501f5780, 0x00007f77502b1f50, 0x00007f77502b9420, 0x00007f7750316460,
0x00007f76f8000e60, 0x00007f76dc00aca0, 0x00007f76dc00c070, 0x00007f76dc00d4b0,
0x00007f76dc00e8f0, 0x00007f76dc00fcb0, 0x00007f76dc011070, 0x00007f76dc0128c0,
0x00007f76dc014110, 0x00007f76dc0154d0, 0x00007f76b0000eb0, 0x00007f76dc016c80,
0x00007f76dc0184f0, 0x00007f76f41158f0
}

Java Threads: ( => current thread )
  0x00007f7750029950 JavaThread "main" [_thread_blocked, id=340511, stack(0x00007f7755f2f000,0x00007f7756030000)]
  0x00007f77501b2ad0 JavaThread "Reference Handler" daemon [_thread_blocked, id=340523, stack(0x00007f7717219000,0x00007f771731a000)]
  0x00007f77501b4300 JavaThread "Finalizer" daemon [_thread_blocked, id=340524, stack(0x00007f7717118000,0x00007f7717219000)]
  0x00007f77501ba520 JavaThread "Signal Dispatcher" daemon [_thread_blocked, id=340528, stack(0x00007f7716d31000,0x00007f7716e32000)]
  0x00007f77501bbd20 JavaThread "Service Thread" daemon [_thread_blocked, id=340530, stack(0x00007f7716c30000,0x00007f7716d31000)]
  0x00007f77501bda30 JavaThread "C2 CompilerThread0" daemon [_thread_blocked, id=340532, stack(0x00007f7716b2f000,0x00007f7716c30000)]
  0x00007f77501bf350 JavaThread "C1 CompilerThread0" daemon [_thread_blocked, id=340533, stack(0x00007f7716a2e000,0x00007f7716b2f000)]
  0x00007f77501c0b40 JavaThread "Sweeper thread" daemon [_thread_blocked, id=340534, stack(0x00007f771692d000,0x00007f7716a2e000)]
  0x00007f77501f5780 JavaThread "Common-Cleaner" daemon [_thread_blocked, id=340538, stack(0x00007f771682c000,0x00007f771692d000)]
  0x00007f77502b1f50 JavaThread "Monitor Ctrl-Break" daemon [_thread_in_native, id=340540, stack(0x00007f7715eec000,0x00007f7715fed000)]
  0x00007f77502b9420 JavaThread "Notification Thread" daemon [_thread_blocked, id=340541, stack(0x00007f7715deb000,0x00007f7715eec000)]
  0x00007f7750316460 JavaThread "NanoHttpd Main Listener" daemon [_thread_blocked, id=340543, stack(0x00007f77159e5000,0x00007f7715ae6000)]
  0x00007f76f8000e60 JavaThread "Attach Listener" daemon [_thread_blocked, id=340558, stack(0x00007f77158e4000,0x00007f77159e5000)]
  0x00007f76dc00aca0 JavaThread "ForkJoinPool-1-worker-19" daemon [_thread_blocked, id=341075, stack(0x00007f77157e3000,0x00007f77158e4000)]
  0x00007f76dc00c070 JavaThread "ForkJoinPool-1-worker-5" daemon [_thread_blocked, id=341076, stack(0x00007f77156e2000,0x00007f77157e3000)]
  0x00007f76dc00d4b0 JavaThread "ForkJoinPool-1-worker-23" daemon [_thread_blocked, id=341077, stack(0x00007f77155e1000,0x00007f77156e2000)]
  0x00007f76dc00e8f0 JavaThread "ForkJoinPool-1-worker-9" daemon [_thread_blocked, id=341078, stack(0x00007f77154e0000,0x00007f77155e1000)]
  0x00007f76dc00fcb0 JavaThread "ForkJoinPool-1-worker-27" daemon [_thread_blocked, id=341079, stack(0x00007f77153df000,0x00007f77154e0000)]
  0x00007f76dc011070 JavaThread "ForkJoinPool-1-worker-13" daemon [_thread_blocked, id=341080, stack(0x00007f77152de000,0x00007f77153df000)]
  0x00007f76dc0128c0 JavaThread "ForkJoinPool-1-worker-31" daemon [_thread_blocked, id=341081, stack(0x00007f77151dd000,0x00007f77152de000)]
  0x00007f76dc014110 JavaThread "ForkJoinPool-1-worker-17" daemon [_thread_blocked, id=341082, stack(0x00007f77150dc000,0x00007f77151dd000)]
  0x00007f76dc0154d0 JavaThread "ForkJoinPool-1-worker-3" daemon [_thread_blocked, id=341083, stack(0x00007f7714fdb000,0x00007f77150dc000)]
  0x00007f76b0000eb0 JavaThread "ForkJoinPool-1-worker-21" daemon [_thread_blocked, id=341084, stack(0x00007f7714eda000,0x00007f7714fdb000)]
  0x00007f76dc016c80 JavaThread "ForkJoinPool-1-worker-7" daemon [_thread_blocked, id=341085, stack(0x00007f7714dd9000,0x00007f7714eda000)]
  0x00007f76dc0184f0 JavaThread "ForkJoinPool-1-worker-25" daemon [_thread_blocked, id=341086, stack(0x00007f7714cd8000,0x00007f7714dd9000)]
  0x00007f76f41158f0 JavaThread "C2 CompilerThread1" daemon [_thread_blocked, id=341087, stack(0x00007f7714bd7000,0x00007f7714cd8000)]
  0x00007f76f41b4460 JavaThread "C2 CompilerThread2" daemon [_thread_blocked, id=341088, stack(0x00007f7714ad6000,0x00007f7714bd7000)]

Other Threads:
  0x00007f77501b0690 VMThread "VM Thread" [stack: 0x00007f771731c000,0x00007f771741c000] [id=340520]
  0x00007f775002b920 WatcherThread [stack: 0x00007f7715ceb000,0x00007f7715deb000] [id=340542]
  0x00007f7750060110 GCTaskThread "GC Thread#0" [stack: 0x00007f7754b35000,0x00007f7754c35000] [id=340514]
  0x00007f770c387810 GCTaskThread "GC Thread#1" [stack: 0x00007f77149d6000,0x00007f7714ad6000] [id=341089]
=>0x00007f770c387b40 GCTaskThread "GC Thread#2" [stack: 0x00007f77148d4000,0x00007f77149d4000] [id=341090]
  0x00007f770c1478e0 GCTaskThread "GC Thread#3" [stack: 0x00007f77147d2000,0x00007f77148d2000] [id=341091]
  0x00007f770c0070c0 GCTaskThread "GC Thread#4" [stack: 0x00007f77146d0000,0x00007f77147d0000] [id=341092]
  0x00007f770c022910 GCTaskThread "GC Thread#5" [stack: 0x00007f77145ce000,0x00007f77146ce000] [id=341093]
  0x00007f770c016e70 GCTaskThread "GC Thread#6" [stack: 0x00007f77144cc000,0x00007f77145cc000] [id=341094]
  0x00007f770c00d330 GCTaskThread "GC Thread#7" [stack: 0x00007f77143ca000,0x00007f77144ca000] [id=341095]
  0x00007f770c017230 GCTaskThread "GC Thread#8" [stack: 0x00007f77142c8000,0x00007f77143c8000] [id=341096]
  0x00007f770c0211b0 GCTaskThread "GC Thread#9" [stack: 0x00007f77141c6000,0x00007f77142c6000] [id=341097]
  0x00007f7750071570 ConcurrentGCThread "G1 Main Marker" [stack: 0x00007f7754a33000,0x00007f7754b33000] [id=340515]
  0x00007f7750072800 ConcurrentGCThread "G1 Conc#0" [stack: 0x00007f7754931000,0x00007f7754a31000] [id=340516]
  0x00007f7750132300 ConcurrentGCThread "G1 Refine#0" [stack: 0x00007f7717dff000,0x00007f7717eff000] [id=340517]
  0x00007f7750133510 ConcurrentGCThread "G1 Young RemSet Sampling" [stack: 0x00007f7717cfd000,0x00007f7717dfd000] [id=340518]

Threads with active compile tasks:
C1 CompilerThread0     3553 2051   !   3       java.lang.Continuation::yield0 (625 bytes)
C2 CompilerThread1     3553 2044       4       java.util.regex.Pattern::compile (500 bytes)

VM state:at safepoint (normal execution)

VM Mutex/Monitor currently owned by a thread:  ([mutex/lock_event])
[0x00007f7750025cd0] Threads_lock - owner thread: 0x00007f77501b0690

Heap address: 0x000000060a400000, size: 8028 MB, Compressed Oops mode: Zero based, Oop shift amount: 3
CDS archive(s) mapped at: [0x0000000800000000-0x0000000800b92000-0x0000000800b92000), size 12132352, SharedBaseAddress: 0x0000000800000000, ArchiveRelocationMode: 0.
Compressed class space mapped at: 0x0000000800b94000-0x0000000840b94000, size: 1073741824
Narrow klass base: 0x0000000800000000, Narrow klass shift: 3, Narrow klass range: 0x100000000

Heap:
 garbage-first heap   total 524288K, used 159666K [0x000000060a400000, 0x0000000800000000)
  region size 4096K, 37 young (151552K), 4 survivors (16384K)
 Metaspace       used 4403K, capacity 5391K, committed 5760K, reserved 1056768K
  class space    used 364K, capacity 535K, committed 640K, reserved 1048576K
Heap Regions: E=young(eden), S=young(survivor), O=old, HS=humongous(starts), HC=humongous(continues), CS=collection set, F=free, OA=open archive, CA=closed archive, TAMS=top-at-mark-start (previous, next)
|   0|0x000000060a400000, 0x000000060a800000, 0x000000060a800000|100%| O|  |TAMS 0x000000060a400000, 0x000000060a400000| Untracked 
|   1|0x000000060a800000, 0x000000060ac00000, 0x000000060ac00000|100%| O|  |TAMS 0x000000060a800000, 0x000000060a800000| Untracked 
|   2|0x000000060ac00000, 0x000000060af34400, 0x000000060b000000| 80%| O|  |TAMS 0x000000060ac00000, 0x000000060ac00000| Untracked 
|   3|0x000000060b000000, 0x000000060b000000, 0x000000060b400000|  0%| F|  |TAMS 0x000000060b000000, 0x000000060b000000| Untracked 
|   4|0x000000060b400000, 0x000000060b400000, 0x000000060b800000|  0%| F|  |TAMS 0x000000060b400000, 0x000000060b400000| Untracked 
|   5|0x000000060b800000, 0x000000060b800000, 0x000000060bc00000|  0%| F|  |TAMS 0x000000060b800000, 0x000000060b800000| Untracked 
|   6|0x000000060bc00000, 0x000000060bc00000, 0x000000060c000000|  0%| F|  |TAMS 0x000000060bc00000, 0x000000060bc00000| Untracked 
|   7|0x000000060c000000, 0x000000060c000000, 0x000000060c400000|  0%| F|  |TAMS 0x000000060c000000, 0x000000060c000000| Untracked 
|   8|0x000000060c400000, 0x000000060c400000, 0x000000060c800000|  0%| F|  |TAMS 0x000000060c400000, 0x000000060c400000| Untracked 
|   9|0x000000060c800000, 0x000000060c800000, 0x000000060cc00000|  0%| F|  |TAMS 0x000000060c800000, 0x000000060c800000| Untracked 
|  10|0x000000060cc00000, 0x000000060cc00000, 0x000000060d000000|  0%| F|  |TAMS 0x000000060cc00000, 0x000000060cc00000| Untracked 
|  11|0x000000060d000000, 0x000000060d000000, 0x000000060d400000|  0%| F|  |TAMS 0x000000060d000000, 0x000000060d000000| Untracked 
|  12|0x000000060d400000, 0x000000060d400000, 0x000000060d800000|  0%| F|  |TAMS 0x000000060d400000, 0x000000060d400000| Untracked 
|  13|0x000000060d800000, 0x000000060d800000, 0x000000060dc00000|  0%| F|  |TAMS 0x000000060d800000, 0x000000060d800000| Untracked 
|  14|0x000000060dc00000, 0x000000060dc00000, 0x000000060e000000|  0%| F|  |TAMS 0x000000060dc00000, 0x000000060dc00000| Untracked 
|  15|0x000000060e000000, 0x000000060e000000, 0x000000060e400000|  0%| F|  |TAMS 0x000000060e000000, 0x000000060e000000| Untracked 
|  16|0x000000060e400000, 0x000000060e400000, 0x000000060e800000|  0%| F|  |TAMS 0x000000060e400000, 0x000000060e400000| Untracked 
|  17|0x000000060e800000, 0x000000060e800000, 0x000000060ec00000|  0%| F|  |TAMS 0x000000060e800000, 0x000000060e800000| Untracked 
|  18|0x000000060ec00000, 0x000000060ec00000, 0x000000060f000000|  0%| F|  |TAMS 0x000000060ec00000, 0x000000060ec00000| Untracked 
|  19|0x000000060f000000, 0x000000060f000000, 0x000000060f400000|  0%| F|  |TAMS 0x000000060f000000, 0x000000060f000000| Untracked 
|  20|0x000000060f400000, 0x000000060f400000, 0x000000060f800000|  0%| F|  |TAMS 0x000000060f400000, 0x000000060f400000| Untracked 
|  21|0x000000060f800000, 0x000000060f800000, 0x000000060fc00000|  0%| F|  |TAMS 0x000000060f800000, 0x000000060f800000| Untracked 
|  22|0x000000060fc00000, 0x000000060fc00000, 0x0000000610000000|  0%| F|  |TAMS 0x000000060fc00000, 0x000000060fc00000| Untracked 
|  23|0x0000000610000000, 0x0000000610000000, 0x0000000610400000|  0%| F|  |TAMS 0x0000000610000000, 0x0000000610000000| Untracked 
|  24|0x0000000610400000, 0x0000000610400000, 0x0000000610800000|  0%| F|  |TAMS 0x0000000610400000, 0x0000000610400000| Untracked 
|  25|0x0000000610800000, 0x0000000610800000, 0x0000000610c00000|  0%| F|  |TAMS 0x0000000610800000, 0x0000000610800000| Untracked 
|  26|0x0000000610c00000, 0x0000000610c00000, 0x0000000611000000|  0%| F|  |TAMS 0x0000000610c00000, 0x0000000610c00000| Untracked 
|  27|0x0000000611000000, 0x0000000611000000, 0x0000000611400000|  0%| F|  |TAMS 0x0000000611000000, 0x0000000611000000| Untracked 
|  28|0x0000000611400000, 0x0000000611400000, 0x0000000611800000|  0%| F|  |TAMS 0x0000000611400000, 0x0000000611400000| Untracked 
|  29|0x0000000611800000, 0x0000000611800000, 0x0000000611c00000|  0%| F|  |TAMS 0x0000000611800000, 0x0000000611800000| Untracked 
|  30|0x0000000611c00000, 0x0000000611c00000, 0x0000000612000000|  0%| F|  |TAMS 0x0000000611c00000, 0x0000000611c00000| Untracked 
|  31|0x0000000612000000, 0x0000000612000000, 0x0000000612400000|  0%| F|  |TAMS 0x0000000612000000, 0x0000000612000000| Untracked 
|  32|0x0000000612400000, 0x0000000612400000, 0x0000000612800000|  0%| F|  |TAMS 0x0000000612400000, 0x0000000612400000| Untracked 
|  33|0x0000000612800000, 0x0000000612800000, 0x0000000612c00000|  0%| F|  |TAMS 0x0000000612800000, 0x0000000612800000| Untracked 
|  34|0x0000000612c00000, 0x0000000612c00000, 0x0000000613000000|  0%| F|  |TAMS 0x0000000612c00000, 0x0000000612c00000| Untracked 
|  35|0x0000000613000000, 0x0000000613000000, 0x0000000613400000|  0%| F|  |TAMS 0x0000000613000000, 0x0000000613000000| Untracked 
|  36|0x0000000613400000, 0x0000000613400000, 0x0000000613800000|  0%| F|  |TAMS 0x0000000613400000, 0x0000000613400000| Untracked 
|  37|0x0000000613800000, 0x0000000613800000, 0x0000000613c00000|  0%| F|  |TAMS 0x0000000613800000, 0x0000000613800000| Untracked 
|  38|0x0000000613c00000, 0x0000000613c00000, 0x0000000614000000|  0%| F|  |TAMS 0x0000000613c00000, 0x0000000613c00000| Untracked 
|  39|0x0000000614000000, 0x0000000614000000, 0x0000000614400000|  0%| F|  |TAMS 0x0000000614000000, 0x0000000614000000| Untracked 
|  40|0x0000000614400000, 0x0000000614400000, 0x0000000614800000|  0%| F|  |TAMS 0x0000000614400000, 0x0000000614400000| Untracked 
|  41|0x0000000614800000, 0x0000000614800000, 0x0000000614c00000|  0%| F|  |TAMS 0x0000000614800000, 0x0000000614800000| Untracked 
|  42|0x0000000614c00000, 0x0000000614c00000, 0x0000000615000000|  0%| F|  |TAMS 0x0000000614c00000, 0x0000000614c00000| Untracked 
|  43|0x0000000615000000, 0x0000000615000000, 0x0000000615400000|  0%| F|  |TAMS 0x0000000615000000, 0x0000000615000000| Untracked 
|  44|0x0000000615400000, 0x0000000615400000, 0x0000000615800000|  0%| F|  |TAMS 0x0000000615400000, 0x0000000615400000| Untracked 
|  45|0x0000000615800000, 0x0000000615800000, 0x0000000615c00000|  0%| F|  |TAMS 0x0000000615800000, 0x0000000615800000| Untracked 
|  46|0x0000000615c00000, 0x0000000615c00000, 0x0000000616000000|  0%| F|  |TAMS 0x0000000615c00000, 0x0000000615c00000| Untracked 
|  47|0x0000000616000000, 0x0000000616000000, 0x0000000616400000|  0%| F|  |TAMS 0x0000000616000000, 0x0000000616000000| Untracked 
|  48|0x0000000616400000, 0x0000000616400000, 0x0000000616800000|  0%| F|  |TAMS 0x0000000616400000, 0x0000000616400000| Untracked 
|  49|0x0000000616800000, 0x0000000616800000, 0x0000000616c00000|  0%| F|  |TAMS 0x0000000616800000, 0x0000000616800000| Untracked 
|  50|0x0000000616c00000, 0x0000000616c00000, 0x0000000617000000|  0%| F|  |TAMS 0x0000000616c00000, 0x0000000616c00000| Untracked 
|  51|0x0000000617000000, 0x0000000617000000, 0x0000000617400000|  0%| F|  |TAMS 0x0000000617000000, 0x0000000617000000| Untracked 
|  52|0x0000000617400000, 0x0000000617400000, 0x0000000617800000|  0%| F|  |TAMS 0x0000000617400000, 0x0000000617400000| Untracked 
|  53|0x0000000617800000, 0x0000000617800000, 0x0000000617c00000|  0%| F|  |TAMS 0x0000000617800000, 0x0000000617800000| Untracked 
|  54|0x0000000617c00000, 0x0000000617c00000, 0x0000000618000000|  0%| F|  |TAMS 0x0000000617c00000, 0x0000000617c00000| Untracked 
|  55|0x0000000618000000, 0x0000000618000000, 0x0000000618400000|  0%| F|  |TAMS 0x0000000618000000, 0x0000000618000000| Untracked 
|  56|0x0000000618400000, 0x0000000618400000, 0x0000000618800000|  0%| F|  |TAMS 0x0000000618400000, 0x0000000618400000| Untracked 
|  57|0x0000000618800000, 0x0000000618800000, 0x0000000618c00000|  0%| F|  |TAMS 0x0000000618800000, 0x0000000618800000| Untracked 
|  58|0x0000000618c00000, 0x0000000618c00000, 0x0000000619000000|  0%| F|  |TAMS 0x0000000618c00000, 0x0000000618c00000| Untracked 
|  59|0x0000000619000000, 0x0000000619000000, 0x0000000619400000|  0%| F|  |TAMS 0x0000000619000000, 0x0000000619000000| Untracked 
|  60|0x0000000619400000, 0x0000000619400000, 0x0000000619800000|  0%| F|  |TAMS 0x0000000619400000, 0x0000000619400000| Untracked 
|  61|0x0000000619800000, 0x0000000619800000, 0x0000000619c00000|  0%| F|  |TAMS 0x0000000619800000, 0x0000000619800000| Untracked 
|  62|0x0000000619c00000, 0x0000000619c00000, 0x000000061a000000|  0%| F|  |TAMS 0x0000000619c00000, 0x0000000619c00000| Untracked 
|  63|0x000000061a000000, 0x000000061a000000, 0x000000061a400000|  0%| F|  |TAMS 0x000000061a000000, 0x000000061a000000| Untracked 
|  64|0x000000061a400000, 0x000000061a400000, 0x000000061a800000|  0%| F|  |TAMS 0x000000061a400000, 0x000000061a400000| Untracked 
|  65|0x000000061a800000, 0x000000061a800000, 0x000000061ac00000|  0%| F|  |TAMS 0x000000061a800000, 0x000000061a800000| Untracked 
|  66|0x000000061ac00000, 0x000000061ac00000, 0x000000061b000000|  0%| F|  |TAMS 0x000000061ac00000, 0x000000061ac00000| Untracked 
|  67|0x000000061b000000, 0x000000061b000000, 0x000000061b400000|  0%| F|  |TAMS 0x000000061b000000, 0x000000061b000000| Untracked 
|  68|0x000000061b400000, 0x000000061b400000, 0x000000061b800000|  0%| F|  |TAMS 0x000000061b400000, 0x000000061b400000| Untracked 
|  69|0x000000061b800000, 0x000000061b800000, 0x000000061bc00000|  0%| F|  |TAMS 0x000000061b800000, 0x000000061b800000| Untracked 
|  70|0x000000061bc00000, 0x000000061bc00000, 0x000000061c000000|  0%| F|  |TAMS 0x000000061bc00000, 0x000000061bc00000| Untracked 
|  71|0x000000061c000000, 0x000000061c000000, 0x000000061c400000|  0%| F|  |TAMS 0x000000061c000000, 0x000000061c000000| Untracked 
|  72|0x000000061c400000, 0x000000061c400000, 0x000000061c800000|  0%| F|  |TAMS 0x000000061c400000, 0x000000061c400000| Untracked 
|  73|0x000000061c800000, 0x000000061c800000, 0x000000061cc00000|  0%| F|  |TAMS 0x000000061c800000, 0x000000061c800000| Untracked 
|  74|0x000000061cc00000, 0x000000061cc00000, 0x000000061d000000|  0%| F|  |TAMS 0x000000061cc00000, 0x000000061cc00000| Untracked 
|  75|0x000000061d000000, 0x000000061d000000, 0x000000061d400000|  0%| F|  |TAMS 0x000000061d000000, 0x000000061d000000| Untracked 
|  76|0x000000061d400000, 0x000000061d400000, 0x000000061d800000|  0%| F|  |TAMS 0x000000061d400000, 0x000000061d400000| Untracked 
|  77|0x000000061d800000, 0x000000061d800000, 0x000000061dc00000|  0%| F|  |TAMS 0x000000061d800000, 0x000000061d800000| Untracked 
|  78|0x000000061dc00000, 0x000000061dc00000, 0x000000061e000000|  0%| F|  |TAMS 0x000000061dc00000, 0x000000061dc00000| Untracked 
|  79|0x000000061e000000, 0x000000061e000000, 0x000000061e400000|  0%| F|  |TAMS 0x000000061e000000, 0x000000061e000000| Untracked 
|  80|0x000000061e400000, 0x000000061e400000, 0x000000061e800000|  0%| F|  |TAMS 0x000000061e400000, 0x000000061e400000| Untracked 
|  81|0x000000061e800000, 0x000000061e800000, 0x000000061ec00000|  0%| F|  |TAMS 0x000000061e800000, 0x000000061e800000| Untracked 
|  82|0x000000061ec00000, 0x000000061ec00000, 0x000000061f000000|  0%| F|  |TAMS 0x000000061ec00000, 0x000000061ec00000| Untracked 
|  83|0x000000061f000000, 0x000000061f000000, 0x000000061f400000|  0%| F|  |TAMS 0x000000061f000000, 0x000000061f000000| Untracked 
|  84|0x000000061f400000, 0x000000061f400000, 0x000000061f800000|  0%| F|  |TAMS 0x000000061f400000, 0x000000061f400000| Untracked 
|  85|0x000000061f800000, 0x000000061f800000, 0x000000061fc00000|  0%| F|  |TAMS 0x000000061f800000, 0x000000061f800000| Untracked 
|  86|0x000000061fc00000, 0x000000061fc00000, 0x0000000620000000|  0%| F|  |TAMS 0x000000061fc00000, 0x000000061fc00000| Untracked 
|  87|0x0000000620000000, 0x0000000620000000, 0x0000000620400000|  0%| F|  |TAMS 0x0000000620000000, 0x0000000620000000| Untracked 
|  88|0x0000000620400000, 0x0000000620400000, 0x0000000620800000|  0%| F|  |TAMS 0x0000000620400000, 0x0000000620400000| Untracked 
|  89|0x0000000620800000, 0x00000006208e7400, 0x0000000620c00000| 22%| S|CS|TAMS 0x0000000620800000, 0x0000000620800000| Complete 
|  90|0x0000000620c00000, 0x0000000621000000, 0x0000000621000000|100%| S|CS|TAMS 0x0000000620c00000, 0x0000000620c00000| Complete 
|  91|0x0000000621000000, 0x0000000621400000, 0x0000000621400000|100%| S|CS|TAMS 0x0000000621000000, 0x0000000621000000| Complete 
|  92|0x0000000621400000, 0x0000000621800000, 0x0000000621800000|100%| S|CS|TAMS 0x0000000621400000, 0x0000000621400000| Complete 
|  93|0x0000000621800000, 0x0000000621c00000, 0x0000000621c00000|100%| E|  |TAMS 0x0000000621800000, 0x0000000621800000| Complete 
|  94|0x0000000621c00000, 0x0000000622000000, 0x0000000622000000|100%| E|CS|TAMS 0x0000000621c00000, 0x0000000621c00000| Complete 
|  95|0x0000000622000000, 0x0000000622400000, 0x0000000622400000|100%| E|CS|TAMS 0x0000000622000000, 0x0000000622000000| Complete 
|  96|0x0000000622400000, 0x0000000622800000, 0x0000000622800000|100%| E|CS|TAMS 0x0000000622400000, 0x0000000622400000| Complete 
|  97|0x0000000622800000, 0x0000000622c00000, 0x0000000622c00000|100%| E|CS|TAMS 0x0000000622800000, 0x0000000622800000| Complete 
|  98|0x0000000622c00000, 0x0000000623000000, 0x0000000623000000|100%| E|CS|TAMS 0x0000000622c00000, 0x0000000622c00000| Complete 
|  99|0x0000000623000000, 0x0000000623400000, 0x0000000623400000|100%| E|CS|TAMS 0x0000000623000000, 0x0000000623000000| Complete 
| 100|0x0000000623400000, 0x0000000623800000, 0x0000000623800000|100%| E|CS|TAMS 0x0000000623400000, 0x0000000623400000| Complete 
| 101|0x0000000623800000, 0x0000000623c00000, 0x0000000623c00000|100%| E|CS|TAMS 0x0000000623800000, 0x0000000623800000| Complete 
| 102|0x0000000623c00000, 0x0000000624000000, 0x0000000624000000|100%| E|CS|TAMS 0x0000000623c00000, 0x0000000623c00000| Complete 
| 103|0x0000000624000000, 0x0000000624400000, 0x0000000624400000|100%| E|CS|TAMS 0x0000000624000000, 0x0000000624000000| Complete 
| 104|0x0000000624400000, 0x0000000624800000, 0x0000000624800000|100%| E|CS|TAMS 0x0000000624400000, 0x0000000624400000| Complete 
| 105|0x0000000624800000, 0x0000000624c00000, 0x0000000624c00000|100%| E|CS|TAMS 0x0000000624800000, 0x0000000624800000| Complete 
| 106|0x0000000624c00000, 0x0000000625000000, 0x0000000625000000|100%| E|CS|TAMS 0x0000000624c00000, 0x0000000624c00000| Complete 
| 107|0x0000000625000000, 0x0000000625400000, 0x0000000625400000|100%| E|CS|TAMS 0x0000000625000000, 0x0000000625000000| Complete 
| 108|0x0000000625400000, 0x0000000625800000, 0x0000000625800000|100%| E|CS|TAMS 0x0000000625400000, 0x0000000625400000| Complete 
| 109|0x0000000625800000, 0x0000000625c00000, 0x0000000625c00000|100%| E|CS|TAMS 0x0000000625800000, 0x0000000625800000| Complete 
| 110|0x0000000625c00000, 0x0000000626000000, 0x0000000626000000|100%| E|CS|TAMS 0x0000000625c00000, 0x0000000625c00000| Complete 
| 111|0x0000000626000000, 0x0000000626400000, 0x0000000626400000|100%| E|CS|TAMS 0x0000000626000000, 0x0000000626000000| Complete 
| 112|0x0000000626400000, 0x0000000626800000, 0x0000000626800000|100%| E|CS|TAMS 0x0000000626400000, 0x0000000626400000| Complete 
| 113|0x0000000626800000, 0x0000000626c00000, 0x0000000626c00000|100%| E|CS|TAMS 0x0000000626800000, 0x0000000626800000| Complete 
| 114|0x0000000626c00000, 0x0000000627000000, 0x0000000627000000|100%| E|CS|TAMS 0x0000000626c00000, 0x0000000626c00000| Complete 
| 115|0x0000000627000000, 0x0000000627400000, 0x0000000627400000|100%| E|CS|TAMS 0x0000000627000000, 0x0000000627000000| Complete 
| 116|0x0000000627400000, 0x0000000627800000, 0x0000000627800000|100%| E|CS|TAMS 0x0000000627400000, 0x0000000627400000| Complete 
| 117|0x0000000627800000, 0x0000000627c00000, 0x0000000627c00000|100%| E|CS|TAMS 0x0000000627800000, 0x0000000627800000| Complete 
| 118|0x0000000627c00000, 0x0000000628000000, 0x0000000628000000|100%| E|CS|TAMS 0x0000000627c00000, 0x0000000627c00000| Complete 
| 119|0x0000000628000000, 0x0000000628400000, 0x0000000628400000|100%| E|CS|TAMS 0x0000000628000000, 0x0000000628000000| Complete 
| 120|0x0000000628400000, 0x0000000628800000, 0x0000000628800000|100%| E|CS|TAMS 0x0000000628400000, 0x0000000628400000| Complete 
| 121|0x0000000628800000, 0x0000000628c00000, 0x0000000628c00000|100%| E|CS|TAMS 0x0000000628800000, 0x0000000628800000| Complete 
| 122|0x0000000628c00000, 0x0000000629000000, 0x0000000629000000|100%| E|CS|TAMS 0x0000000628c00000, 0x0000000628c00000| Complete 
| 123|0x0000000629000000, 0x0000000629400000, 0x0000000629400000|100%| E|CS|TAMS 0x0000000629000000, 0x0000000629000000| Complete 
| 124|0x0000000629400000, 0x0000000629800000, 0x0000000629800000|100%| E|CS|TAMS 0x0000000629400000, 0x0000000629400000| Complete 
| 125|0x0000000629800000, 0x0000000629c00000, 0x0000000629c00000|100%| E|CS|TAMS 0x0000000629800000, 0x0000000629800000| Complete 
|2005|0x00000007ff800000, 0x00000007ffb53000, 0x00000007ffc00000| 83%|OA|  |TAMS 0x00000007ff800000, 0x00000007ff800000| Untracked 
|2006|0x00000007ffc00000, 0x00000007ffc7e000, 0x0000000800000000| 12%|CA|  |TAMS 0x00000007ffc00000, 0x00000007ffc00000| Untracked 

Card table byte_map: [0x00007f7736b00000,0x00007f7737aae000] _byte_map_base: 0x00007f7733aae000

Marking Bits (Prev, Next): (CMBitMap*) 0x00007f7750060eb0, (CMBitMap*) 0x00007f7750060ef0
 Prev Bits: [0x00007f772dde2000, 0x00007f7735b52000)
 Next Bits: [0x00007f7726072000, 0x00007f772dde2000)

Polling page: 0x00007f7757c2b000

Metaspace:

Usage:
  Non-class:      4.74 MB capacity,     3.94 MB ( 83%) used,   811.16 KB ( 17%) free+waste,     6.69 KB ( <1%) overhead. 
      Class:    535.00 KB capacity,   364.97 KB ( 68%) used,   166.72 KB ( 31%) free+waste,     3.31 KB ( <1%) overhead. 
       Both:      5.26 MB capacity,     4.30 MB ( 82%) used,   977.88 KB ( 18%) free+waste,    10.00 KB ( <1%) overhead. 

Virtual space:
  Non-class space:        8.00 MB reserved,       5.00 MB ( 62%) committed 
      Class space:        1.00 GB reserved,     640.00 KB ( <1%) committed 
             Both:        1.01 GB reserved,       5.62 MB ( <1%) committed 

Chunk freelists:
   Non-Class:  40.00 KB
       Class:  0 bytes
        Both:  40.00 KB

MaxMetaspaceSize: 17179869184.00 GB
CompressedClassSpaceSize: 1.00 GB

CodeHeap 'non-profiled nmethods': size=120028Kb used=1125Kb max_used=1125Kb free=118902Kb
 bounds [0x00007f7740525000, 0x00007f7740795000, 0x00007f7747a5c000]
CodeHeap 'profiled nmethods': size=120028Kb used=3958Kb max_used=3958Kb free=116069Kb
 bounds [0x00007f7738fee000, 0x00007f77393ce000, 0x00007f7740525000]
CodeHeap 'non-nmethods': size=5704Kb used=1310Kb max_used=1383Kb free=4393Kb
 bounds [0x00007f7738a5c000, 0x00007f7738ccc000, 0x00007f7738fee000]
 total_blobs=2479 nmethods=2046 adapters=324
 compilation: enabled
              stopped_count=0, restarted_count=0
 full_count=0

Compilation events (20 events):
Event: 3.500 Thread 0x00007f77501bf350 2041       3       java.text.DecimalFormat::getPositiveSuffixFieldPositions (41 bytes)
Event: 3.500 Thread 0x00007f77501bf350 nmethod 2041 0x00007f77393c9e10 code [0x00007f77393c9fe0, 0x00007f77393ca2a0]
Event: 3.500 Thread 0x00007f77501bf350 2042  s    3       java.lang.StringBuffer::append (13 bytes)
Event: 3.500 Thread 0x00007f77501bf350 nmethod 2042 0x00007f77393ca390 code [0x00007f77393ca560, 0x00007f77393ca7a0]
Event: 3.510 Thread 0x00007f76f41158f0 2043       4       java.text.DontCareFieldPosition$1::formatted (1 bytes)
Event: 3.510 Thread 0x00007f76f41158f0 nmethod 2043 0x00007f774063c890 code [0x00007f774063ca20, 0x00007f774063ca98]
Event: 3.510 Thread 0x00007f76f41158f0 2044       4       java.util.regex.Pattern::compile (500 bytes)
Event: 3.515 Thread 0x00007f77501bda30 2045       4       jdk.internal.misc.Unsafe::checkSize (32 bytes)
Event: 3.515 Thread 0x00007f76f41b4460 2046       4       java.util.Calendar::setTimeInMillis (84 bytes)
Event: 3.516 Thread 0x00007f77501bda30 nmethod 2045 0x00007f774063cb90 code [0x00007f774063cd20, 0x00007f774063cdd8]
Event: 3.516 Thread 0x00007f77501bda30 2047       4       java.lang.ThreadLocal::set (9 bytes)
Event: 3.518 Thread 0x00007f77501bda30 nmethod 2047 0x00007f774063ce90 code [0x00007f774063d040, 0x00007f774063d188]
Event: 3.521 Thread 0x00007f76f41b4460 nmethod 2046 0x00007f774063d310 code [0x00007f774063d4e0, 0x00007f774063d7a8]
Event: 3.521 Thread 0x00007f77501bda30 2048       4       jdk.internal.misc.Unsafe::checkNativeAddress (28 bytes)
Event: 3.521 Thread 0x00007f77501bda30 nmethod 2048 0x00007f774063d990 code [0x00007f774063db20, 0x00007f774063db98]
Event: 3.523 Thread 0x00007f77501bf350 2049       3       java.lang.VirtualThread::afterYield (82 bytes)
Event: 3.526 Thread 0x00007f77501bda30 2050       4       jdk.internal.misc.Unsafe::copyMemory (33 bytes)
Event: 3.526 Thread 0x00007f77501bf350 nmethod 2049 0x00007f77393ca890 code [0x00007f77393cab20, 0x00007f77393cb670]
Event: 3.530 Thread 0x00007f77501bda30 nmethod 2050 0x00007f774063dc90 code [0x00007f774063de40, 0x00007f774063e1f8]
Event: 3.533 Thread 0x00007f77501bf350 2051   !   3       java.lang.Continuation::yield0 (625 bytes)

GC Heap History (6 events):
Event: 2.784 GC heap before
{Heap before GC invocations=0 (full 0):
 garbage-first heap   total 524288K, used 28484K [0x000000060a400000, 0x0000000800000000)
  region size 4096K, 6 young (24576K), 0 survivors (0K)
 Metaspace       used 3580K, capacity 5263K, committed 5504K, reserved 1056768K
  class space    used 363K, capacity 535K, committed 640K, reserved 1048576K
}
Event: 2.786 GC heap after
{Heap after GC invocations=1 (full 0):
 garbage-first heap   total 524288K, used 7927K [0x000000060a400000, 0x0000000800000000)
  region size 4096K, 1 young (4096K), 1 survivors (4096K)
 Metaspace       used 3580K, capacity 5263K, committed 5504K, reserved 1056768K
  class space    used 363K, capacity 535K, committed 640K, reserved 1048576K
}
Event: 2.861 GC heap before
{Heap before GC invocations=1 (full 0):
 garbage-first heap   total 524288K, used 36599K [0x000000060a400000, 0x0000000800000000)
  region size 4096K, 8 young (32768K), 1 survivors (4096K)
 Metaspace       used 3755K, capacity 5327K, committed 5504K, reserved 1056768K
  class space    used 363K, capacity 535K, committed 640K, reserved 1048576K
}
Event: 2.864 GC heap after
{Heap after GC invocations=2 (full 0):
 garbage-first heap   total 524288K, used 19477K [0x000000060a400000, 0x0000000800000000)
  region size 4096K, 1 young (4096K), 1 survivors (4096K)
 Metaspace       used 3755K, capacity 5327K, committed 5504K, reserved 1056768K
  class space    used 363K, capacity 535K, committed 640K, reserved 1048576K
}
Event: 3.238 GC heap before
{Heap before GC invocations=2 (full 0):
 garbage-first heap   total 524288K, used 150549K [0x000000060a400000, 0x0000000800000000)
  region size 4096K, 33 young (135168K), 1 survivors (4096K)
 Metaspace       used 4304K, capacity 5391K, committed 5760K, reserved 1056768K
  class space    used 363K, capacity 535K, committed 640K, reserved 1048576K
}
Event: 3.241 GC heap after
{Heap after GC invocations=3 (full 0):
 garbage-first heap   total 524288K, used 28594K [0x000000060a400000, 0x0000000800000000)
  region size 4096K, 4 young (16384K), 4 survivors (16384K)
 Metaspace       used 4304K, capacity 5391K, committed 5760K, reserved 1056768K
  class space    used 363K, capacity 535K, committed 640K, reserved 1048576K
}

Deoptimization events (20 events):
Event: 3.221 Thread 0x00007f76dc0154d0 Uncommon trap: trap_request=0xffffffbe fr.pc=0x00007f77405f805c relative=0x00000000000007dc
Event: 3.221 Thread 0x00007f76dc0154d0 Uncommon trap: reason=profile_predicate action=maybe_recompile pc=0x00007f77405f805c method=java.util.regex.Pattern$CharPropertyGreedy.match(Ljava/util/regex/Matcher;ILjava/lang/CharSequence;)Z @ 15 c2
Event: 3.221 Thread 0x00007f76dc0154d0 DEOPT PACKING pc=0x00007f77405f805c sp=0x00007f77150d9cc0
Event: 3.221 Thread 0x00007f76dc0154d0 DEOPT UNPACKING pc=0x00007f7738ab5b3b sp=0x00007f77150d9c60 mode 2
Event: 3.221 Thread 0x00007f76dc0154d0 Uncommon trap: trap_request=0xffffffbe fr.pc=0x00007f77405f805c relative=0x00000000000007dc
Event: 3.221 Thread 0x00007f76dc0154d0 Uncommon trap: reason=profile_predicate action=maybe_recompile pc=0x00007f77405f805c method=java.util.regex.Pattern$CharPropertyGreedy.match(Ljava/util/regex/Matcher;ILjava/lang/CharSequence;)Z @ 15 c2
Event: 3.221 Thread 0x00007f76dc0154d0 DEOPT PACKING pc=0x00007f77405f805c sp=0x00007f77150d9ba0
Event: 3.221 Thread 0x00007f76dc0154d0 DEOPT UNPACKING pc=0x00007f7738ab5b3b sp=0x00007f77150d9b40 mode 2
Event: 3.221 Thread 0x00007f76dc014110 Uncommon trap: trap_request=0xffffffbe fr.pc=0x00007f77405f805c relative=0x00000000000007dc
Event: 3.221 Thread 0x00007f76dc014110 Uncommon trap: reason=profile_predicate action=maybe_recompile pc=0x00007f77405f805c method=java.util.regex.Pattern$CharPropertyGreedy.match(Ljava/util/regex/Matcher;ILjava/lang/CharSequence;)Z @ 15 c2
Event: 3.221 Thread 0x00007f76dc014110 DEOPT PACKING pc=0x00007f77405f805c sp=0x00007f77151daf90
Event: 3.221 Thread 0x00007f76dc011070 Uncommon trap: trap_request=0xffffffbe fr.pc=0x00007f77405f805c relative=0x00000000000007dc
Event: 3.221 Thread 0x00007f76dc014110 DEOPT UNPACKING pc=0x00007f7738ab5b3b sp=0x00007f77151daf30 mode 2
Event: 3.221 Thread 0x00007f76dc011070 Uncommon trap: reason=profile_predicate action=maybe_recompile pc=0x00007f77405f805c method=java.util.regex.Pattern$CharPropertyGreedy.match(Ljava/util/regex/Matcher;ILjava/lang/CharSequence;)Z @ 15 c2
Event: 3.221 Thread 0x00007f76dc011070 DEOPT PACKING pc=0x00007f77405f805c sp=0x00007f77153dcf90
Event: 3.221 Thread 0x00007f76dc011070 DEOPT UNPACKING pc=0x00007f7738ab5b3b sp=0x00007f77153dcf30 mode 2
Event: 3.269 Thread 0x00007f76dc00e8f0 DEOPT PACKING pc=0x00007f77392220e3 sp=0x00007f77155deba0
Event: 3.269 Thread 0x00007f76dc014110 DEOPT PACKING pc=0x00007f77392220e3 sp=0x00007f77151daba0
Event: 3.269 Thread 0x00007f76dc00e8f0 DEOPT UNPACKING pc=0x00007f7738ab5921 sp=0x00007f77155de088 mode 0
Event: 3.269 Thread 0x00007f76dc014110 DEOPT UNPACKING pc=0x00007f7738ab5921 sp=0x00007f77151da088 mode 0

Classes unloaded (0 events):
No events

Classes redefined (0 events):
No events

Internal exceptions (20 events):
Event: 0.047 Thread 0x00007f7750029950 Implicit null exception at 0x00007f774052f06c to 0x00007f774052f1dc
Event: 0.055 Thread 0x00007f77502b1f50 Exception <a 'java/lang/NoSuchMethodError'{0x00000006299f1650}: 'java.lang.Object java.lang.invoke.DirectMethodHandle$Holder.invokeStatic(java.lang.Object)'> (0x00000006299f1650) 
thrown [./src/hotspot/share/interpreter/linkResolver.cpp, line 792]
Event: 0.056 Thread 0x00007f77502b1f50 Exception <a 'java/lang/NoSuchMethodError'{0x00000006299f4ed0}: 'java.lang.Object java.lang.invoke.DirectMethodHandle$Holder.invokeStaticInit(java.lang.Object)'> (0x00000006299f4ed0) 
thrown [./src/hotspot/share/interpreter/linkResolver.cpp, line 792]
Event: 0.060 Thread 0x00007f77502b1f50 Exception <a 'java/lang/NoSuchMethodError'{0x0000000629a02d78}: 'void java.lang.invoke.DirectMethodHandle$Holder.invokeStatic(java.lang.Object, java.lang.Object)'> (0x0000000629a02d78) 
thrown [./src/hotspot/share/interpreter/linkResolver.cpp, line 792]
Event: 0.061 Thread 0x00007f7750029950 Exception <a 'java/lang/NoSuchMethodError'{0x00000006299e7a68}: 'void java.lang.invoke.DirectMethodHandle$Holder.invokeSpecial(java.lang.Object, java.lang.Object, java.lang.Object)'> (0x00000006299e7a68) 
thrown [./src/hotspot/share/interpreter/linkResolver.cpp, line 792]
Event: 0.084 Thread 0x00007f7750029950 Exception <a 'java/lang/ClassNotFoundException'{0x0000000629b75420}: javax/smartcardio/CardPermission> (0x0000000629b75420) 
thrown [./src/hotspot/share/classfile/systemDictionary.cpp, line 292]
Event: 0.085 Thread 0x00007f7750029950 Exception <a 'java/io/FileNotFoundException'{0x0000000629b82790}> (0x0000000629b82790) 
thrown [./src/hotspot/share/prims/jni.cpp, line 578]
Event: 2.667 Thread 0x00007f7750316460 Exception <a 'java/lang/NoSuchMethodError'{0x00000006295f9e58}: 'void java.lang.invoke.DirectMethodHandle$Holder.invokeStatic(java.lang.Object, java.lang.Object, java.lang.Object)'> (0x00000006295f9e58) 
thrown [./src/hotspot/share/interpreter/linkResolver.cpp, line 792]
Event: 2.667 Thread 0x00007f7750316460 Exception <a 'java/lang/NoSuchMethodError'{0x00000006295fd538}: 'void java.lang.invoke.DirectMethodHandle$Holder.invokeStaticInit(java.lang.Object, java.lang.Object, java.lang.Object)'> (0x00000006295fd538) 
thrown [./src/hotspot/share/interpreter/linkResolver.cpp, line 792]
Event: 2.676 Thread 0x00007f76dc00aca0 Exception <a 'java/lang/NoSuchMethodError'{0x0000000629770160}: 'java.lang.Object java.lang.invoke.DirectMethodHandle$Holder.newInvokeSpecial(java.lang.Object, java.lang.Object, java.lang.Object, int, int)'> (0x0000000629770160) 
thrown [./src/hotspot/share/interpreter/linkResolver.cpp, line 792]
Event: 2.682 Thread 0x00007f76dc00aca0 Exception <a 'java/lang/NoSuchMethodError'{0x0000000629793cc8}: 'void java.lang.invoke.DirectMethodHandle$Holder.invokeStaticInit(java.lang.Object, java.lang.Object)'> (0x0000000629793cc8) 
thrown [./src/hotspot/share/interpreter/linkResolver.cpp, line 792]
Event: 2.685 Thread 0x00007f76dc00e8f0 Exception <a 'java/lang/NoSuchMethodError'{0x00000006290a5698}: 'java.lang.Object java.lang.invoke.DirectMethodHandle$Holder.invokeStatic(java.lang.Object, java.lang.Object, int)'> (0x00000006290a5698) 
thrown [./src/hotspot/share/interpreter/linkResolver.cpp, line 792]
Event: 2.686 Thread 0x00007f76dc00e8f0 Exception <a 'java/lang/NoSuchMethodError'{0x00000006290b1720}: 'void java.lang.invoke.DelegatingMethodHandle$Holder.delegate(java.lang.Object, java.lang.Object, int, java.lang.Object)'> (0x00000006290b1720) 
thrown [./src/hotspot/share/interpreter/linkResolver.cpp, line 792]
Event: 2.686 Thread 0x00007f76dc00e8f0 Exception <a 'java/lang/NoSuchMethodError'{0x00000006290b59a0}: 'int java.lang.invoke.DirectMethodHandle$Holder.invokeSpecial(java.lang.Object, java.lang.Object, java.lang.Object)'> (0x00000006290b59a0) 
thrown [./src/hotspot/share/interpreter/linkResolver.cpp, line 792]
Event: 2.687 Thread 0x00007f76dc00e8f0 Exception <a 'java/lang/NoSuchMethodError'{0x00000006290c4438}: 'java.lang.Object java.lang.invoke.Invokers$Holder.invokeExact_MT(java.lang.Object, java.lang.Object, java.lang.Object, java.lang.Object)'> (0x00000006290c4438) 
thrown [./src/hotspot/share/interpreter/linkResolver.cpp, line 792]
Event: 2.687 Thread 0x00007f76dc00d4b0 Exception <a 'java/lang/NoSuchMethodError'{0x000000062901ca80}: 'java.lang.Object java.lang.invoke.Invokers$Holder.invokeExact_MT(java.lang.Object, java.lang.Object, java.lang.Object, java.lang.Object)'> (0x000000062901ca80) 
thrown [./src/hotspot/share/interpreter/linkResolver.cpp, line 792]
Event: 2.687 Thread 0x00007f76dc00c070 Exception <a 'java/lang/NoSuchMethodError'{0x0000000628d1dd20}: 'java.lang.Object java.lang.invoke.Invokers$Holder.invokeExact_MT(java.lang.Object, java.lang.Object, java.lang.Object, java.lang.Object)'> (0x0000000628d1dd20) 
thrown [./src/hotspot/share/interpreter/linkResolver.cpp, line 792]
Event: 2.690 Thread 0x00007f76dc0184f0 Exception <a 'java/lang/NoSuchMethodError'{0x0000000628cab060}: 'long java.lang.invoke.DirectMethodHandle$Holder.invokeVirtual(java.lang.Object, java.lang.Object)'> (0x0000000628cab060) 
thrown [./src/hotspot/share/interpreter/linkResolver.cpp, line 792]
Event: 2.692 Thread 0x00007f76dc0184f0 Exception <a 'java/lang/NoSuchMethodError'{0x0000000628cb57c0}: 'java.lang.Object java.lang.invoke.Invokers$Holder.invokeExact_MT(java.lang.Object, java.lang.Object, java.lang.Object, java.lang.Object, java.lang.Object, java.lang.Object)'> (0x0000000628cb57c0) 
thrown [./src/hotspot/share/interpreter/linkResolver.cpp, line 792]
Event: 2.692 Thread 0x00007f76dc00e8f0 Exception <a 'java/lang/NoSuchMethodError'{0x00000006290e0b30}: 'java.lang.Object java.lang.invoke.Invokers$Holder.invokeExact_MT(java.lang.Object, java.lang.Object, java.lang.Object, java.lang.Object, java.lang.Object, java.lang.Object)'> (0x00000006290e0b30) 
thrown [./src/hotspot/share/interpreter/linkResolver.cpp, line 792]

Events (20 events):
Event: 3.531 Executing coalesced safepoint VM operation: ThreadDump
Event: 3.531 Executing coalesced safepoint VM operation: ThreadDump done
Event: 3.531 Executing coalesced safepoint VM operation: ThreadDump
Event: 3.531 Executing coalesced safepoint VM operation: ThreadDump done
Event: 3.531 Executing coalesced safepoint VM operation: ThreadDump
Event: 3.531 Executing coalesced safepoint VM operation: ThreadDump done
Event: 3.531 Executing coalesced safepoint VM operation: ThreadDump
Event: 3.531 Executing coalesced safepoint VM operation: ThreadDump done
Event: 3.531 Executing coalesced safepoint VM operation: ThreadDump
Event: 3.531 Executing coalesced safepoint VM operation: ThreadDump done
Event: 3.531 Executing coalesced safepoint VM operation: ThreadDump
Event: 3.531 Executing coalesced safepoint VM operation: ThreadDump done
Event: 3.531 Executing VM operation: ThreadDump done
Event: 3.531 Executing VM operation: HandshakeAllThreads
Event: 3.532 Executing VM operation: HandshakeAllThreads done
Event: 3.532 Executing VM operation: ThreadDump
Event: 3.532 Executing coalesced safepoint VM operation: ThreadDump
Event: 3.533 Executing coalesced safepoint VM operation: ThreadDump done
Event: 3.533 Executing VM operation: ThreadDump done
Event: 3.533 Executing VM operation: ThreadDump


Dynamic libraries:
60a400000-629c00000 rw-p 00000000 00:00 0 
629c00000-7ff800000 ---p 00000000 00:00 0 
7ff800000-7ffb00000 rw-p 00000000 00:00 0 
7ffb00000-7ffb53000 rw-p 00c46000 08:02 53742112                         /home/rm/var/tmp/jdk-loom/lib/server/classes.jsa
7ffb53000-7ffc00000 rw-p 00000000 00:00 0 
7ffc00000-7ffc7e000 rw-p 00bc8000 08:02 53742112                         /home/rm/var/tmp/jdk-loom/lib/server/classes.jsa
7ffc7e000-800000000 rw-p 00000000 00:00 0 
800000000-800003000 rwxp 00001000 08:02 53742112                         /home/rm/var/tmp/jdk-loom/lib/server/classes.jsa
800003000-800422000 rw-p 00004000 08:02 53742112                         /home/rm/var/tmp/jdk-loom/lib/server/classes.jsa
800422000-800b92000 r--p 00423000 08:02 53742112                         /home/rm/var/tmp/jdk-loom/lib/server/classes.jsa
800b92000-800b94000 ---p 00000000 00:00 0 
800b94000-800c34000 rw-p 00000000 00:00 0 
800c34000-840b94000 ---p 00000000 00:00 0 
563981b6e000-563981b6f000 r-xp 00000000 08:02 53085981                   /home/rm/var/tmp/jdk-loom/bin/java
563981d6f000-563981d70000 r--p 00001000 08:02 53085981                   /home/rm/var/tmp/jdk-loom/bin/java
563981d70000-563981d71000 rw-p 00002000 08:02 53085981                   /home/rm/var/tmp/jdk-loom/bin/java
563982ad2000-563982af3000 rw-p 00000000 00:00 0                          [heap]
7f7677d6d000-7f7678000000 rw-p 00000000 00:00 0 
7f7678000000-7f7678021000 rw-p 00000000 00:00 0 
7f7678021000-7f767c000000 ---p 00000000 00:00 0 
7f767c000000-7f767c021000 rw-p 00000000 00:00 0 
7f767c021000-7f7680000000 ---p 00000000 00:00 0 
7f7680000000-7f7680021000 rw-p 00000000 00:00 0 
7f7680021000-7f7684000000 ---p 00000000 00:00 0 
7f7684000000-7f7684021000 rw-p 00000000 00:00 0 
7f7684021000-7f7688000000 ---p 00000000 00:00 0 
7f7688000000-7f7688021000 rw-p 00000000 00:00 0 
7f7688021000-7f768c000000 ---p 00000000 00:00 0 
7f768c000000-7f768c021000 rw-p 00000000 00:00 0 
7f768c021000-7f7690000000 ---p 00000000 00:00 0 
7f7690000000-7f7690154000 rw-p 00000000 00:00 0 
7f7690154000-7f7694000000 ---p 00000000 00:00 0 
7f7694000000-7f7694021000 rw-p 00000000 00:00 0 
7f7694021000-7f7698000000 ---p 00000000 00:00 0 
7f7698000000-7f7698bf7000 rw-p 00000000 00:00 0 
7f7698bf7000-7f769c000000 ---p 00000000 00:00 0 
7f769c000000-7f769c021000 rw-p 00000000 00:00 0 
7f769c021000-7f76a0000000 ---p 00000000 00:00 0 
7f76a0000000-7f76a1282000 rw-p 00000000 00:00 0 
7f76a1282000-7f76a4000000 ---p 00000000 00:00 0 
7f76a4000000-7f76a47bf000 rw-p 00000000 00:00 0 
7f76a47bf000-7f76a8000000 ---p 00000000 00:00 0 
7f76a8000000-7f76a90ac000 rw-p 00000000 00:00 0 
7f76a90ac000-7f76ac000000 ---p 00000000 00:00 0 
7f76ac000000-7f76ad387000 rw-p 00000000 00:00 0 
7f76ad387000-7f76b0000000 ---p 00000000 00:00 0 
7f76b0000000-7f76b12bd000 rw-p 00000000 00:00 0 
7f76b12bd000-7f76b4000000 ---p 00000000 00:00 0 
7f76b4000000-7f76b5139000 rw-p 00000000 00:00 0 
7f76b5139000-7f76b8000000 ---p 00000000 00:00 0 
7f76b8000000-7f76b9280000 rw-p 00000000 00:00 0 
7f76b9280000-7f76bc000000 ---p 00000000 00:00 0 
7f76bc000000-7f76bd1b1000 rw-p 00000000 00:00 0 
7f76bd1b1000-7f76c0000000 ---p 00000000 00:00 0 
7f76c0000000-7f76c12a1000 rw-p 00000000 00:00 0 
7f76c12a1000-7f76c4000000 ---p 00000000 00:00 0 
7f76c4000000-7f76c50f2000 rw-p 00000000 00:00 0 
7f76c50f2000-7f76c8000000 ---p 00000000 00:00 0 
7f76c8000000-7f76c91ba000 rw-p 00000000 00:00 0 
7f76c91ba000-7f76cc000000 ---p 00000000 00:00 0 
7f76cc000000-7f76cd2bc000 rw-p 00000000 00:00 0 
7f76cd2bc000-7f76d0000000 ---p 00000000 00:00 0 
7f76d0000000-7f76d0025000 rw-p 00000000 00:00 0 
7f76d0025000-7f76d4000000 ---p 00000000 00:00 0 
7f76d4000000-7f76d50f4000 rw-p 00000000 00:00 0 
7f76d50f4000-7f76d8000000 ---p 00000000 00:00 0 
7f76d8000000-7f76d8021000 rw-p 00000000 00:00 0 
7f76d8021000-7f76dc000000 ---p 00000000 00:00 0 
7f76dc000000-7f76dc021000 rw-p 00000000 00:00 0 
7f76dc021000-7f76e0000000 ---p 00000000 00:00 0 
7f76e0000000-7f76e0021000 rw-p 00000000 00:00 0 
7f76e0021000-7f76e4000000 ---p 00000000 00:00 0 
7f76e4000000-7f76e4021000 rw-p 00000000 00:00 0 
7f76e4021000-7f76e8000000 ---p 00000000 00:00 0 
7f76e8000000-7f76e8021000 rw-p 00000000 00:00 0 
7f76e8021000-7f76ec000000 ---p 00000000 00:00 0 
7f76ec000000-7f76ec021000 rw-p 00000000 00:00 0 
7f76ec021000-7f76f0000000 ---p 00000000 00:00 0 
7f76f0000000-7f76f09c6000 rw-p 00000000 00:00 0 
7f76f09c6000-7f76f4000000 ---p 00000000 00:00 0 
7f76f4000000-7f76f4262000 rw-p 00000000 00:00 0 
7f76f4262000-7f76f8000000 ---p 00000000 00:00 0 
7f76f8000000-7f76f8021000 rw-p 00000000 00:00 0 
7f76f8021000-7f76fc000000 ---p 00000000 00:00 0 
7f76fc000000-7f76fc021000 rw-p 00000000 00:00 0 
7f76fc021000-7f7700000000 ---p 00000000 00:00 0 
7f7700000000-7f7700021000 rw-p 00000000 00:00 0 
7f7700021000-7f7704000000 ---p 00000000 00:00 0 
7f7704000000-7f7704021000 rw-p 00000000 00:00 0 
7f7704021000-7f7708000000 ---p 00000000 00:00 0 
7f7708000000-7f7708021000 rw-p 00000000 00:00 0 
7f7708021000-7f770c000000 ---p 00000000 00:00 0 
7f770c000000-7f770ce6d000 rw-p 00000000 00:00 0 
7f770ce6d000-7f7710000000 ---p 00000000 00:00 0 
7f7710000000-7f7710021000 rw-p 00000000 00:00 0 
7f7710021000-7f7714000000 ---p 00000000 00:00 0 
7f77141c4000-7f77141c5000 ---p 00000000 00:00 0 
7f77141c5000-7f77142c6000 rw-p 00000000 00:00 0 
7f77142c6000-7f77142c7000 ---p 00000000 00:00 0 
7f77142c7000-7f77143c8000 rw-p 00000000 00:00 0 
7f77143c8000-7f77143c9000 ---p 00000000 00:00 0 
7f77143c9000-7f77144ca000 rw-p 00000000 00:00 0 
7f77144ca000-7f77144cb000 ---p 00000000 00:00 0 
7f77144cb000-7f77145cc000 rw-p 00000000 00:00 0 
7f77145cc000-7f77145cd000 ---p 00000000 00:00 0 
7f77145cd000-7f77146ce000 rw-p 00000000 00:00 0 
7f77146ce000-7f77146cf000 ---p 00000000 00:00 0 
7f77146cf000-7f77147d0000 rw-p 00000000 00:00 0 
7f77147d0000-7f77147d1000 ---p 00000000 00:00 0 
7f77147d1000-7f77148d2000 rw-p 00000000 00:00 0 
7f77148d2000-7f77148d3000 ---p 00000000 00:00 0 
7f77148d3000-7f77149d4000 rw-p 00000000 00:00 0 
7f77149d4000-7f77149d5000 ---p 00000000 00:00 0 
7f77149d5000-7f7714ad6000 rw-p 00000000 00:00 0 
7f7714ad6000-7f7714ada000 ---p 00000000 00:00 0 
7f7714ada000-7f7714bd7000 rw-p 00000000 00:00 0 
7f7714bd7000-7f7714bdb000 ---p 00000000 00:00 0 
7f7714bdb000-7f7714cd8000 rw-p 00000000 00:00 0 
7f7714cd8000-7f7714cdc000 ---p 00000000 00:00 0 
7f7714cdc000-7f7714dd9000 rw-p 00000000 00:00 0 
7f7714dd9000-7f7714ddd000 ---p 00000000 00:00 0 
7f7714ddd000-7f7714eda000 rw-p 00000000 00:00 0 
7f7714eda000-7f7714ede000 ---p 00000000 00:00 0 
7f7714ede000-7f7714fdb000 rw-p 00000000 00:00 0 
7f7714fdb000-7f7714fdf000 ---p 00000000 00:00 0 
7f7714fdf000-7f77150dc000 rw-p 00000000 00:00 0 
7f77150dc000-7f77150e0000 ---p 00000000 00:00 0 
7f77150e0000-7f77151dd000 rw-p 00000000 00:00 0 
7f77151dd000-7f77151e1000 ---p 00000000 00:00 0 
7f77151e1000-7f77152de000 rw-p 00000000 00:00 0 
7f77152de000-7f77152e2000 ---p 00000000 00:00 0 
7f77152e2000-7f77153df000 rw-p 00000000 00:00 0 
7f77153df000-7f77153e3000 ---p 00000000 00:00 0 
7f77153e3000-7f77154e0000 rw-p 00000000 00:00 0 
7f77154e0000-7f77154e4000 ---p 00000000 00:00 0 
7f77154e4000-7f77155e1000 rw-p 00000000 00:00 0 
7f77155e1000-7f77155e5000 ---p 00000000 00:00 0 
7f77155e5000-7f77156e2000 rw-p 00000000 00:00 0 
7f77156e2000-7f77156e6000 ---p 00000000 00:00 0 
7f77156e6000-7f77157e3000 rw-p 00000000 00:00 0 
7f77157e3000-7f77157e7000 ---p 00000000 00:00 0 
7f77157e7000-7f77158e4000 rw-p 00000000 00:00 0 
7f77158e4000-7f77158e8000 ---p 00000000 00:00 0 
7f77158e8000-7f77159e5000 rw-p 00000000 00:00 0 
7f77159e5000-7f77159e9000 ---p 00000000 00:00 0 
7f77159e9000-7f7715ae6000 rw-p 00000000 00:00 0 
7f7715ae6000-7f7715ae8000 r-xp 00000000 08:02 53742138                   /home/rm/var/tmp/jdk-loom/lib/libextnet.so
7f7715ae8000-7f7715ce7000 ---p 00002000 08:02 53742138                   /home/rm/var/tmp/jdk-loom/lib/libextnet.so
7f7715ce7000-7f7715ce8000 r--p 00001000 08:02 53742138                   /home/rm/var/tmp/jdk-loom/lib/libextnet.so
7f7715ce8000-7f7715ce9000 rw-p 00002000 08:02 53742138                   /home/rm/var/tmp/jdk-loom/lib/libextnet.so
7f7715ce9000-7f7715cea000 ---p 00000000 00:00 0 
7f7715cea000-7f7715deb000 rw-p 00000000 00:00 0 
7f7715deb000-7f7715def000 ---p 00000000 00:00 0 
7f7715def000-7f7715eec000 rw-p 00000000 00:00 0 
7f7715eec000-7f7715ef0000 ---p 00000000 00:00 0 
7f7715ef0000-7f7715fed000 rw-p 00000000 00:00 0 
7f7715fed000-7f7715ffa000 r-xp 00000000 08:02 53742092                   /home/rm/var/tmp/jdk-loom/lib/libverify.so
7f7715ffa000-7f77161f9000 ---p 0000d000 08:02 53742092                   /home/rm/var/tmp/jdk-loom/lib/libverify.so
7f77161f9000-7f77161fb000 r--p 0000c000 08:02 53742092                   /home/rm/var/tmp/jdk-loom/lib/libverify.so
7f77161fb000-7f77161fc000 rw-p 0000e000 08:02 53742092                   /home/rm/var/tmp/jdk-loom/lib/libverify.so
7f77161fc000-7f7716210000 r-xp 00000000 08:02 53742149                   /home/rm/var/tmp/jdk-loom/lib/libnet.so
7f7716210000-7f7716410000 ---p 00014000 08:02 53742149                   /home/rm/var/tmp/jdk-loom/lib/libnet.so
7f7716410000-7f7716411000 r--p 00014000 08:02 53742149                   /home/rm/var/tmp/jdk-loom/lib/libnet.so
7f7716411000-7f7716412000 rw-p 00015000 08:02 53742149                   /home/rm/var/tmp/jdk-loom/lib/libnet.so
7f7716412000-7f7716423000 r-xp 00000000 08:02 53742159                   /home/rm/var/tmp/jdk-loom/lib/libnio.so
7f7716423000-7f7716622000 ---p 00011000 08:02 53742159                   /home/rm/var/tmp/jdk-loom/lib/libnio.so
7f7716622000-7f7716623000 r--p 00010000 08:02 53742159                   /home/rm/var/tmp/jdk-loom/lib/libnio.so
7f7716623000-7f7716624000 rw-p 00011000 08:02 53742159                   /home/rm/var/tmp/jdk-loom/lib/libnio.so
7f7716624000-7f771662b000 r-xp 00000000 08:02 53742069                   /home/rm/var/tmp/jdk-loom/lib/libzip.so
7f771662b000-7f771682a000 ---p 00007000 08:02 53742069                   /home/rm/var/tmp/jdk-loom/lib/libzip.so
7f771682a000-7f771682b000 r--p 00006000 08:02 53742069                   /home/rm/var/tmp/jdk-loom/lib/libzip.so
7f771682b000-7f771682c000 rw-p 00007000 08:02 53742069                   /home/rm/var/tmp/jdk-loom/lib/libzip.so
7f771682c000-7f7716830000 ---p 00000000 00:00 0 
7f7716830000-7f771692d000 rw-p 00000000 00:00 0 
7f771692d000-7f7716931000 ---p 00000000 00:00 0 
7f7716931000-7f7716a2e000 rw-p 00000000 00:00 0 
7f7716a2e000-7f7716a32000 ---p 00000000 00:00 0 
7f7716a32000-7f7716b2f000 rw-p 00000000 00:00 0 
7f7716b2f000-7f7716b33000 ---p 00000000 00:00 0 
7f7716b33000-7f7716c30000 rw-p 00000000 00:00 0 
7f7716c30000-7f7716c34000 ---p 00000000 00:00 0 
7f7716c34000-7f7716d31000 rw-p 00000000 00:00 0 
7f7716d31000-7f7716d35000 ---p 00000000 00:00 0 
7f7716d35000-7f7716e32000 rw-p 00000000 00:00 0 
7f7716e32000-7f7717118000 r--p 00000000 08:02 37268289                   /usr/lib/locale/locale-archive
7f7717118000-7f771711c000 ---p 00000000 00:00 0 
7f771711c000-7f7717219000 rw-p 00000000 00:00 0 
7f7717219000-7f771721d000 ---p 00000000 00:00 0 
7f771721d000-7f771731a000 rw-p 00000000 00:00 0 
7f771731a000-7f771731b000 ---p 00000000 00:00 0 
7f771731b000-7f77179f8000 rw-p 00000000 00:00 0 
7f77179f8000-7f7717cf8000 ---p 00000000 00:00 0 
7f7717cfb000-7f7717cfc000 ---p 00000000 00:00 0 
7f7717cfc000-7f7717dfd000 rw-p 00000000 00:00 0 
7f7717dfd000-7f7717dfe000 ---p 00000000 00:00 0 
7f7717dfe000-7f7718000000 rw-p 00000000 00:00 0 
7f7718000000-7f7718021000 rw-p 00000000 00:00 0 
7f7718021000-7f771c000000 ---p 00000000 00:00 0 
7f771c000000-7f771c021000 rw-p 00000000 00:00 0 
7f771c021000-7f7720000000 ---p 00000000 00:00 0 
7f7720000000-7f7720021000 rw-p 00000000 00:00 0 
7f7720021000-7f7724000000 ---p 00000000 00:00 0 
7f7724031000-7f7726852000 rw-p 00000000 00:00 0 
7f7726852000-7f772ddc2000 ---p 00000000 00:00 0 
7f772ddc2000-7f772e5c2000 rw-p 00000000 00:00 0 
7f772e5c2000-7f7735b32000 ---p 00000000 00:00 0 
7f7735b32000-7f7735c4e000 rw-p 00000000 00:00 0 
7f7735c4e000-7f7736afc000 ---p 00000000 00:00 0 
7f7736afc000-7f7736bfc000 rw-p 00000000 00:00 0 
7f7736bfc000-7f7737aaa000 ---p 00000000 00:00 0 
7f7737aaa000-7f7737baa000 rw-p 00000000 00:00 0 
7f7737baa000-7f7738a58000 ---p 00000000 00:00 0 
7f7738a58000-7f7738a5c000 rw-p 00000000 00:00 0 
7f7738a5c000-7f7738ccc000 rwxp 00000000 00:00 0 
7f7738ccc000-7f7738fee000 ---p 00000000 00:00 0 
7f7738fee000-7f77393ce000 rwxp 00000000 00:00 0 
7f77393ce000-7f7740525000 ---p 00000000 00:00 0 
7f7740525000-7f7740795000 rwxp 00000000 00:00 0 
7f7740795000-7f7747a5c000 ---p 00000000 00:00 0 
7f7747a5c000-7f7750000000 r--s 00000000 08:02 53742174                   /home/rm/var/tmp/jdk-loom/lib/modules
7f7750000000-7f7750342000 rw-p 00000000 00:00 0 
7f7750342000-7f7754000000 ---p 00000000 00:00 0 
7f7754026000-7f775492f000 rw-p 00000000 00:00 0 
7f775492f000-7f7754930000 ---p 00000000 00:00 0 
7f7754930000-7f7754a31000 rw-p 00000000 00:00 0 
7f7754a31000-7f7754a32000 ---p 00000000 00:00 0 
7f7754a32000-7f7754b33000 rw-p 00000000 00:00 0 
7f7754b33000-7f7754b34000 ---p 00000000 00:00 0 
7f7754b34000-7f7755705000 rw-p 00000000 00:00 0 
7f7755705000-7f77557eb000 ---p 00000000 00:00 0 
7f77557eb000-7f77557f3000 rw-p 00000000 00:00 0 
7f77557f3000-7f77558d6000 ---p 00000000 00:00 0 
7f77558d6000-7f77558fa000 r-xp 00000000 08:02 53742078                   /home/rm/var/tmp/jdk-loom/lib/libjava.so
7f77558fa000-7f7755af9000 ---p 00024000 08:02 53742078                   /home/rm/var/tmp/jdk-loom/lib/libjava.so
7f7755af9000-7f7755afa000 r--p 00023000 08:02 53742078                   /home/rm/var/tmp/jdk-loom/lib/libjava.so
7f7755afa000-7f7755afb000 rw-p 00024000 08:02 53742078                   /home/rm/var/tmp/jdk-loom/lib/libjava.so
7f7755afb000-7f7755afc000 rw-p 00000000 00:00 0 
7f7755afc000-7f7755b06000 r-xp 00000000 08:02 53742179                   /home/rm/var/tmp/jdk-loom/lib/libinstrument.so
7f7755b06000-7f7755d05000 ---p 0000a000 08:02 53742179                   /home/rm/var/tmp/jdk-loom/lib/libinstrument.so
7f7755d05000-7f7755d06000 r--p 00009000 08:02 53742179                   /home/rm/var/tmp/jdk-loom/lib/libinstrument.so
7f7755d06000-7f7755d07000 rw-p 0000a000 08:02 53742179                   /home/rm/var/tmp/jdk-loom/lib/libinstrument.so
7f7755d07000-7f7755d22000 r-xp 00000000 08:02 53742053                   /home/rm/var/tmp/jdk-loom/lib/libjimage.so
7f7755d22000-7f7755f21000 ---p 0001b000 08:02 53742053                   /home/rm/var/tmp/jdk-loom/lib/libjimage.so
7f7755f21000-7f7755f23000 r--p 0001a000 08:02 53742053                   /home/rm/var/tmp/jdk-loom/lib/libjimage.so
7f7755f23000-7f7755f24000 rw-p 0001c000 08:02 53742053                   /home/rm/var/tmp/jdk-loom/lib/libjimage.so
7f7755f24000-7f7755f27000 r--p 00000000 08:02 37227983                   /usr/lib/librt-2.31.so
7f7755f27000-7f7755f2b000 r-xp 00003000 08:02 37227983                   /usr/lib/librt-2.31.so
7f7755f2b000-7f7755f2c000 r--p 00007000 08:02 37227983                   /usr/lib/librt-2.31.so
7f7755f2c000-7f7755f2d000 ---p 00008000 08:02 37227983                   /usr/lib/librt-2.31.so
7f7755f2d000-7f7755f2e000 r--p 00008000 08:02 37227983                   /usr/lib/librt-2.31.so
7f7755f2e000-7f7755f2f000 rw-p 00009000 08:02 37227983                   /usr/lib/librt-2.31.so
7f7755f2f000-7f7755f33000 ---p 00000000 00:00 0 
7f7755f33000-7f7756030000 rw-p 00000000 00:00 0 
7f7756030000-7f775603f000 r--p 00000000 08:02 37227930                   /usr/lib/libm-2.31.so
7f775603f000-7f77560da000 r-xp 0000f000 08:02 37227930                   /usr/lib/libm-2.31.so
7f77560da000-7f7756173000 r--p 000aa000 08:02 37227930                   /usr/lib/libm-2.31.so
7f7756173000-7f7756174000 r--p 00142000 08:02 37227930                   /usr/lib/libm-2.31.so
7f7756174000-7f7756175000 rw-p 00143000 08:02 37227930                   /usr/lib/libm-2.31.so
7f7756175000-7f7757473000 r-xp 00000000 08:02 53742108                   /home/rm/var/tmp/jdk-loom/lib/server/libjvm.so
7f7757473000-7f7757673000 ---p 012fe000 08:02 53742108                   /home/rm/var/tmp/jdk-loom/lib/server/libjvm.so
7f7757673000-7f7757711000 r--p 012fe000 08:02 53742108                   /home/rm/var/tmp/jdk-loom/lib/server/libjvm.so
7f7757711000-7f775774a000 rw-p 0139c000 08:02 53742108                   /home/rm/var/tmp/jdk-loom/lib/server/libjvm.so
7f775774a000-7f77577d6000 rw-p 00000000 00:00 0 
7f77577d6000-7f77577fb000 r--p 00000000 08:02 37227897                   /usr/lib/libc-2.31.so
7f77577fb000-7f7757948000 r-xp 00025000 08:02 37227897                   /usr/lib/libc-2.31.so
7f7757948000-7f7757992000 r--p 00172000 08:02 37227897                   /usr/lib/libc-2.31.so
7f7757992000-7f7757993000 ---p 001bc000 08:02 37227897                   /usr/lib/libc-2.31.so
7f7757993000-7f7757996000 r--p 001bc000 08:02 37227897                   /usr/lib/libc-2.31.so
7f7757996000-7f7757999000 rw-p 001bf000 08:02 37227897                   /usr/lib/libc-2.31.so
7f7757999000-7f775799d000 rw-p 00000000 00:00 0 
7f775799d000-7f775799e000 r--p 00000000 08:02 37227916                   /usr/lib/libdl-2.31.so
7f775799e000-7f77579a0000 r-xp 00001000 08:02 37227916                   /usr/lib/libdl-2.31.so
7f77579a0000-7f77579a1000 r--p 00003000 08:02 37227916                   /usr/lib/libdl-2.31.so
7f77579a1000-7f77579a2000 r--p 00003000 08:02 37227916                   /usr/lib/libdl-2.31.so
7f77579a2000-7f77579a3000 rw-p 00004000 08:02 37227916                   /usr/lib/libdl-2.31.so
7f77579a3000-7f77579aa000 r--p 00000000 08:02 37227974                   /usr/lib/libpthread-2.31.so
7f77579aa000-7f77579ba000 r-xp 00007000 08:02 37227974                   /usr/lib/libpthread-2.31.so
7f77579ba000-7f77579bf000 r--p 00017000 08:02 37227974                   /usr/lib/libpthread-2.31.so
7f77579bf000-7f77579c0000 r--p 0001b000 08:02 37227974                   /usr/lib/libpthread-2.31.so
7f77579c0000-7f77579c1000 rw-p 0001c000 08:02 37227974                   /usr/lib/libpthread-2.31.so
7f77579c1000-7f77579c5000 rw-p 00000000 00:00 0 
7f77579c5000-7f77579d4000 r-xp 00000000 08:02 53742037                   /home/rm/var/tmp/jdk-loom/lib/libjli.so
7f77579d4000-7f7757bd4000 ---p 0000f000 08:02 53742037                   /home/rm/var/tmp/jdk-loom/lib/libjli.so
7f7757bd4000-7f7757bd5000 r--p 0000f000 08:02 53742037                   /home/rm/var/tmp/jdk-loom/lib/libjli.so
7f7757bd5000-7f7757bd6000 rw-p 00010000 08:02 53742037                   /home/rm/var/tmp/jdk-loom/lib/libjli.so
7f7757bd6000-7f7757bd9000 r--p 00000000 08:02 37237552                   /usr/lib/libz.so.1.2.11
7f7757bd9000-7f7757be7000 r-xp 00003000 08:02 37237552                   /usr/lib/libz.so.1.2.11
7f7757be7000-7f7757bed000 r--p 00011000 08:02 37237552                   /usr/lib/libz.so.1.2.11
7f7757bed000-7f7757bee000 ---p 00017000 08:02 37237552                   /usr/lib/libz.so.1.2.11
7f7757bee000-7f7757bef000 r--p 00017000 08:02 37237552                   /usr/lib/libz.so.1.2.11
7f7757bef000-7f7757bf0000 rw-p 00018000 08:02 37237552                   /usr/lib/libz.so.1.2.11
7f7757bf0000-7f7757bf2000 rw-p 00000000 00:00 0 
7f7757c02000-7f7757c03000 r--p 00000000 08:02 37268235                   /usr/share/locale/en_GB/LC_MESSAGES/libc.mo
7f7757c03000-7f7757c08000 rw-p 00000000 00:00 0 
7f7757c08000-7f7757c0f000 ---p 00000000 00:00 0 
7f7757c0f000-7f7757c17000 rw-s 00000000 00:2f 5313873                    /tmp/hsperfdata_rm/340507
7f7757c17000-7f7757c1a000 r--p 00000000 08:02 37227964                   /usr/lib/libnss_files-2.31.so
7f7757c1a000-7f7757c21000 r-xp 00003000 08:02 37227964                   /usr/lib/libnss_files-2.31.so
7f7757c21000-7f7757c23000 r--p 0000a000 08:02 37227964                   /usr/lib/libnss_files-2.31.so
7f7757c23000-7f7757c24000 r--p 0000b000 08:02 37227964                   /usr/lib/libnss_files-2.31.so
7f7757c24000-7f7757c25000 rw-p 0000c000 08:02 37227964                   /usr/lib/libnss_files-2.31.so
7f7757c25000-7f7757c2b000 rw-p 00000000 00:00 0 
7f7757c2b000-7f7757c2c000 ---p 00000000 00:00 0 
7f7757c2c000-7f7757c2d000 r--p 00000000 00:00 0 
7f7757c2d000-7f7757c2f000 r--p 00000000 08:02 37227873                   /usr/lib/ld-2.31.so
7f7757c2f000-7f7757c4f000 r-xp 00002000 08:02 37227873                   /usr/lib/ld-2.31.so
7f7757c4f000-7f7757c57000 r--p 00022000 08:02 37227873                   /usr/lib/ld-2.31.so
7f7757c57000-7f7757c58000 ---p 00000000 00:00 0 
7f7757c58000-7f7757c59000 r--p 0002a000 08:02 37227873                   /usr/lib/ld-2.31.so
7f7757c59000-7f7757c5a000 rw-p 0002b000 08:02 37227873                   /usr/lib/ld-2.31.so
7f7757c5a000-7f7757c5b000 rw-p 00000000 00:00 0 
7ffdd2c3a000-7ffdd2c5b000 rw-p 00000000 00:00 0                          [stack]
7ffdd2cf5000-7ffdd2cf9000 r--p 00000000 00:00 0                          [vvar]
7ffdd2cf9000-7ffdd2cfb000 r-xp 00000000 00:00 0                          [vdso]
ffffffffff600000-ffffffffff601000 --xp 00000000 00:00 0                  [vsyscall]


VM Arguments:
jvm_args: -javaagent:/usr/share/idea/lib/idea_rt.jar=39219:/usr/share/idea/bin -Dfile.encoding=UTF-8 
java_command: com.io7m.loom_20200607.Main
java_class_path (initial): /home/rm/git/com.github/io7m/loom-20200607/target/classes:/home/rm/.m2/repository/org/nanohttpd/nanohttpd/2.3.1/nanohttpd-2.3.1.jar:/home/rm/.m2/repository/ch/qos/logback/logback-classic/1.3.0-alpha4/logback-classic-1.3.0-alpha4.jar:/home/rm/.m2/repository/ch/qos/logback/logback-core/1.3.0-alpha4/logback-core-1.3.0-alpha4.jar:/home/rm/.m2/repository/org/slf4j/slf4j-api/1.8.0-beta1/slf4j-api-1.8.0-beta1.jar:/home/rm/.m2/repository/com/sun/mail/javax.mail/1.6.0/javax.mail-1.6.0.jar:/home/rm/.m2/repository/javax/activation/activation/1.1/activation-1.1.jar
Launcher Type: SUN_STANDARD

[Global flags]
     intx CICompilerCount                          = 4                                         {product} {ergonomic}
     uint ConcGCThreads                            = 3                                         {product} {ergonomic}
     uint G1ConcRefinementThreads                  = 10                                        {product} {ergonomic}
   size_t G1HeapRegionSize                         = 4194304                                   {product} {ergonomic}
    uintx GCDrainStackTargetSize                   = 64                                        {product} {ergonomic}
   size_t InitialHeapSize                          = 528482304                                 {product} {ergonomic}
   size_t MarkStackSize                            = 4194304                                   {product} {ergonomic}
   size_t MaxHeapSize                              = 8417968128                                {product} {ergonomic}
   size_t MaxNewSize                               = 5049942016                                {product} {ergonomic}
   size_t MinHeapDeltaBytes                        = 4194304                                   {product} {ergonomic}
   size_t MinHeapSize                              = 8388608                                   {product} {ergonomic}
    uintx NonNMethodCodeHeapSize                   = 5839372                                {pd product} {ergonomic}
    uintx NonProfiledCodeHeapSize                  = 122909434                              {pd product} {ergonomic}
    uintx ProfiledCodeHeapSize                     = 122909434                              {pd product} {ergonomic}
    uintx ReservedCodeCacheSize                    = 251658240                              {pd product} {ergonomic}
     bool SegmentedCodeCache                       = true                                      {product} {ergonomic}
   size_t SoftMaxHeapSize                          = 8417968128                             {manageable} {ergonomic}
     bool UseCompressedClassPointers               = true                                 {lp64_product} {ergonomic}
     bool UseCompressedOops                        = true                                 {lp64_product} {ergonomic}
     bool UseG1GC                                  = true                                      {product} {ergonomic}

Logging:
Log output configuration:
 #0: stdout all=warning uptime,level,tags
 #1: stderr all=off uptime,level,tags

Environment Variables:
PATH=/usr/local/sbin:/usr/local/bin:/usr/bin:/usr/bin/site_perl:/usr/bin/vendor_perl:/usr/bin/core_perl:/home/rm/bin:/home/rm/opt/apache-maven-3.6.2/bin:/home/rm/opt/git-flow/bin:/home/rm/git/com.github/fabioz/mu-repo
SHELL=/bin/bash
DISPLAY=:0
LANG=en_GB.UTF-8

Signal Handlers:
SIGSEGV: [libjvm.so+0xfbfef0], sa_mask[0]=11111111011111111101111111111110, sa_flags=SA_RESTART|SA_SIGINFO
SIGBUS: [libjvm.so+0xfbfef0], sa_mask[0]=11111111011111111101111111111110, sa_flags=SA_RESTART|SA_SIGINFO
SIGFPE: [libjvm.so+0xfbfef0], sa_mask[0]=11111111011111111101111111111110, sa_flags=SA_RESTART|SA_SIGINFO
SIGPIPE: [libjvm.so+0xc9e1e0], sa_mask[0]=11111111011111111101111111111110, sa_flags=SA_RESTART|SA_SIGINFO
SIGXFSZ: [libjvm.so+0xc9e1e0], sa_mask[0]=11111111011111111101111111111110, sa_flags=SA_RESTART|SA_SIGINFO
SIGILL: [libjvm.so+0xfbfef0], sa_mask[0]=11111111011111111101111111111110, sa_flags=SA_RESTART|SA_SIGINFO
SIGUSR2: [libjvm.so+0xc9e080], sa_mask[0]=00100000000000000000000000000000, sa_flags=SA_RESTART|SA_SIGINFO
SIGHUP: [libjvm.so+0xc9e7a0], sa_mask[0]=11111111011111111101111111111110, sa_flags=SA_RESTART|SA_SIGINFO
SIGINT: [libjvm.so+0xc9e7a0], sa_mask[0]=11111111011111111101111111111110, sa_flags=SA_RESTART|SA_SIGINFO
SIGTERM: [libjvm.so+0xc9e7a0], sa_mask[0]=11111111011111111101111111111110, sa_flags=SA_RESTART|SA_SIGINFO
SIGQUIT: [libjvm.so+0xc9e7a0], sa_mask[0]=11111111011111111101111111111110, sa_flags=SA_RESTART|SA_SIGINFO


---------------  S Y S T E M  ---------------

OS:NAME="Arch Linux"
PRETTY_NAME="Arch Linux"
ID=arch
BUILD_ID=rolling
ANSI_COLOR="38;2;23;147;209"
HOME_URL="https://www.archlinux.org/"
DOCUMENTATION_URL="https://wiki.archlinux.org/"
SUPPORT_URL="https://bbs.archlinux.org/"
BUG_REPORT_URL="https://bugs.archlinux.org/"
LOGO=archlinux
uname:Linux 5.6.13-arch1-1 #1 SMP PREEMPT Thu, 14 May 2020 06:52:53 +0000 x86_64
OS uptime: 10 days 10:05 hours
libc:glibc 2.31 NPTL 2.31 
rlimit (soft/hard): STACK 8192k/infinity , CORE infinity/infinity , NPROC 128014/128014 , NOFILE 524288/524288 , AS infinity/infinity , CPU infinity/infinity , DATA infinity/infinity , FSIZE infinity/infinity , MEMLOCK infinity/infinity
load average:1.46 1.47 1.19

/proc/meminfo:
MemTotal:       32868408 kB
MemFree:         2647804 kB
MemAvailable:   25419188 kB
Buffers:         1244008 kB
Cached:         21981288 kB
SwapCached:            0 kB
Active:         10908800 kB
Inactive:       17153048 kB
Active(anon):    6002104 kB
Inactive(anon):   444600 kB
Active(file):    4906696 kB
Inactive(file): 16708448 kB
Unevictable:       80424 kB
Mlocked:           80424 kB
SwapTotal:             0 kB
SwapFree:              0 kB
Dirty:              3980 kB
Writeback:             0 kB
AnonPages:       4917384 kB
Mapped:           906524 kB
Shmem:           1612696 kB
KReclaimable:    1620292 kB
Slab:            1865684 kB
SReclaimable:    1620292 kB
SUnreclaim:       245392 kB
KernelStack:       30080 kB
PageTables:        35700 kB
NFS_Unstable:          0 kB
Bounce:                0 kB
WritebackTmp:          0 kB
CommitLimit:    16434204 kB
Committed_AS:   16010168 kB
VmallocTotal:   34359738367 kB
VmallocUsed:       50040 kB
VmallocChunk:          0 kB
Percpu:            27776 kB
HardwareCorrupted:     0 kB
AnonHugePages:         0 kB
ShmemHugePages:        0 kB
ShmemPmdMapped:        0 kB
FileHugePages:         0 kB
FilePmdMapped:         0 kB
HugePages_Total:       0
HugePages_Free:        0
HugePages_Rsvd:        0
HugePages_Surp:        0
Hugepagesize:       2048 kB
Hugetlb:               0 kB
DirectMap4k:     2018300 kB
DirectMap2M:    31455232 kB
DirectMap1G:     1048576 kB

/sys/kernel/mm/transparent_hugepage/enabled:
always [madvise] never
/sys/kernel/mm/transparent_hugepage/defrag (defrag/compaction efforts parameter):
always defer defer+madvise [madvise] never

/proc/sys/kernel/threads-max (system-wide limit on the number of threads):
256028
/proc/sys/vm/max_map_count (maximum number of memory map areas a process may have):
65530
/proc/sys/kernel/pid_max (system-wide limit on number of process identifiers):
4194304

container (cgroup) information:
container_type: cgroupv1
cpu_cpuset_cpus: 0-11
cpu_memory_nodes: 0
active_processor_count: 12
cpu_quota: no quota
cpu_period: 100000
cpu_shares: no shares
memory_limit_in_bytes: unlimited
memory_and_swap_limit_in_bytes: unlimited
memory_soft_limit_in_bytes: unlimited
memory_usage_in_bytes: 26826477568
memory_max_usage_in_bytes: 31452356608

Steal ticks since vm start: 0
Steal ticks percentage since vm start:  0.000

CPU:total 12 (initial active 12) (12 cores per cpu, 2 threads per core) family 23 model 113 stepping 0, cmov, cx8, fxsr, mmx, sse, sse2, sse3, ssse3, sse4.1, sse4.2, popcnt, vzeroupper, avx, avx2, aes, clmul, 3dnowpref, lzcnt, sse4a, ht, tsc, tscinvbit, tscinv, bmi1, bmi2, adx, sha, fma, clflush, clflushopt
CPU Model and flags from /proc/cpuinfo:
model name	: AMD Ryzen 5 3600 6-Core Processor
flags		: fpu vme de pse tsc msr pae mce cx8 apic sep mtrr pge mca cmov pat pse36 clflush mmx fxsr sse sse2 ht syscall nx mmxext fxsr_opt pdpe1gb rdtscp lm constant_tsc rep_good nopl nonstop_tsc cpuid extd_apicid aperfmperf pni pclmulqdq monitor ssse3 fma cx16 sse4_1 sse4_2 movbe popcnt aes xsave avx f16c rdrand lahf_lm cmp_legacy svm extapic cr8_legacy abm sse4a misalignsse 3dnowprefetch osvw ibs skinit wdt tce topoext perfctr_core perfctr_nb bpext perfctr_llc mwaitx cpb cat_l3 cdp_l3 hw_pstate sme ssbd mba sev ibpb stibp vmmcall fsgsbase bmi1 avx2 smep bmi2 cqm rdt_a rdseed adx smap clflushopt clwb sha_ni xsaveopt xsavec xgetbv1 xsaves cqm_llc cqm_occup_llc cqm_mbm_total cqm_mbm_local clzero irperf xsaveerptr rdpru wbnoinvd arat npt lbrv svm_lock nrip_save tsc_scale vmcb_clean flushbyasid decodeassists pausefilter pfthreshold avic v_vmsave_vmload vgif umip rdpid overflow_recov succor smca
Online cpus:
0-11
Offline cpus:
12-31
BIOS frequency limitation:
3600000
Frequency switch latency (ns):
0
Available cpu frequencies:
3600000 2800000 2200000 
Current governor:
schedutil
Core performance/turbo boost:
1

Memory: 4k page, physical 32868408k(2647608k free), swap 0k(0k free)

vm_info: OpenJDK 64-Bit Server VM (15-internal+0-adhoc.jenkins.loom) for linux-amd64 JRE (15-internal+0-adhoc.jenkins.loom), built on Jun  7 2020 12:06:16 by "jenkins" with gcc 7.5.0

END.
